#
# A fatal error has been detected by the Java Runtime Environment:
#
#  EXCEPTION_ACCESS_VIOLATION (0xc0000005) at pc=0x00007ffa17c73059, pid=100308, tid=100600
#
# JRE version: OpenJDK Runtime Environment Corretto-17.0.11.9.1 (17.0.11+9) (build 17.0.11+9-LTS)
# Java VM: OpenJDK 64-Bit Server VM Corretto-17.0.11.9.1 (17.0.11+9-LTS, mixed mode, sharing, tiered, compressed oops, compressed class ptrs, g1 gc, windows-amd64)
# Problematic frame:
# C  [atio6axx.dll+0x2c43059]
#
# No core dump will be written. Minidumps are not enabled by default on client versions of Windows
#
# If you would like to submit a bug report, please visit:
#   https://github.com/corretto/corretto-17/issues/
# The crash happened outside the Java Virtual Machine in native code.
# See problematic frame for where to report the bug.
#

---------------  S U M M A R Y ------------

Command Line: -javaagent:C:\Program Files\JetBrains\IntelliJ IDEA Community Edition 2024.1\lib\idea_rt.jar=59852:C:\Program Files\JetBrains\IntelliJ IDEA Community Edition 2024.1\bin -Dfile.encoding=UTF-8 com.xbuilders.game.Main devmode

Host: Intel(R) Core(TM) i5-3570K CPU @ 3.40GHz, 4 cores, 15G,  Windows 10 , 64 bit Build 19041 (10.0.19041.3636)
Time: Wed Jun 26 18:56:19 2024 Mountain Daylight Time elapsed time: 7.524445 seconds (0d 0h 0m 7s)

---------------  T H R E A D  ---------------

Current thread (0x0000026a97dd3aa0):  JavaThread "Thread-6" [_thread_in_native, id=100600, stack(0x00000081fda00000,0x00000081fdb00000)]

Stack: [0x00000081fda00000,0x00000081fdb00000],  sp=0x00000081fdaff168,  free space=1020k
Native frames: (J=compiled Java code, j=interpreted, Vv=VM code, C=native code)
C  [atio6axx.dll+0x2c43059]

Java frames: (J=compiled Java code, j=interpreted, Vv=VM code)
j  jogamp.opengl.gl4.GL4bcImpl.dispatch_glGenBuffers1(ILjava/lang/Object;IZJ)V+0
j  jogamp.opengl.gl4.GL4bcImpl.glGenBuffers(ILjava/nio/IntBuffer;)V+81
j  com.xbuilders.window.mesh.glTextureMesh.<init>(Lprocessing/opengl/PJOGL;II)V+61
j  com.xbuilders.engine.rendering.blocks.glBlockMesh.<init>()V+79
j  com.xbuilders.engine.world.chunk.SubChunk.<init>(Lcom/xbuilders/engine/world/chunk/Chunk;)V+141
j  com.xbuilders.engine.world.chunk.Chunk.<init>(Lcom/xbuilders/game/PointerHandler;)V+84
j  com.xbuilders.engine.world.World.makeChunk(Lcom/xbuilders/engine/world/chunk/ChunkCoords;)Lcom/xbuilders/engine/world/chunk/Chunk;+28
j  com.xbuilders.engine.world.World$1.run()V+298
v  ~StubRoutines::call_stub

siginfo: EXCEPTION_ACCESS_VIOLATION (0xc0000005), reading address 0x0000000000000e08


Registers:
RAX=0x0000000000000000, RBX=0x0000026a97dd3d58, RCX=0x0000000000000003, RDX=0x0000000710d24dc8
RSP=0x00000081fdaff168, RBP=0x0000000000000000, RSI=0x00000081fdaff2b8, RDI=0x0000000000000000
R8 =0x0000000000000000, R9 =0x00000081fdaff2b8, R10=0x0000026a3218d632, R11=0x0000000000000102
R12=0x00007ffa17a98710, R13=0x0000000000000003, R14=0x0000000710d24dc8, R15=0x0000026a97dd3aa0
RIP=0x00007ffa17c73059, EFLAGS=0x0000000000010206


Register to memory mapping:

RIP=0x00007ffa17c73059 atio6axx.dll
RAX=0x0 is NULL
RBX=0x0000026a97dd3d58 points into unknown readable memory: 0x00007ffa26a69800 | 00 98 a6 26 fa 7f 00 00
RCX=0x0000000000000003 is an unknown value
RDX=
[error occurred during error reporting (printing register info), id 0xc0000005, EXCEPTION_ACCESS_VIOLATION (0xc0000005) at pc=0x00007ffa262252da]

Top of Stack: (sp=0x00000081fdaff168)
0x00000081fdaff168:   0000000064513825 0000026a97dd3d58
0x00000081fdaff178:   00000081fdaff2b8 0000026a46006b18
0x00000081fdaff188:   0000000000000004 0000026a87ede388
0x00000081fdaff198:   0000000000000000 0000000000000001
0x00000081fdaff1a8:   00000081fdaff278 0000000000000000
0x00000081fdaff1b8:   0000026a87ede388 00000081fdaff2c8
0x00000081fdaff1c8:   0000026a3218d661 0000026a4608e310
0x00000081fdaff1d8:   0000000000000000 0000000000000000
0x00000081fdaff1e8:   00000081fdaff1e8 0000026a00000000
0x00000081fdaff1f8:   0000008100000000 00007ffa17a98710
0x00000081fdaff208:   0000000000000000 0000000700f0e910
0x00000081fdaff218:   0000026a460870c8 0000000000000000
0x00000081fdaff228:   00000081fdaff240 00000081fdaff230
0x00000081fdaff238:   0000000000000000 00000081fdaff2c8
0x00000081fdaff248:   0000026a87fc0000 0000000000000000
0x00000081fdaff258:   0000000701382d80 0000026a87ede388
0x00000081fdaff268:   0000000000000000 00000081fdaff298
0x00000081fdaff278:   00000081fdaff318 0000026a32189520
0x00000081fdaff288:   0000000000000000 0000026a3218aff8
0x00000081fdaff298:   00007ffa17a98710 0000000000000000
0x00000081fdaff2a8:   0000000000000000 0000000000000000
0x00000081fdaff2b8:   0000000710d24db8 0000000000000003
0x00000081fdaff2c8:   0000000701201728 00000081fdaff2d0
0x00000081fdaff2d8:   0000026a87ede281 00000081fdaff350
0x00000081fdaff2e8:   0000026a87fc0000 0000000000000000
0x00000081fdaff2f8:   0000000701382d80 0000026a87ede298
0x00000081fdaff308:   00000081fdaff298 00000081fdaff340
0x00000081fdaff318:   00000081fdaff3a0 0000026a321899a6
0x00000081fdaff328:   00007ffa17a98710 0000000000000000
0x00000081fdaff338:   0000000000000000 0000000710d24d80
0x00000081fdaff348:   0000000000000003 0000000701201728
0x00000081fdaff358:   00000081fdaff358 0000026a87cacf75 

Instructions: (pc=0x00007ffa17c73059)
0x00007ffa17c72f59:   ff a0 88 0d 00 00 90 65 48 8b 04 25 48 16 00 00
0x00007ffa17c72f69:   ff a0 90 0d 00 00 90 65 48 8b 04 25 48 16 00 00
0x00007ffa17c72f79:   ff a0 98 0d 00 00 90 65 48 8b 04 25 48 16 00 00
0x00007ffa17c72f89:   ff a0 a0 0d 00 00 90 65 48 8b 04 25 48 16 00 00
0x00007ffa17c72f99:   ff a0 a8 0d 00 00 90 65 48 8b 04 25 48 16 00 00
0x00007ffa17c72fa9:   ff a0 b0 0d 00 00 90 65 48 8b 04 25 48 16 00 00
0x00007ffa17c72fb9:   ff a0 b8 0d 00 00 90 65 48 8b 04 25 48 16 00 00
0x00007ffa17c72fc9:   ff a0 c0 0d 00 00 90 65 48 8b 04 25 48 16 00 00
0x00007ffa17c72fd9:   ff a0 c8 0d 00 00 90 65 48 8b 04 25 48 16 00 00
0x00007ffa17c72fe9:   ff a0 d0 0d 00 00 90 65 48 8b 04 25 48 16 00 00
0x00007ffa17c72ff9:   ff a0 d8 0d 00 00 90 65 48 8b 04 25 48 16 00 00
0x00007ffa17c73009:   ff a0 e0 0d 00 00 90 65 48 8b 04 25 48 16 00 00
0x00007ffa17c73019:   ff a0 e8 0d 00 00 90 65 48 8b 04 25 48 16 00 00
0x00007ffa17c73029:   ff a0 f0 0d 00 00 90 65 48 8b 04 25 48 16 00 00
0x00007ffa17c73039:   ff a0 f8 0d 00 00 90 65 48 8b 04 25 48 16 00 00
0x00007ffa17c73049:   ff a0 00 0e 00 00 90 65 48 8b 04 25 48 16 00 00
0x00007ffa17c73059:   ff a0 08 0e 00 00 90 65 48 8b 04 25 48 16 00 00
0x00007ffa17c73069:   ff a0 10 0e 00 00 90 65 48 8b 04 25 48 16 00 00
0x00007ffa17c73079:   ff a0 18 0e 00 00 90 65 48 8b 04 25 48 16 00 00
0x00007ffa17c73089:   ff a0 20 0e 00 00 90 65 48 8b 04 25 48 16 00 00
0x00007ffa17c73099:   ff a0 28 0e 00 00 90 65 48 8b 04 25 48 16 00 00
0x00007ffa17c730a9:   ff a0 30 0e 00 00 90 65 48 8b 04 25 48 16 00 00
0x00007ffa17c730b9:   ff a0 38 0e 00 00 90 65 48 8b 04 25 48 16 00 00
0x00007ffa17c730c9:   ff a0 40 0e 00 00 90 65 48 8b 04 25 48 16 00 00
0x00007ffa17c730d9:   ff a0 48 0e 00 00 90 65 48 8b 04 25 48 16 00 00
0x00007ffa17c730e9:   ff a0 50 0e 00 00 90 65 48 8b 04 25 48 16 00 00
0x00007ffa17c730f9:   ff a0 58 0e 00 00 90 65 48 8b 04 25 48 16 00 00
0x00007ffa17c73109:   ff a0 60 0e 00 00 90 65 48 8b 04 25 48 16 00 00
0x00007ffa17c73119:   ff a0 68 0e 00 00 90 65 48 8b 04 25 48 16 00 00
0x00007ffa17c73129:   ff a0 70 0e 00 00 90 65 48 8b 04 25 48 16 00 00
0x00007ffa17c73139:   ff a0 78 0e 00 00 90 65 48 8b 04 25 48 16 00 00
0x00007ffa17c73149:   ff a0 80 0e 00 00 90 65 48 8b 04 25 48 16 00 00 


Stack slot to memory mapping:
stack at sp + 0 slots: 0x0000000064513825 jogl_desktop.dll
stack at sp + 1 slots: 0x0000026a97dd3d58 points into unknown readable memory: 0x00007ffa26a69800 | 00 98 a6 26 fa 7f 00 00
stack at sp + 2 slots: 0x00000081fdaff2b8 is pointing into the stack for thread: 0x0000026a97dd3aa0
stack at sp + 3 slots: 0x0000026a46006b18 is a pointer to class: 
stack at sp + 4 slots: 0x0000000000000004 is an unknown value
stack at sp + 5 slots: {method} {0x0000026a87ede390} 'dispatch_glGenBuffers1' '(ILjava/lang/Object;IZJ)V' in 'jogamp/opengl/gl4/GL4bcImpl'
stack at sp + 6 slots: 0x0 is NULL
stack at sp + 7 slots: 0x0000000000000001 is an unknown value


---------------  P R O C E S S  ---------------

Threads class SMR info:
_java_thread_list=0x0000026a97d1e3c0, length=27, elements={
0x0000026a2313d8d0, 0x0000026a45910e40, 0x0000026a45911bd0, 0x0000026a4591eef0,
0x0000026a45920b30, 0x0000026a45923410, 0x0000026a45923ce0, 0x0000026a45a41110,
0x0000026a45a62a40, 0x0000026a45a63750, 0x0000026a458f9f10, 0x0000026a8b0300f0,
0x0000026a8b0305d0, 0x0000026a45d2ead0, 0x0000026a45d2f430, 0x0000026a8b395cf0,
0x0000026a8b7d5e80, 0x0000026a91392f40, 0x0000026a91393450, 0x0000026a91395cd0,
0x0000026a91394890, 0x0000026a913957c0, 0x0000026a91393e70, 0x0000026a97dd44c0,
0x0000026a97dd4ee0, 0x0000026a9135c6d0, 0x0000026a97dd3aa0
}

Java Threads: ( => current thread )
  0x0000026a2313d8d0 JavaThread "main" [_thread_blocked, id=100328, stack(0x00000081fab00000,0x00000081fac00000)]
  0x0000026a45910e40 JavaThread "Reference Handler" daemon [_thread_blocked, id=66572, stack(0x00000081fb200000,0x00000081fb300000)]
  0x0000026a45911bd0 JavaThread "Finalizer" daemon [_thread_blocked, id=72364, stack(0x00000081fb300000,0x00000081fb400000)]
  0x0000026a4591eef0 JavaThread "Signal Dispatcher" daemon [_thread_blocked, id=24944, stack(0x00000081fb400000,0x00000081fb500000)]
  0x0000026a45920b30 JavaThread "Attach Listener" daemon [_thread_blocked, id=44368, stack(0x00000081fb500000,0x00000081fb600000)]
  0x0000026a45923410 JavaThread "Service Thread" daemon [_thread_blocked, id=30216, stack(0x00000081fb600000,0x00000081fb700000)]
  0x0000026a45923ce0 JavaThread "Monitor Deflation Thread" daemon [_thread_blocked, id=72428, stack(0x00000081fb700000,0x00000081fb800000)]
  0x0000026a45a41110 JavaThread "C2 CompilerThread0" daemon [_thread_blocked, id=44020, stack(0x00000081fb800000,0x00000081fb900000)]
  0x0000026a45a62a40 JavaThread "C1 CompilerThread0" daemon [_thread_blocked, id=23812, stack(0x00000081fb900000,0x00000081fba00000)]
  0x0000026a45a63750 JavaThread "Sweeper thread" daemon [_thread_blocked, id=13188, stack(0x00000081fba00000,0x00000081fbb00000)]
  0x0000026a458f9f10 JavaThread "Common-Cleaner" daemon [_thread_blocked, id=26176, stack(0x00000081fbb00000,0x00000081fbc00000)]
  0x0000026a8b0300f0 JavaThread "Monitor Ctrl-Break" daemon [_thread_in_native, id=29232, stack(0x00000081fbd00000,0x00000081fbe00000)]
  0x0000026a8b0305d0 JavaThread "Notification Thread" daemon [_thread_blocked, id=22420, stack(0x00000081fbe00000,0x00000081fbf00000)]
  0x0000026a45d2ead0 JavaThread "Java2D Disposer" daemon [_thread_blocked, id=72544, stack(0x00000081fc000000,0x00000081fc100000)]
  0x0000026a45d2f430 JavaThread "AWT-Shutdown" [_thread_blocked, id=960, stack(0x00000081fc100000,0x00000081fc200000)]
  0x0000026a8b395cf0 JavaThread "AWT-Windows" daemon [_thread_in_native, id=19304, stack(0x00000081fc200000,0x00000081fc300000)]
  0x0000026a8b7d5e80 JavaThread "AWT-EventQueue-0" [_thread_blocked, id=100376, stack(0x00000081fcd00000,0x00000081fce00000)]
  0x0000026a91392f40 JavaThread "D3D Screen Updater" daemon [_thread_blocked, id=65632, stack(0x00000081fcf00000,0x00000081fd000000)]
  0x0000026a91393450 JavaThread "main-SharedResourceRunner" daemon [_thread_blocked, id=100564, stack(0x00000081fce00000,0x00000081fcf00000)]
  0x0000026a91395cd0 JavaThread "main-Display-.windows_nil-1-EDT-1" daemon [_thread_blocked, id=100576, stack(0x00000081fd200000,0x00000081fd300000)]
  0x0000026a91394890 JavaThread "HighResTimerThread" daemon [_thread_blocked, id=100560, stack(0x00000081fd300000,0x00000081fd400000)]
  0x0000026a913957c0 JavaThread "Thread-2" [_thread_blocked, id=100556, stack(0x00000081fd400000,0x00000081fd500000)]
  0x0000026a91393e70 JavaThread "main-FPSAWTAnimator#00-Timer0" [_thread_in_native, id=100552, stack(0x00000081fd500000,0x00000081fd600000)]
  0x0000026a97dd44c0 JavaThread "Thread-4" [_thread_blocked, id=100544, stack(0x00000081fd600000,0x00000081fd700000)]
  0x0000026a97dd4ee0 JavaThread "Thread-5" [_thread_blocked, id=100548, stack(0x00000081fd700000,0x00000081fd800000)]
  0x0000026a9135c6d0 JavaThread "C2 CompilerThread1" daemon [_thread_blocked, id=100604, stack(0x00000081fd900000,0x00000081fda00000)]
=>0x0000026a97dd3aa0 JavaThread "Thread-6" [_thread_in_native, id=100600, stack(0x00000081fda00000,0x00000081fdb00000)]

Other Threads:
  0x0000026a4590b660 VMThread "VM Thread" [stack: 0x00000081fb100000,0x00000081fb200000] [id=87908]
  0x0000026a45d52470 WatcherThread [stack: 0x00000081fbf00000,0x00000081fc000000] [id=27276]
  0x0000026a231aa0c0 GCTaskThread "GC Thread#0" [stack: 0x00000081fac00000,0x00000081fad00000] [id=100320]
  0x0000026a8b7d0910 GCTaskThread "GC Thread#1" [stack: 0x00000081fbc00000,0x00000081fbd00000] [id=43856]
  0x0000026a8b7d0bd0 GCTaskThread "GC Thread#2" [stack: 0x00000081fcb00000,0x00000081fcc00000] [id=100388]
  0x0000026a8b7d0e90 GCTaskThread "GC Thread#3" [stack: 0x00000081fcc00000,0x00000081fcd00000] [id=100384]
  0x0000026a231bbe40 ConcurrentGCThread "G1 Main Marker" [stack: 0x00000081fad00000,0x00000081fae00000] [id=100296]
  0x0000026a231bc770 ConcurrentGCThread "G1 Conc#0" [stack: 0x00000081fae00000,0x00000081faf00000] [id=12304]
  0x0000026a231edd40 ConcurrentGCThread "G1 Refine#0" [stack: 0x00000081faf00000,0x00000081fb000000] [id=22376]
  0x0000026a231ee680 ConcurrentGCThread "G1 Service" [stack: 0x00000081fb000000,0x00000081fb100000] [id=96116]

Threads with active compile tasks:

VM state: not at safepoint (normal execution)

VM Mutex/Monitor currently owned by a thread: None

Heap address: 0x0000000700e00000, size: 4082 MB, Compressed Oops mode: Zero based, Oop shift amount: 3

CDS archive(s) mapped at: [0x0000026a46000000-0x0000026a46bb0000-0x0000026a46bb0000), size 12255232, SharedBaseAddress: 0x0000026a46000000, ArchiveRelocationMode: 1.
Compressed class space mapped at: 0x0000026a47000000-0x0000026a87000000, reserved size: 1073741824
Narrow klass base: 0x0000026a46000000, Narrow klass shift: 0, Narrow klass range: 0x100000000

GC Precious Log:
 CPUs: 4 total, 4 available
 Memory: 16327M
 Large Page Support: Disabled
 NUMA Support: Disabled
 Compressed Oops: Enabled (Zero based)
 Heap Region Size: 2M
 Heap Min Capacity: 8M
 Heap Initial Capacity: 256M
 Heap Max Capacity: 4082M
 Pre-touch: Disabled
 Parallel Workers: 4
 Concurrent Workers: 1
 Concurrent Refinement Workers: 4
 Periodic GC: Disabled

Heap:
 garbage-first heap   total 161792K, used 73846K [0x0000000700e00000, 0x0000000800000000)
  region size 2048K, 1 young (2048K), 0 survivors (0K)
 Metaspace       used 23770K, committed 24064K, reserved 1114112K
  class space    used 2041K, committed 2176K, reserved 1048576K

Heap Regions: E=young(eden), S=young(survivor), O=old, HS=humongous(starts), HC=humongous(continues), CS=collection set, F=free, OA=open archive, CA=closed archive, TAMS=top-at-mark-start (previous, next)
|   0|0x0000000700e00000, 0x0000000700fe0f30, 0x0000000701000000| 93%| O|  |TAMS 0x0000000700e00000, 0x0000000700e00000| Untracked 
|   1|0x0000000701000000, 0x00000007011f4550, 0x0000000701200000| 97%| O|  |TAMS 0x0000000701000000, 0x0000000701000000| Untracked 
|   2|0x0000000701200000, 0x00000007013d8bf0, 0x0000000701400000| 92%| O|  |TAMS 0x0000000701200000, 0x0000000701200000| Untracked 
|   3|0x0000000701400000, 0x0000000701600000, 0x0000000701600000|100%| O|  |TAMS 0x0000000701600000, 0x0000000701400000| Untracked 
|   4|0x0000000701600000, 0x0000000701800000, 0x0000000701800000|100%|HS|  |TAMS 0x0000000701800000, 0x0000000701600000| Untracked 
|   5|0x0000000701800000, 0x0000000701a00000, 0x0000000701a00000|100%|HC|  |TAMS 0x0000000701a00000, 0x0000000701800000| Untracked 
|   6|0x0000000701a00000, 0x0000000701c00000, 0x0000000701c00000|100%|HS|  |TAMS 0x0000000701c00000, 0x0000000701a00000| Untracked 
|   7|0x0000000701c00000, 0x0000000701e00000, 0x0000000701e00000|100%| O|  |TAMS 0x0000000701e00000, 0x0000000701c00000| Untracked 
|   8|0x0000000701e00000, 0x0000000702000000, 0x0000000702000000|100%| O|  |TAMS 0x0000000702000000, 0x0000000701e00000| Untracked 
|   9|0x0000000702000000, 0x0000000702200000, 0x0000000702200000|100%| O|  |TAMS 0x0000000702200000, 0x0000000702000000| Untracked 
|  10|0x0000000702200000, 0x0000000702400000, 0x0000000702400000|100%|HS|  |TAMS 0x0000000702400000, 0x0000000702200000| Untracked 
|  11|0x0000000702400000, 0x0000000702600000, 0x0000000702600000|100%|HC|  |TAMS 0x0000000702600000, 0x0000000702400000| Untracked 
|  12|0x0000000702600000, 0x0000000702800000, 0x0000000702800000|100%|HC|  |TAMS 0x0000000702800000, 0x0000000702600000| Untracked 
|  13|0x0000000702800000, 0x0000000702a00000, 0x0000000702a00000|100%|HC|  |TAMS 0x0000000702a00000, 0x0000000702800000| Untracked 
|  14|0x0000000702a00000, 0x0000000702c00000, 0x0000000702c00000|100%|HC|  |TAMS 0x0000000702c00000, 0x0000000702a00000| Untracked 
|  15|0x0000000702c00000, 0x0000000702e00000, 0x0000000702e00000|100%| O|  |TAMS 0x0000000702e00000, 0x0000000702c00000| Untracked 
|  16|0x0000000702e00000, 0x0000000703000000, 0x0000000703000000|100%| O|  |TAMS 0x0000000703000000, 0x0000000702e00000| Untracked 
|  17|0x0000000703000000, 0x0000000703200000, 0x0000000703200000|100%| O|  |TAMS 0x0000000703200000, 0x0000000703000000| Untracked 
|  18|0x0000000703200000, 0x0000000703400000, 0x0000000703400000|100%| O|  |TAMS 0x0000000703400000, 0x0000000703200000| Untracked 
|  19|0x0000000703400000, 0x0000000703600000, 0x0000000703600000|100%| O|  |TAMS 0x0000000703600000, 0x0000000703400000| Untracked 
|  20|0x0000000703600000, 0x0000000703800000, 0x0000000703800000|100%| O|  |TAMS 0x0000000703800000, 0x0000000703600000| Untracked 
|  21|0x0000000703800000, 0x0000000703a00000, 0x0000000703a00000|100%| O|  |TAMS 0x0000000703a00000, 0x0000000703800000| Untracked 
|  22|0x0000000703a00000, 0x0000000703c00000, 0x0000000703c00000|100%| O|  |TAMS 0x0000000703c00000, 0x0000000703a00000| Untracked 
|  23|0x0000000703c00000, 0x0000000703e00000, 0x0000000703e00000|100%| O|  |TAMS 0x0000000703e00000, 0x0000000703c00000| Untracked 
|  24|0x0000000703e00000, 0x0000000704000000, 0x0000000704000000|100%| O|  |TAMS 0x0000000704000000, 0x0000000703e00000| Untracked 
|  25|0x0000000704000000, 0x0000000704200000, 0x0000000704200000|100%| O|  |TAMS 0x0000000704200000, 0x0000000704000000| Untracked 
|  26|0x0000000704200000, 0x0000000704400000, 0x0000000704400000|100%| O|  |TAMS 0x0000000704400000, 0x0000000704200000| Untracked 
|  27|0x0000000704400000, 0x0000000704600000, 0x0000000704600000|100%| O|  |TAMS 0x0000000704600000, 0x0000000704400000| Untracked 
|  28|0x0000000704600000, 0x00000007047f3ef0, 0x0000000704800000| 97%| O|  |TAMS 0x0000000704600000, 0x0000000704600000| Untracked 
|  29|0x0000000704800000, 0x0000000704a00000, 0x0000000704a00000|100%|HS|  |TAMS 0x0000000704a00000, 0x0000000704800000| Untracked 
|  30|0x0000000704a00000, 0x0000000704c00000, 0x0000000704c00000|100%|HS|  |TAMS 0x0000000704c00000, 0x0000000704a00000| Untracked 
|  31|0x0000000704c00000, 0x0000000704c7b948, 0x0000000704e00000| 24%| O|  |TAMS 0x0000000704c00000, 0x0000000704c00000| Untracked 
|  32|0x0000000704e00000, 0x0000000704e00000, 0x0000000705000000|  0%| F|  |TAMS 0x0000000704e00000, 0x0000000704e00000| Untracked 
|  33|0x0000000705000000, 0x0000000705200000, 0x0000000705200000|100%| O|  |TAMS 0x0000000705200000, 0x0000000705000000| Untracked 
|  34|0x0000000705200000, 0x0000000705400000, 0x0000000705400000|100%| O|  |TAMS 0x0000000705400000, 0x0000000705200000| Untracked 
|  35|0x0000000705400000, 0x0000000705600000, 0x0000000705600000|100%| O|  |TAMS 0x0000000705600000, 0x0000000705400000| Untracked 
|  36|0x0000000705600000, 0x0000000705800000, 0x0000000705800000|100%| O|  |TAMS 0x0000000705800000, 0x0000000705600000| Untracked 
|  37|0x0000000705800000, 0x0000000705a00000, 0x0000000705a00000|100%| O|  |TAMS 0x0000000705a00000, 0x0000000705800000| Untracked 
|  38|0x0000000705a00000, 0x0000000705a00000, 0x0000000705c00000|  0%| F|  |TAMS 0x0000000705a00000, 0x0000000705a00000| Untracked 
|  39|0x0000000705c00000, 0x0000000705c00000, 0x0000000705e00000|  0%| F|  |TAMS 0x0000000705c00000, 0x0000000705c00000| Untracked 
|  40|0x0000000705e00000, 0x0000000705e00000, 0x0000000706000000|  0%| F|  |TAMS 0x0000000705e00000, 0x0000000705e00000| Untracked 
|  41|0x0000000706000000, 0x0000000706000000, 0x0000000706200000|  0%| F|  |TAMS 0x0000000706000000, 0x0000000706000000| Untracked 
|  42|0x0000000706200000, 0x0000000706200000, 0x0000000706400000|  0%| F|  |TAMS 0x0000000706200000, 0x0000000706200000| Untracked 
|  43|0x0000000706400000, 0x0000000706400000, 0x0000000706600000|  0%| F|  |TAMS 0x0000000706400000, 0x0000000706400000| Untracked 
|  44|0x0000000706600000, 0x0000000706600000, 0x0000000706800000|  0%| F|  |TAMS 0x0000000706600000, 0x0000000706600000| Untracked 
|  45|0x0000000706800000, 0x0000000706800000, 0x0000000706a00000|  0%| F|  |TAMS 0x0000000706800000, 0x0000000706800000| Untracked 
|  46|0x0000000706a00000, 0x0000000706a00000, 0x0000000706c00000|  0%| F|  |TAMS 0x0000000706a00000, 0x0000000706a00000| Untracked 
|  47|0x0000000706c00000, 0x0000000706c00000, 0x0000000706e00000|  0%| F|  |TAMS 0x0000000706c00000, 0x0000000706c00000| Untracked 
|  48|0x0000000706e00000, 0x0000000706e00000, 0x0000000707000000|  0%| F|  |TAMS 0x0000000706e00000, 0x0000000706e00000| Untracked 
|  49|0x0000000707000000, 0x0000000707000000, 0x0000000707200000|  0%| F|  |TAMS 0x0000000707000000, 0x0000000707000000| Untracked 
|  50|0x0000000707200000, 0x0000000707200000, 0x0000000707400000|  0%| F|  |TAMS 0x0000000707200000, 0x0000000707200000| Untracked 
|  51|0x0000000707400000, 0x0000000707400000, 0x0000000707600000|  0%| F|  |TAMS 0x0000000707400000, 0x0000000707400000| Untracked 
|  52|0x0000000707600000, 0x0000000707600000, 0x0000000707800000|  0%| F|  |TAMS 0x0000000707600000, 0x0000000707600000| Untracked 
|  53|0x0000000707800000, 0x0000000707800000, 0x0000000707a00000|  0%| F|  |TAMS 0x0000000707800000, 0x0000000707800000| Untracked 
|  54|0x0000000707a00000, 0x0000000707a00000, 0x0000000707c00000|  0%| F|  |TAMS 0x0000000707a00000, 0x0000000707a00000| Untracked 
|  55|0x0000000707c00000, 0x0000000707c00000, 0x0000000707e00000|  0%| F|  |TAMS 0x0000000707c00000, 0x0000000707c00000| Untracked 
|  56|0x0000000707e00000, 0x0000000707e00000, 0x0000000708000000|  0%| F|  |TAMS 0x0000000707e00000, 0x0000000707e00000| Untracked 
|  57|0x0000000708000000, 0x0000000708000000, 0x0000000708200000|  0%| F|  |TAMS 0x0000000708000000, 0x0000000708000000| Untracked 
|  58|0x0000000708200000, 0x0000000708200000, 0x0000000708400000|  0%| F|  |TAMS 0x0000000708200000, 0x0000000708200000| Untracked 
|  59|0x0000000708400000, 0x0000000708400000, 0x0000000708600000|  0%| F|  |TAMS 0x0000000708400000, 0x0000000708400000| Untracked 
|  60|0x0000000708600000, 0x0000000708600000, 0x0000000708800000|  0%| F|  |TAMS 0x0000000708600000, 0x0000000708600000| Untracked 
|  61|0x0000000708800000, 0x0000000708800000, 0x0000000708a00000|  0%| F|  |TAMS 0x0000000708800000, 0x0000000708800000| Untracked 
|  62|0x0000000708a00000, 0x0000000708a00000, 0x0000000708c00000|  0%| F|  |TAMS 0x0000000708a00000, 0x0000000708a00000| Untracked 
|  63|0x0000000708c00000, 0x0000000708c00000, 0x0000000708e00000|  0%| F|  |TAMS 0x0000000708c00000, 0x0000000708c00000| Untracked 
|  64|0x0000000708e00000, 0x0000000708e00000, 0x0000000709000000|  0%| F|  |TAMS 0x0000000708e00000, 0x0000000708e00000| Untracked 
|  65|0x0000000709000000, 0x0000000709000000, 0x0000000709200000|  0%| F|  |TAMS 0x0000000709000000, 0x0000000709000000| Untracked 
|  66|0x0000000709200000, 0x0000000709200000, 0x0000000709400000|  0%| F|  |TAMS 0x0000000709200000, 0x0000000709200000| Untracked 
|  67|0x0000000709400000, 0x0000000709400000, 0x0000000709600000|  0%| F|  |TAMS 0x0000000709400000, 0x0000000709400000| Untracked 
|  68|0x0000000709600000, 0x0000000709600000, 0x0000000709800000|  0%| F|  |TAMS 0x0000000709600000, 0x0000000709600000| Untracked 
|  69|0x0000000709800000, 0x0000000709800000, 0x0000000709a00000|  0%| F|  |TAMS 0x0000000709800000, 0x0000000709800000| Untracked 
|  70|0x0000000709a00000, 0x0000000709a00000, 0x0000000709c00000|  0%| F|  |TAMS 0x0000000709a00000, 0x0000000709a00000| Untracked 
|  71|0x0000000709c00000, 0x0000000709c00000, 0x0000000709e00000|  0%| F|  |TAMS 0x0000000709c00000, 0x0000000709c00000| Untracked 
|  72|0x0000000709e00000, 0x0000000709e00000, 0x000000070a000000|  0%| F|  |TAMS 0x0000000709e00000, 0x0000000709e00000| Untracked 
|  73|0x000000070a000000, 0x000000070a000000, 0x000000070a200000|  0%| F|  |TAMS 0x000000070a000000, 0x000000070a000000| Untracked 
|  74|0x000000070a200000, 0x000000070a200000, 0x000000070a400000|  0%| F|  |TAMS 0x000000070a200000, 0x000000070a200000| Untracked 
|  75|0x000000070a400000, 0x000000070a400000, 0x000000070a600000|  0%| F|  |TAMS 0x000000070a400000, 0x000000070a400000| Untracked 
|  76|0x000000070a600000, 0x000000070a600000, 0x000000070a800000|  0%| F|  |TAMS 0x000000070a600000, 0x000000070a600000| Untracked 
|  77|0x000000070a800000, 0x000000070a800000, 0x000000070aa00000|  0%| F|  |TAMS 0x000000070a800000, 0x000000070a800000| Untracked 
| 127|0x0000000710c00000, 0x0000000710d4a0d0, 0x0000000710e00000| 64%| E|  |TAMS 0x0000000710c00000, 0x0000000710c00000| Complete 

Card table byte_map: [0x0000026a3a450000,0x0000026a3ac50000] _byte_map_base: 0x0000026a36c49000

Marking Bits (Prev, Next): (CMBitMap*) 0x0000026a231ab640, (CMBitMap*) 0x0000026a231ab600
 Prev Bits: [0x0000026a3f420000, 0x0000026a433e8000)
 Next Bits: [0x0000026a3b450000, 0x0000026a3f418000)

Polling page: 0x0000026a228f0000

Metaspace:

Usage:
  Non-class:     21.22 MB used.
      Class:      1.99 MB used.
       Both:     23.21 MB used.

Virtual space:
  Non-class space:       64.00 MB reserved,      21.38 MB ( 33%) committed,  1 nodes.
      Class space:        1.00 GB reserved,       2.12 MB ( <1%) committed,  1 nodes.
             Both:        1.06 GB reserved,      23.50 MB (  2%) committed. 

Chunk freelists:
   Non-Class:  10.20 MB
       Class:  13.73 MB
        Both:  23.93 MB

MaxMetaspaceSize: unlimited
CompressedClassSpaceSize: 1.00 GB
Initial GC threshold: 21.00 MB
Current GC threshold: 39.00 MB
CDS: on
MetaspaceReclaimPolicy: balanced
 - commit_granule_bytes: 65536.
 - commit_granule_words: 8192.
 - virtual_space_node_default_size: 8388608.
 - enlarge_chunks_in_place: 1.
 - new_chunks_are_fully_committed: 0.
 - uncommit_free_chunks: 1.
 - use_allocation_guard: 0.
 - handle_deallocations: 1.


Internal statistics:

num_allocs_failed_limit: 3.
num_arena_births: 244.
num_arena_deaths: 0.
num_vsnodes_births: 2.
num_vsnodes_deaths: 0.
num_space_committed: 372.
num_space_uncommitted: 0.
num_chunks_returned_to_freelist: 3.
num_chunks_taken_from_freelist: 741.
num_chunk_merges: 3.
num_chunk_splits: 543.
num_chunks_enlarged: 400.
num_inconsistent_stats: 0.

CodeHeap 'non-profiled nmethods': size=120000Kb used=2340Kb max_used=2340Kb free=117659Kb
 bounds [0x0000026a32720000, 0x0000026a32990000, 0x0000026a39c50000]
CodeHeap 'profiled nmethods': size=120000Kb used=7918Kb max_used=7918Kb free=112081Kb
 bounds [0x0000026a2ac50000, 0x0000026a2b410000, 0x0000026a32180000]
CodeHeap 'non-nmethods': size=5760Kb used=2084Kb max_used=2118Kb free=3675Kb
 bounds [0x0000026a32180000, 0x0000026a323f0000, 0x0000026a32720000]
 total_blobs=5561 nmethods=3908 adapters=1565
 compilation: enabled
              stopped_count=0, restarted_count=0
 full_count=0

Compilation events (20 events):
Event: 7.459 Thread 0x0000026a45a62a40 3871       1       processing.opengl.PGL::presentMode (5 bytes)
Event: 7.459 Thread 0x0000026a45a62a40 nmethod 3871 0x0000026a32966990 code [0x0000026a32966b20, 0x0000026a32966bf8]
Event: 7.472 Thread 0x0000026a45a62a40 3872       3       com.xbuilders.window.ui4j.UIExtensionFrame::translate (33 bytes)
Event: 7.472 Thread 0x0000026a45a62a40 nmethod 3872 0x0000026a2b3fe510 code [0x0000026a2b3fe6e0, 0x0000026a2b3fea78]
Event: 7.472 Thread 0x0000026a45a62a40 3873       3       processing.core.UIFrame::translate (26 bytes)
Event: 7.472 Thread 0x0000026a45a62a40 nmethod 3873 0x0000026a2b3fec10 code [0x0000026a2b3fedc0, 0x0000026a2b3ff0d8]
Event: 7.472 Thread 0x0000026a45a62a40 3874       3       java.awt.Component::isDisplayable (13 bytes)
Event: 7.473 Thread 0x0000026a45a62a40 nmethod 3874 0x0000026a2b3ff210 code [0x0000026a2b3ff3a0, 0x0000026a2b3ff518]
Event: 7.473 Thread 0x0000026a45a62a40 3875       3       java.awt.Component::getFont (5 bytes)
Event: 7.473 Thread 0x0000026a45a62a40 nmethod 3875 0x0000026a2b3ff590 code [0x0000026a2b3ff760, 0x0000026a2b3ffaa8]
Event: 7.474 Thread 0x0000026a45a41110 3876 %     4       java.util.Arrays::fill @ 10 (28 bytes)
Event: 7.474 Thread 0x0000026a45a62a40 3877       3       java.lang.Class::isLocalOrAnonymousClass (5 bytes)
Event: 7.474 Thread 0x0000026a45a62a40 nmethod 3877 0x0000026a2b3ffc10 code [0x0000026a2b3ffdc0, 0x0000026a2b3fffb8]
Event: 7.474 Thread 0x0000026a45a62a40 3878       3       java.lang.Class::hasEnclosingMethodInfo (17 bytes)
Event: 7.475 Thread 0x0000026a45a62a40 nmethod 3878 0x0000026a2b400090 code [0x0000026a2b400240, 0x0000026a2b400418]
Event: 7.475 Thread 0x0000026a45a62a40 3880       3       java.util.Collections$EmptyList::iterator (4 bytes)
Event: 7.475 Thread 0x0000026a45a62a40 nmethod 3880 0x0000026a2b400510 code [0x0000026a2b4006a0, 0x0000026a2b400818]
Event: 7.475 Thread 0x0000026a45a62a40 3879       1       com.google.gson.reflect.TypeToken::hashCode (5 bytes)
Event: 7.475 Thread 0x0000026a45a62a40 nmethod 3879 0x0000026a32966c90 code [0x0000026a32966e20, 0x0000026a32966ef8]
Event: 7.478 Thread 0x0000026a45a41110 nmethod 3876% 0x0000026a32966f90 code [0x0000026a32967120, 0x0000026a329672f8]

GC Heap History (20 events):
Event: 4.338 GC heap before
{Heap before GC invocations=7 (full 0):
 garbage-first heap   total 90112K, used 68229K [0x0000000700e00000, 0x0000000800000000)
  region size 2048K, 22 young (45056K), 1 survivors (2048K)
 Metaspace       used 22123K, committed 22336K, reserved 1114112K
  class space    used 1952K, committed 2048K, reserved 1048576K
}
Event: 4.339 GC heap after
{Heap after GC invocations=8 (full 0):
 garbage-first heap   total 90112K, used 30310K [0x0000000700e00000, 0x0000000800000000)
  region size 2048K, 3 young (6144K), 3 survivors (6144K)
 Metaspace       used 22123K, committed 22336K, reserved 1114112K
  class space    used 1952K, committed 2048K, reserved 1048576K
}
Event: 4.538 GC heap before
{Heap before GC invocations=8 (full 0):
 garbage-first heap   total 90112K, used 65126K [0x0000000700e00000, 0x0000000800000000)
  region size 2048K, 21 young (43008K), 3 survivors (6144K)
 Metaspace       used 22174K, committed 22400K, reserved 1114112K
  class space    used 1952K, committed 2048K, reserved 1048576K
}
Event: 4.540 GC heap after
{Heap after GC invocations=9 (full 0):
 garbage-first heap   total 90112K, used 41088K [0x0000000700e00000, 0x0000000800000000)
  region size 2048K, 3 young (6144K), 3 survivors (6144K)
 Metaspace       used 22174K, committed 22400K, reserved 1114112K
  class space    used 1952K, committed 2048K, reserved 1048576K
}
Event: 4.657 GC heap before
{Heap before GC invocations=9 (full 0):
 garbage-first heap   total 90112K, used 63616K [0x0000000700e00000, 0x0000000800000000)
  region size 2048K, 14 young (28672K), 3 survivors (6144K)
 Metaspace       used 22205K, committed 22400K, reserved 1114112K
  class space    used 1952K, committed 2048K, reserved 1048576K
}
Event: 4.659 GC heap after
{Heap after GC invocations=10 (full 0):
 garbage-first heap   total 161792K, used 47424K [0x0000000700e00000, 0x0000000800000000)
  region size 2048K, 2 young (4096K), 2 survivors (4096K)
 Metaspace       used 22205K, committed 22400K, reserved 1114112K
  class space    used 1952K, committed 2048K, reserved 1048576K
}
Event: 4.992 GC heap before
{Heap before GC invocations=10 (full 0):
 garbage-first heap   total 161792K, used 108864K [0x0000000700e00000, 0x0000000800000000)
  region size 2048K, 32 young (65536K), 2 survivors (4096K)
 Metaspace       used 22236K, committed 22464K, reserved 1114112K
  class space    used 1952K, committed 2048K, reserved 1048576K
}
Event: 4.996 GC heap after
{Heap after GC invocations=11 (full 0):
 garbage-first heap   total 161792K, used 65092K [0x0000000700e00000, 0x0000000800000000)
  region size 2048K, 4 young (8192K), 4 survivors (8192K)
 Metaspace       used 22236K, committed 22464K, reserved 1114112K
  class space    used 1952K, committed 2048K, reserved 1048576K
}
Event: 5.472 GC heap before
{Heap before GC invocations=11 (full 0):
 garbage-first heap   total 161792K, used 89668K [0x0000000700e00000, 0x0000000800000000)
  region size 2048K, 13 young (26624K), 4 survivors (8192K)
 Metaspace       used 22844K, committed 23104K, reserved 1114112K
  class space    used 2013K, committed 2112K, reserved 1048576K
}
Event: 5.474 GC heap after
{Heap after GC invocations=12 (full 0):
 garbage-first heap   total 161792K, used 69964K [0x0000000700e00000, 0x0000000800000000)
  region size 2048K, 3 young (6144K), 3 survivors (6144K)
 Metaspace       used 22844K, committed 23104K, reserved 1114112K
  class space    used 2013K, committed 2112K, reserved 1048576K
}
Event: 6.526 GC heap before
{Heap before GC invocations=12 (full 0):
 garbage-first heap   total 161792K, used 102732K [0x0000000700e00000, 0x0000000800000000)
  region size 2048K, 15 young (30720K), 3 survivors (6144K)
 Metaspace       used 23395K, committed 23680K, reserved 1114112K
  class space    used 2026K, committed 2176K, reserved 1048576K
}
Event: 6.528 GC heap after
{Heap after GC invocations=13 (full 0):
 garbage-first heap   total 161792K, used 70959K [0x0000000700e00000, 0x0000000800000000)
  region size 2048K, 1 young (2048K), 1 survivors (2048K)
 Metaspace       used 23395K, committed 23680K, reserved 1114112K
  class space    used 2026K, committed 2176K, reserved 1048576K
}
Event: 6.535 GC heap before
{Heap before GC invocations=13 (full 0):
 garbage-first heap   total 161792K, used 73007K [0x0000000700e00000, 0x0000000800000000)
  region size 2048K, 2 young (4096K), 1 survivors (2048K)
 Metaspace       used 23396K, committed 23680K, reserved 1114112K
  class space    used 2026K, committed 2176K, reserved 1048576K
}
Event: 6.537 GC heap after
{Heap after GC invocations=14 (full 0):
 garbage-first heap   total 161792K, used 73072K [0x0000000700e00000, 0x0000000800000000)
  region size 2048K, 1 young (2048K), 1 survivors (2048K)
 Metaspace       used 23396K, committed 23680K, reserved 1114112K
  class space    used 2026K, committed 2176K, reserved 1048576K
}
Event: 6.616 GC heap before
{Heap before GC invocations=15 (full 0):
 garbage-first heap   total 161792K, used 75120K [0x0000000700e00000, 0x0000000800000000)
  region size 2048K, 2 young (4096K), 1 survivors (2048K)
 Metaspace       used 23474K, committed 23744K, reserved 1114112K
  class space    used 2033K, committed 2176K, reserved 1048576K
}
Event: 6.617 GC heap after
{Heap after GC invocations=16 (full 0):
 garbage-first heap   total 161792K, used 72342K [0x0000000700e00000, 0x0000000800000000)
  region size 2048K, 1 young (2048K), 1 survivors (2048K)
 Metaspace       used 23474K, committed 23744K, reserved 1114112K
  class space    used 2033K, committed 2176K, reserved 1048576K
}
Event: 7.476 GC heap before
{Heap before GC invocations=17 (full 0):
 garbage-first heap   total 161792K, used 92822K [0x0000000700e00000, 0x0000000800000000)
  region size 2048K, 10 young (20480K), 1 survivors (2048K)
 Metaspace       used 23672K, committed 23936K, reserved 1114112K
  class space    used 2034K, committed 2176K, reserved 1048576K
}
Event: 7.477 GC heap after
{Heap after GC invocations=18 (full 0):
 garbage-first heap   total 161792K, used 72375K [0x0000000700e00000, 0x0000000800000000)
  region size 2048K, 1 young (2048K), 1 survivors (2048K)
 Metaspace       used 23672K, committed 23936K, reserved 1114112K
  class space    used 2034K, committed 2176K, reserved 1048576K
}
Event: 7.493 GC heap before
{Heap before GC invocations=18 (full 0):
 garbage-first heap   total 161792K, used 76471K [0x0000000700e00000, 0x0000000800000000)
  region size 2048K, 2 young (4096K), 1 survivors (2048K)
 Metaspace       used 23672K, committed 23936K, reserved 1114112K
  class space    used 2034K, committed 2176K, reserved 1048576K
}
Event: 7.505 GC heap after
{Heap after GC invocations=19 (full 1):
 garbage-first heap   total 161792K, used 73846K [0x0000000700e00000, 0x0000000800000000)
  region size 2048K, 0 young (0K), 0 survivors (0K)
 Metaspace       used 23672K, committed 23936K, reserved 1114112K
  class space    used 2034K, committed 2176K, reserved 1048576K
}

Dll operation events (20 events):
Event: 0.133 Loaded shared library C:\Users\Samuel.Walker-1\.jdks\corretto-17.0.11\bin\net.dll
Event: 0.135 Loaded shared library C:\Users\Samuel.Walker-1\.jdks\corretto-17.0.11\bin\nio.dll
Event: 0.140 Loaded shared library C:\Users\Samuel.Walker-1\.jdks\corretto-17.0.11\bin\zip.dll
Event: 0.221 Loaded shared library C:\Program Files\JetBrains\IntelliJ IDEA Community Edition 2024.1\bin\breakgen64.dll
Event: 0.232 Loaded shared library C:\Users\Samuel.Walker-1\.jdks\corretto-17.0.11\bin\extnet.dll
Event: 0.257 Loaded shared library C:\Users\Samuel.Walker-1\.jdks\corretto-17.0.11\bin\jimage.dll
Event: 0.271 Loaded shared library C:\Users\Samuel.Walker-1\.jdks\corretto-17.0.11\bin\awt.dll
Event: 0.564 Loaded shared library C:\Users\Samuel.Walker-1\.jdks\corretto-17.0.11\bin\freetype.dll
Event: 0.565 Loaded shared library C:\Users\Samuel.Walker-1\.jdks\corretto-17.0.11\bin\fontmanager.dll
Event: 0.758 Loaded shared library C:\Users\Samuel.Walker-1\.jdks\corretto-17.0.11\bin\verify.dll
Event: 0.987 Loaded shared library C:\Users\Samuel.Walker-1\.jdks\corretto-17.0.11\bin\javajpeg.dll
Event: 0.997 Loaded shared library C:\Users\Samuel.Walker-1\.jdks\corretto-17.0.11\bin\lcms.dll
Event: 2.177 Loaded shared library D:\Xbuilders2\natives\windows-amd64\gluegen_rt.dll
Event: 2.183 Loaded shared library C:\Users\Samuel.Walker-1\.jdks\corretto-17.0.11\bin\jawt.dll
Event: 2.190 Loaded shared library D:\Xbuilders2\natives\windows-amd64\nativewindow_awt.dll
Event: 2.209 Loaded shared library D:\Xbuilders2\natives\windows-amd64\nativewindow_win32.dll
Event: 2.323 Loaded shared library D:\Xbuilders2\natives\windows-amd64\jogl_desktop.dll
Event: 2.472 Loaded shared library D:\Xbuilders2\natives\windows-amd64\jogl_mobile.dll
Event: 3.170 Loaded shared library D:\Xbuilders2\natives\windows-amd64\newt_head.dll
Event: 3.556 Loaded shared library C:\Users\Samuel.Walker-1\AppData\Local\Temp\lwjgl_Samuel\3.3.3+5\x64\lwjgl.dll

Deoptimization events (20 events):
Event: 6.577 Thread 0x0000026a91393e70 DEOPT PACKING pc=0x0000026a328d686c sp=0x00000081fd5fe200
Event: 6.577 Thread 0x0000026a91393e70 DEOPT UNPACKING pc=0x0000026a321d69a3 sp=0x00000081fd5fe020 mode 2
Event: 6.617 Thread 0x0000026a91393e70 Uncommon trap: trap_request=0xffffff45 fr.pc=0x0000026a328a9464 relative=0x0000000000000324
Event: 6.617 Thread 0x0000026a91393e70 Uncommon trap: reason=unstable_if action=reinterpret pc=0x0000026a328a9464 method=processing.opengl.Texture.convertToRGBA([IIII)V @ 159 c2
Event: 6.617 Thread 0x0000026a91393e70 DEOPT PACKING pc=0x0000026a328a9464 sp=0x00000081fd5fe730
Event: 6.617 Thread 0x0000026a91393e70 DEOPT UNPACKING pc=0x0000026a321d69a3 sp=0x00000081fd5fe6c0 mode 2
Event: 6.673 Thread 0x0000026a91393e70 DEOPT PACKING pc=0x0000026a2b2ed97f sp=0x00000081fd5fe340
Event: 6.673 Thread 0x0000026a91393e70 DEOPT UNPACKING pc=0x0000026a321d7143 sp=0x00000081fd5fd798 mode 0
Event: 6.855 Thread 0x0000026a91393e70 DEOPT PACKING pc=0x0000026a2b2d9b60 sp=0x00000081fd5fe4a0
Event: 6.855 Thread 0x0000026a91393e70 DEOPT UNPACKING pc=0x0000026a321d7143 sp=0x00000081fd5fd918 mode 0
Event: 6.989 Thread 0x0000026a91393e70 DEOPT PACKING pc=0x0000026a2b2b0177 sp=0x00000081fd5fe2c0
Event: 6.989 Thread 0x0000026a91393e70 DEOPT UNPACKING pc=0x0000026a321d7143 sp=0x00000081fd5fd700 mode 0
Event: 7.256 Thread 0x0000026a91393e70 DEOPT PACKING pc=0x0000026a2b2dab99 sp=0x00000081fd5fe2f0
Event: 7.256 Thread 0x0000026a91393e70 DEOPT UNPACKING pc=0x0000026a321d7143 sp=0x00000081fd5fd768 mode 0
Event: 7.289 Thread 0x0000026a91393e70 DEOPT PACKING pc=0x0000026a2b2dbc31 sp=0x00000081fd5fe4a0
Event: 7.289 Thread 0x0000026a91393e70 DEOPT UNPACKING pc=0x0000026a321d7143 sp=0x00000081fd5fd940 mode 0
Event: 7.290 Thread 0x0000026a91393e70 DEOPT PACKING pc=0x0000026a2b2e2e51 sp=0x00000081fd5fe280
Event: 7.290 Thread 0x0000026a91393e70 DEOPT UNPACKING pc=0x0000026a321d7143 sp=0x00000081fd5fd798 mode 0
Event: 7.409 Thread 0x0000026a8b7d5e80 DEOPT PACKING pc=0x0000026a2b35ff53 sp=0x00000081fcdfdb00
Event: 7.409 Thread 0x0000026a8b7d5e80 DEOPT UNPACKING pc=0x0000026a321d7143 sp=0x00000081fcdfcec8 mode 0

Classes unloaded (0 events):
No events

Classes redefined (0 events):
No events

Internal exceptions (20 events):
Event: 3.409 Thread 0x0000026a91393e70 Exception <a 'java/lang/ClassNotFoundException'{0x000000070b1670d8}: sun/net/www/protocol/d/Handler> (0x000000070b1670d8) 
thrown [s\src\hotspot\share\classfile\systemDictionary.cpp, line 256]
Event: 3.420 Thread 0x0000026a91393e70 Exception <a 'java/lang/ClassNotFoundException'{0x000000070ae035a0}: sun/net/www/protocol/d/Handler> (0x000000070ae035a0) 
thrown [s\src\hotspot\share\classfile\systemDictionary.cpp, line 256]
Event: 3.467 Thread 0x0000026a91393e70 Exception <a 'java/lang/ClassNotFoundException'{0x000000070a9cd3b8}: sun/net/www/protocol/d/Handler> (0x000000070a9cd3b8) 
thrown [s\src\hotspot\share\classfile\systemDictionary.cpp, line 256]
Event: 3.468 Thread 0x0000026a91393e70 Exception <a 'java/lang/ClassNotFoundException'{0x000000070a9d9ee0}: sun/net/www/protocol/d/Handler> (0x000000070a9d9ee0) 
thrown [s\src\hotspot\share\classfile\systemDictionary.cpp, line 256]
Event: 3.473 Thread 0x0000026a91393e70 Exception <a 'java/lang/ClassNotFoundException'{0x000000070a68c498}: sun/net/www/protocol/d/Handler> (0x000000070a68c498) 
thrown [s\src\hotspot\share\classfile\systemDictionary.cpp, line 256]
Event: 3.475 Thread 0x0000026a91393e70 Exception <a 'java/lang/ClassNotFoundException'{0x000000070a6a73c0}: sun/net/www/protocol/d/Handler> (0x000000070a6a73c0) 
thrown [s\src\hotspot\share\classfile\systemDictionary.cpp, line 256]
Event: 3.485 Thread 0x0000026a91393e70 Exception <a 'java/lang/ClassNotFoundException'{0x000000070a4c8710}: sun/net/www/protocol/d/Handler> (0x000000070a4c8710) 
thrown [s\src\hotspot\share\classfile\systemDictionary.cpp, line 256]
Event: 3.486 Thread 0x0000026a91393e70 Exception <a 'java/lang/ClassNotFoundException'{0x000000070a4df4b8}: sun/net/www/protocol/d/Handler> (0x000000070a4df4b8) 
thrown [s\src\hotspot\share\classfile\systemDictionary.cpp, line 256]
Event: 3.507 Thread 0x0000026a91393e70 Exception <a 'java/lang/NoSuchMethodError'{0x000000070a2cb4a0}: 'int java.lang.invoke.DirectMethodHandle$Holder.invokeSpecial(java.lang.Object, java.lang.Object, java.lang.Object)'> (0x000000070a2cb4a0) 
thrown [s\src\hotspot\share\interpreter\linkResolver.cpp, line 759]
Event: 3.539 Thread 0x0000026a91393e70 Exception <a 'java/lang/NoSuchMethodError'{0x000000070a3b24d8}: 'java.lang.Object java.lang.invoke.DirectMethodHandle$Holder.invokeStatic(java.lang.Object, java.lang.Object, int)'> (0x000000070a3b24d8) 
thrown [s\src\hotspot\share\interpreter\linkResolver.cpp, line 759]
Event: 3.540 Thread 0x0000026a91393e70 Exception <a 'java/lang/NoSuchMethodError'{0x000000070a3bd720}: 'void java.lang.invoke.DelegatingMethodHandle$Holder.delegate(java.lang.Object, java.lang.Object, int, java.lang.Object)'> (0x000000070a3bd720) 
thrown [s\src\hotspot\share\interpreter\linkResolver.cpp, line 759]
Event: 3.555 Thread 0x0000026a91393e70 Exception <a 'sun/nio/fs/WindowsException'{0x000000070a002b10}> (0x000000070a002b10) 
thrown [s\src\hotspot\share\prims\jni.cpp, line 516]
Event: 3.555 Thread 0x0000026a91393e70 Exception <a 'sun/nio/fs/WindowsException'{0x000000070a002e90}> (0x000000070a002e90) 
thrown [s\src\hotspot\share\prims\jni.cpp, line 516]
Event: 3.586 Thread 0x0000026a91393e70 Exception <a 'java/lang/NoSuchMethodError'{0x000000070a0c9f90}: 'int java.lang.invoke.DirectMethodHandle$Holder.invokeStaticInit(java.lang.Object, java.lang.Object, int, long)'> (0x000000070a0c9f90) 
thrown [s\src\hotspot\share\interpreter\linkResolver.cpp, line 759]
Event: 3.588 Thread 0x0000026a91393e70 Exception <a 'java/lang/NoSuchMethodError'{0x000000070a0da8e0}: 'int java.lang.invoke.DirectMethodHandle$Holder.invokeStaticInit(java.lang.Object, java.lang.Object, long, long)'> (0x000000070a0da8e0) 
thrown [s\src\hotspot\share\interpreter\linkResolver.cpp, line 759]
Event: 3.589 Thread 0x0000026a91393e70 Exception <a 'java/lang/NoSuchMethodError'{0x000000070a0e4ab8}: 'int java.lang.invoke.DirectMethodHandle$Holder.invokeStaticInit(java.lang.Object, java.lang.Object, java.lang.Object, long)'> (0x000000070a0e4ab8) 
thrown [s\src\hotspot\share\interpreter\linkResolver.cpp, line 759]
Event: 3.600 Thread 0x0000026a91393e70 Exception <a 'sun/nio/fs/WindowsException'{0x000000070a11d1f8}> (0x000000070a11d1f8) 
thrown [s\src\hotspot\share\prims\jni.cpp, line 516]
Event: 3.600 Thread 0x0000026a91393e70 Exception <a 'sun/nio/fs/WindowsException'{0x000000070a11d5b8}> (0x000000070a11d5b8) 
thrown [s\src\hotspot\share\prims\jni.cpp, line 516]
Event: 3.661 Thread 0x0000026a91393e70 Implicit null exception at 0x0000026a3278f106 to 0x0000026a3278f3b0
Event: 6.557 Thread 0x0000026a91393e70 Implicit null exception at 0x0000026a32904282 to 0x0000026a3290449e

VM Operations (20 events):
Event: 6.526 Executing VM operation: G1TryInitiateConcMark
Event: 6.529 Executing VM operation: G1TryInitiateConcMark done
Event: 6.535 Executing VM operation: G1TryInitiateConcMark
Event: 6.537 Executing VM operation: G1TryInitiateConcMark done
Event: 6.549 Executing VM operation: G1PauseRemark
Event: 6.551 Executing VM operation: G1PauseRemark done
Event: 6.556 Executing VM operation: G1PauseCleanup
Event: 6.556 Executing VM operation: G1PauseCleanup done
Event: 6.616 Executing VM operation: G1TryInitiateConcMark
Event: 6.617 Executing VM operation: G1TryInitiateConcMark done
Event: 6.630 Executing VM operation: G1PauseRemark
Event: 6.632 Executing VM operation: G1PauseRemark done
Event: 6.637 Executing VM operation: G1PauseCleanup
Event: 6.637 Executing VM operation: G1PauseCleanup done
Event: 7.476 Executing VM operation: G1TryInitiateConcMark
Event: 7.477 Executing VM operation: G1TryInitiateConcMark done
Event: 7.489 Executing VM operation: G1PauseRemark
Event: 7.491 Executing VM operation: G1PauseRemark done
Event: 7.492 Executing VM operation: G1CollectFull
Event: 7.506 Executing VM operation: G1CollectFull done

Events (20 events):
Event: 5.167 loading class sun/java2d/marlin/Helpers
Event: 5.167 loading class sun/java2d/marlin/Helpers done
Event: 5.167 loading class sun/java2d/marlin/ArrayCacheConst
Event: 5.167 loading class sun/java2d/marlin/ArrayCacheConst done
Event: 5.494 Thread 0x0000026a9135f150 Thread added: 0x0000026a9135f150
Event: 5.714 Thread 0x0000026a9135f150 Thread exited: 0x0000026a9135f150
Event: 5.841 loading class jdk/internal/math/FormattedFloatingDecimal$Form
Event: 5.841 loading class jdk/internal/math/FormattedFloatingDecimal$Form done
Event: 5.841 loading class jdk/internal/math/FormattedFloatingDecimal
Event: 5.841 loading class jdk/internal/math/FormattedFloatingDecimal done
Event: 5.841 loading class jdk/internal/math/FormattedFloatingDecimal$1
Event: 5.841 loading class jdk/internal/math/FormattedFloatingDecimal$1 done
Event: 5.841 loading class jdk/internal/math/FormattedFloatingDecimal$2
Event: 5.841 loading class jdk/internal/math/FormattedFloatingDecimal$2 done
Event: 5.936 Thread 0x0000026a9135c6d0 Thread added: 0x0000026a9135c6d0
Event: 6.525 loading class jdk/internal/reflect/UnsafeDoubleFieldAccessorImpl
Event: 6.525 loading class jdk/internal/reflect/UnsafeDoubleFieldAccessorImpl done
Event: 6.525 loading class jdk/internal/reflect/UnsafeObjectFieldAccessorImpl
Event: 6.525 loading class jdk/internal/reflect/UnsafeObjectFieldAccessorImpl done
Event: 7.506 Thread 0x0000026a97dd3aa0 Thread added: 0x0000026a97dd3aa0


Dynamic libraries:
0x00007ff7a4450000 - 0x00007ff7a445e000 	C:\Users\Samuel.Walker-1\.jdks\corretto-17.0.11\bin\java.exe
0x00007ffa62630000 - 0x00007ffa62828000 	C:\WINDOWS\SYSTEM32\ntdll.dll
0x00007ffa62340000 - 0x00007ffa623fd000 	C:\WINDOWS\System32\KERNEL32.DLL
0x00007ffa5ff40000 - 0x00007ffa60236000 	C:\WINDOWS\System32\KERNELBASE.dll
0x00007ffa60270000 - 0x00007ffa60370000 	C:\WINDOWS\System32\ucrtbase.dll
0x00007ffa5d200000 - 0x00007ffa5d21b000 	C:\Users\Samuel.Walker-1\.jdks\corretto-17.0.11\bin\VCRUNTIME140.dll
0x00007ffa5d1e0000 - 0x00007ffa5d1f7000 	C:\Users\Samuel.Walker-1\.jdks\corretto-17.0.11\bin\jli.dll
0x00007ffa60c70000 - 0x00007ffa60e0f000 	C:\WINDOWS\System32\USER32.dll
0x00007ffa60420000 - 0x00007ffa60442000 	C:\WINDOWS\System32\win32u.dll
0x00007ffa60710000 - 0x00007ffa6073b000 	C:\WINDOWS\System32\GDI32.dll
0x00007ffa56a10000 - 0x00007ffa56caa000 	C:\WINDOWS\WinSxS\amd64_microsoft.windows.common-controls_6595b64144ccf1df_6.0.19041.4355_none_60b8b9eb71f62e16\COMCTL32.dll
0x00007ffa60b50000 - 0x00007ffa60bee000 	C:\WINDOWS\System32\msvcrt.dll
0x00007ffa5fcf0000 - 0x00007ffa5fe07000 	C:\WINDOWS\System32\gdi32full.dll
0x00007ffa5fea0000 - 0x00007ffa5ff3d000 	C:\WINDOWS\System32\msvcp_win.dll
0x00007ffa62140000 - 0x00007ffa6216f000 	C:\WINDOWS\System32\IMM32.DLL
0x00007ffa5d1d0000 - 0x00007ffa5d1dc000 	C:\Users\Samuel.Walker-1\.jdks\corretto-17.0.11\bin\vcruntime140_1.dll
0x00007ffa49680000 - 0x00007ffa4970d000 	C:\Users\Samuel.Walker-1\.jdks\corretto-17.0.11\bin\msvcp140.dll
0x00007ffa25f50000 - 0x00007ffa26bb2000 	C:\Users\Samuel.Walker-1\.jdks\corretto-17.0.11\bin\server\jvm.dll
0x00007ffa61790000 - 0x00007ffa61840000 	C:\WINDOWS\System32\ADVAPI32.dll
0x00007ffa60670000 - 0x00007ffa60710000 	C:\WINDOWS\System32\sechost.dll
0x00007ffa624c0000 - 0x00007ffa625e3000 	C:\WINDOWS\System32\RPCRT4.dll
0x00007ffa60240000 - 0x00007ffa60267000 	C:\WINDOWS\System32\bcrypt.dll
0x00007ffa5f590000 - 0x00007ffa5f5db000 	C:\WINDOWS\SYSTEM32\POWRPROF.dll
0x00007ffa4fc80000 - 0x00007ffa4fc89000 	C:\WINDOWS\SYSTEM32\WSOCK32.dll
0x00007ffa61f20000 - 0x00007ffa61f8b000 	C:\WINDOWS\System32\WS2_32.dll
0x00007ffa5ab00000 - 0x00007ffa5ab0a000 	C:\WINDOWS\SYSTEM32\VERSION.dll
0x00007ffa55fa0000 - 0x00007ffa55fc7000 	C:\WINDOWS\SYSTEM32\WINMM.dll
0x00007ffa5f530000 - 0x00007ffa5f542000 	C:\WINDOWS\SYSTEM32\UMPDC.dll
0x00007ffa5db50000 - 0x00007ffa5db62000 	C:\WINDOWS\SYSTEM32\kernel.appcore.dll
0x00007ffa5cef0000 - 0x00007ffa5cefa000 	C:\Users\Samuel.Walker-1\.jdks\corretto-17.0.11\bin\jimage.dll
0x00007ffa4f510000 - 0x00007ffa4f6f4000 	C:\WINDOWS\SYSTEM32\DBGHELP.DLL
0x00007ffa4f4d0000 - 0x00007ffa4f504000 	C:\WINDOWS\SYSTEM32\dbgcore.DLL
0x00007ffa5fe10000 - 0x00007ffa5fe92000 	C:\WINDOWS\System32\bcryptPrimitives.dll
0x00007ffa5b480000 - 0x00007ffa5b48e000 	C:\Users\Samuel.Walker-1\.jdks\corretto-17.0.11\bin\instrument.dll
0x00007ffa5cec0000 - 0x00007ffa5cee5000 	C:\Users\Samuel.Walker-1\.jdks\corretto-17.0.11\bin\java.dll
0x00007ffa42aa0000 - 0x00007ffa42b77000 	C:\Users\Samuel.Walker-1\.jdks\corretto-17.0.11\bin\jsvml.dll
0x00007ffa61020000 - 0x00007ffa6178c000 	C:\WINDOWS\System32\SHELL32.dll
0x00007ffa5dd50000 - 0x00007ffa5e4ed000 	C:\WINDOWS\SYSTEM32\windows.storage.dll
0x00007ffa60740000 - 0x00007ffa60a93000 	C:\WINDOWS\System32\combase.dll
0x00007ffa5f630000 - 0x00007ffa5f65e000 	C:\WINDOWS\SYSTEM32\Wldp.dll
0x00007ffa619d0000 - 0x00007ffa61a9d000 	C:\WINDOWS\System32\OLEAUT32.dll
0x00007ffa62290000 - 0x00007ffa6233d000 	C:\WINDOWS\System32\SHCORE.dll
0x00007ffa60e20000 - 0x00007ffa60e75000 	C:\WINDOWS\System32\shlwapi.dll
0x00007ffa5fc20000 - 0x00007ffa5fc44000 	C:\WINDOWS\SYSTEM32\profapi.dll
0x00007ffa5b390000 - 0x00007ffa5b3a8000 	C:\Users\Samuel.Walker-1\.jdks\corretto-17.0.11\bin\zip.dll
0x00007ffa5cea0000 - 0x00007ffa5ceb9000 	C:\Users\Samuel.Walker-1\.jdks\corretto-17.0.11\bin\net.dll
0x00007ffa58f40000 - 0x00007ffa5904a000 	C:\WINDOWS\SYSTEM32\WINHTTP.dll
0x00007ffa5f3a0000 - 0x00007ffa5f40a000 	C:\WINDOWS\system32\mswsock.dll
0x00007ffa5b3b0000 - 0x00007ffa5b3c6000 	C:\Users\Samuel.Walker-1\.jdks\corretto-17.0.11\bin\nio.dll
0x00007ffa57520000 - 0x00007ffa5753a000 	C:\Program Files\JetBrains\IntelliJ IDEA Community Edition 2024.1\bin\breakgen64.dll
0x00007ffa5b350000 - 0x00007ffa5b359000 	C:\Users\Samuel.Walker-1\.jdks\corretto-17.0.11\bin\extnet.dll
0x00007ffa236b0000 - 0x00007ffa23840000 	C:\Users\Samuel.Walker-1\.jdks\corretto-17.0.11\bin\awt.dll
0x00007ffa5d0b0000 - 0x00007ffa5d140000 	C:\WINDOWS\SYSTEM32\apphelp.dll
0x00007ffa5d670000 - 0x00007ffa5d70e000 	C:\WINDOWS\system32\uxtheme.dll
0x00007ffa62170000 - 0x00007ffa62284000 	C:\WINDOWS\System32\MSCTF.dll
0x00007ffa618a0000 - 0x00007ffa619cb000 	C:\WINDOWS\System32\ole32.dll
0x00007ffa5d860000 - 0x00007ffa5d88f000 	C:\WINDOWS\system32\DWMAPI.DLL
0x00007ff9e4de0000 - 0x00007ff9e4f05000 	C:\WINDOWS\system32\opengl32.dll
0x00007ff9e6220000 - 0x00007ff9e624c000 	C:\WINDOWS\SYSTEM32\GLU32.dll
0x00007ff9e4c10000 - 0x00007ff9e4dde000 	C:\WINDOWS\system32\d3d9.dll
0x00007ffa55fd0000 - 0x00007ffa561ab000 	C:\WINDOWS\System32\DriverStore\FileRepository\c0360470.inf_amd64_b06c374aee20d185\B360357\aticfx64.dll
0x00007ff9e4bd0000 - 0x00007ff9e4c03000 	C:\WINDOWS\System32\DriverStore\FileRepository\c0360470.inf_amd64_b06c374aee20d185\B360357\atiu9p64.dll
0x00007ff9e3f30000 - 0x00007ff9e4bc6000 	C:\WINDOWS\System32\DriverStore\FileRepository\c0360470.inf_amd64_b06c374aee20d185\B360357\atiumd64.dll
0x0000000066f80000 - 0x0000000067df9000 	C:\WINDOWS\System32\DriverStore\FileRepository\c0360470.inf_amd64_b06c374aee20d185\B360357\atiumd6a.dll
0x00007ffa55e60000 - 0x00007ffa55e8f000 	C:\WINDOWS\SYSTEM32\amdihk64.dll
0x00007ffa5ab30000 - 0x00007ffa5ab6b000 	C:\WINDOWS\SYSTEM32\dxcore.dll
0x00007ffa604c0000 - 0x00007ffa6050e000 	C:\WINDOWS\System32\cfgmgr32.dll
0x00007ffa3baa0000 - 0x00007ffa3bb27000 	C:\Users\Samuel.Walker-1\.jdks\corretto-17.0.11\bin\freetype.dll
0x00007ffa2ce50000 - 0x00007ffa2cf32000 	C:\Users\Samuel.Walker-1\.jdks\corretto-17.0.11\bin\fontmanager.dll
0x00007ffa57440000 - 0x00007ffa57450000 	C:\Users\Samuel.Walker-1\.jdks\corretto-17.0.11\bin\verify.dll
0x00007ffa452d0000 - 0x00007ffa453c9000 	C:\WINDOWS\SYSTEM32\textinputframework.dll
0x00007ffa5c4d0000 - 0x00007ffa5c82b000 	C:\WINDOWS\System32\CoreUIComponents.dll
0x00007ffa5c830000 - 0x00007ffa5c922000 	C:\WINDOWS\System32\CoreMessaging.dll
0x00007ffa5eda0000 - 0x00007ffa5edd3000 	C:\WINDOWS\SYSTEM32\ntmarta.dll
0x00007ffa5b1f0000 - 0x00007ffa5b347000 	C:\WINDOWS\SYSTEM32\wintypes.dll
0x00007ffa57410000 - 0x00007ffa5743d000 	C:\Users\Samuel.Walker-1\.jdks\corretto-17.0.11\bin\javajpeg.dll
0x00007ffa49640000 - 0x00007ffa49680000 	C:\Users\Samuel.Walker-1\.jdks\corretto-17.0.11\bin\lcms.dll
0x00007ffa5f980000 - 0x00007ffa5f998000 	C:\WINDOWS\SYSTEM32\CRYPTSP.dll
0x00007ffa5ec80000 - 0x00007ffa5ecb4000 	C:\WINDOWS\system32\rsaenh.dll
0x00007ffa5fb90000 - 0x00007ffa5fbbe000 	C:\WINDOWS\SYSTEM32\USERENV.dll
0x00007ffa5f550000 - 0x00007ffa5f55c000 	C:\WINDOWS\SYSTEM32\CRYPTBASE.dll
0x00007ffa5f0a0000 - 0x00007ffa5f0db000 	C:\WINDOWS\SYSTEM32\IPHLPAPI.DLL
0x00007ffa60e10000 - 0x00007ffa60e18000 	C:\WINDOWS\System32\NSI.dll
0x00007ffa59f80000 - 0x00007ffa59f97000 	C:\WINDOWS\SYSTEM32\dhcpcsvc6.DLL
0x00007ffa59f60000 - 0x00007ffa59f7d000 	C:\WINDOWS\SYSTEM32\dhcpcsvc.DLL
0x00007ffa5f0e0000 - 0x00007ffa5f1aa000 	C:\WINDOWS\SYSTEM32\DNSAPI.dll
0x000000006e8c0000 - 0x000000006e8cd000 	D:\Xbuilders2\natives\windows-amd64\gluegen_rt.dll
0x00007ffa56fa0000 - 0x00007ffa56fa7000 	C:\Users\Samuel.Walker-1\.jdks\corretto-17.0.11\bin\jawt.dll
0x000000006a440000 - 0x000000006a44d000 	D:\Xbuilders2\natives\windows-amd64\nativewindow_awt.dll
0x000000006c100000 - 0x000000006c110000 	D:\Xbuilders2\natives\windows-amd64\nativewindow_win32.dll
0x0000000064500000 - 0x0000000064585000 	D:\Xbuilders2\natives\windows-amd64\jogl_desktop.dll
0x0000000064340000 - 0x0000000064391000 	D:\Xbuilders2\natives\windows-amd64\jogl_mobile.dll
0x00007ffa60e80000 - 0x00007ffa60f29000 	C:\WINDOWS\System32\clbcatq.dll
0x00007ffa59670000 - 0x00007ffa59773000 	C:\Windows\System32\AppXDeploymentClient.dll
0x00007ffa56e10000 - 0x00007ffa56e3a000 	C:\WINDOWS\System32\DriverStore\FileRepository\c0360470.inf_amd64_b06c374aee20d185\B360357\atig6pxx.dll
0x00007ffa15030000 - 0x00007ffa17d17000 	C:\WINDOWS\System32\DriverStore\FileRepository\c0360470.inf_amd64_b06c374aee20d185\B360357\atio6axx.dll
0x00007ffa46960000 - 0x00007ffa46984000 	C:\WINDOWS\SYSTEM32\dxva2.dll
0x00007ffa61aa0000 - 0x00007ffa61f0e000 	C:\WINDOWS\System32\SETUPAPI.dll
0x00007ffa442c0000 - 0x00007ffa442fc000 	C:\WINDOWS\System32\DriverStore\FileRepository\c0360470.inf_amd64_b06c374aee20d185\B360357\atig6txx.dll
0x00007ffa234f0000 - 0x00007ffa236a9000 	C:\WINDOWS\SYSTEM32\atiadlxx.dll
0x00007ffa5aea0000 - 0x00007ffa5af96000 	C:\WINDOWS\SYSTEM32\PROPSYS.dll
0x00007ffa61f10000 - 0x00007ffa61f18000 	C:\WINDOWS\System32\PSAPI.DLL
0x00007ffa5fa70000 - 0x00007ffa5faa3000 	C:\WINDOWS\SYSTEM32\DEVOBJ.dll
0x00007ffa60450000 - 0x00007ffa604b9000 	C:\WINDOWS\System32\WINTRUST.dll
0x00007ffa60510000 - 0x00007ffa6066e000 	C:\WINDOWS\System32\CRYPT32.dll
0x00007ffa5fa30000 - 0x00007ffa5fa42000 	C:\WINDOWS\SYSTEM32\MSASN1.dll
0x0000000070d80000 - 0x0000000070d93000 	D:\Xbuilders2\natives\windows-amd64\newt_head.dll
0x00007ffa59810000 - 0x00007ffa598be000 	C:\WINDOWS\SYSTEM32\mscms.dll
0x00007ffa59ec0000 - 0x00007ffa59ed1000 	C:\WINDOWS\SYSTEM32\ColorAdapterClient.dll
0x00007ffa58030000 - 0x00007ffa58073000 	C:\WINDOWS\SYSTEM32\icm32.dll
0x00007ffa38c80000 - 0x00007ffa38cfb000 	C:\Users\Samuel.Walker-1\AppData\Local\Temp\lwjgl_Samuel\3.3.3+5\x64\lwjgl.dll
0x00007ffa23280000 - 0x00007ffa234f0000 	C:\Users\SAMUEL~1.WAL\AppData\Local\Temp\lwjgl_Samuel\3.3.3+5\x64\jemalloc.dll

dbghelp: loaded successfully - version: 4.0.5 - missing functions: none
symbol engine: initialized successfully - sym options: 0x614 - pdb path: .;C:\Users\Samuel.Walker-1\.jdks\corretto-17.0.11\bin;C:\WINDOWS\SYSTEM32;C:\WINDOWS\WinSxS\amd64_microsoft.windows.common-controls_6595b64144ccf1df_6.0.19041.4355_none_60b8b9eb71f62e16;C:\Users\Samuel.Walker-1\.jdks\corretto-17.0.11\bin\server;C:\Program Files\JetBrains\IntelliJ IDEA Community Edition 2024.1\bin;C:\WINDOWS\System32\DriverStore\FileRepository\c0360470.inf_amd64_b06c374aee20d185\B360357;D:\Xbuilders2\natives\windows-amd64;C:\Users\Samuel.Walker-1\AppData\Local\Temp\lwjgl_Samuel\3.3.3+5\x64;C:\Users\SAMUEL~1.WAL\AppData\Local\Temp\lwjgl_Samuel\3.3.3+5\x64

VM Arguments:
jvm_args: -javaagent:C:\Program Files\JetBrains\IntelliJ IDEA Community Edition 2024.1\lib\idea_rt.jar=59852:C:\Program Files\JetBrains\IntelliJ IDEA Community Edition 2024.1\bin -Dfile.encoding=UTF-8 
java_command: com.xbuilders.game.Main devmode
java_class_path (initial): D:\Xbuilders2\target\classes;C:\Users\Samuel.Walker-1\.m2\repository\com\jogamp\com.jogamp.jogl\1.0\com.jogamp.jogl-1.0.jar;C:\Users\Samuel.Walker-1\.m2\repository\org\joml\joml\1.10.5\joml-1.10.5.jar;C:\Users\Samuel.Walker-1\.m2\repository\com\gluegen\com.gluegen\1.0\com.gluegen-1.0.jar;C:\Users\Samuel.Walker-1\.m2\repository\com\processingCore\com.processingCore\1.0\com.processingCore-1.0.jar;C:\Users\Samuel.Walker-1\.m2\repository\org\lwjgl\lwjgl\3.3.3\lwjgl-3.3.3.jar;C:\Users\Samuel.Walker-1\.m2\repository\org\lwjgl\lwjgl-assimp\3.3.3\lwjgl-assimp-3.3.3.jar;C:\Users\Samuel.Walker-1\.m2\repository\org\lwjgl\lwjgl-bgfx\3.3.3\lwjgl-bgfx-3.3.3.jar;C:\Users\Samuel.Walker-1\.m2\repository\org\lwjgl\lwjgl-cuda\3.3.3\lwjgl-cuda-3.3.3.jar;C:\Users\Samuel.Walker-1\.m2\repository\org\lwjgl\lwjgl-egl\3.3.3\lwjgl-egl-3.3.3.jar;C:\Users\Samuel.Walker-1\.m2\repository\org\lwjgl\lwjgl-fmod\3.3.3\lwjgl-fmod-3.3.3.jar;C:\Users\Samuel.Walker-1\.m2\repository\org\lwjgl\lwjgl-freetype\3.3.3\lwjgl-freetype-3.3.3.jar;C:\Users\Samuel.Walker-1\.m2\repository\org\lwjgl\lwjgl-glfw\3.3.3\lwjgl-glfw-3.3.3.jar;C:\Users\Samuel.Walker-1\.m2\repository\org\lwjgl\lwjgl-harfbuzz\3.3.3\lwjgl-harfbuzz-3.3.3.jar;C:\Users\Samuel.Walker-1\.m2\repository\org\lwjgl\lwjgl-hwloc\3.3.3\lwjgl-hwloc-3.3.3.jar;C:\Users\Samuel.Walker-1\.m2\repository\org\lwjgl\lwjgl-jawt\3.3.3\lwjgl-jawt-3.3.3.jar;C:\Users\Samuel.Walker-1\.m2\repository\org\lwjgl\lwjgl-jemalloc\3.3.3\lwjgl-jemalloc-3.3.3.jar;C:\Users\Samuel.Walker-1\.m2\repository\org\lwjgl\lwjgl-ktx\3.3.3\lwjgl-ktx-3.3.3.jar;C:\Users\Samuel.Walker-1\.m2\repository\org\lwjgl\lwjgl-libdivide\3.3.3\lwjgl-libdivide-3.3.3.jar;C:\Users\Samuel.Walker-1\.m2\repository\org\lwjgl\lwjgl-llvm\3.3.3\lwjgl-llvm-3.3.3.jar;C:\Users\Samuel.Walker-1\.m2\repository\org\lwjgl\lwjgl-lmdb\3.3.3\lwjgl-lmdb-3.3.3.jar;C:\Users\Samuel.Walker-1\.m2\repository\org\lwjgl\lwjgl-lz4\3.3.3\lwjgl-lz4-3.3.3.jar;C:\Users\Samuel.Walker-1\.m2\repository\org\lwjgl\lwj
Launcher Type: SUN_STANDARD

[Global flags]
     intx CICompilerCount                          = 3                                         {product} {ergonomic}
     uint ConcGCThreads                            = 1                                         {product} {ergonomic}
     uint G1ConcRefinementThreads                  = 4                                         {product} {ergonomic}
   size_t G1HeapRegionSize                         = 2097152                                   {product} {ergonomic}
    uintx GCDrainStackTargetSize                   = 64                                        {product} {ergonomic}
   size_t InitialHeapSize                          = 268435456                                 {product} {ergonomic}
   size_t MarkStackSize                            = 4194304                                   {product} {ergonomic}
   size_t MaxHeapSize                              = 4280287232                                {product} {ergonomic}
   size_t MaxNewSize                               = 2566914048                                {product} {ergonomic}
   size_t MinHeapDeltaBytes                        = 2097152                                   {product} {ergonomic}
   size_t MinHeapSize                              = 8388608                                   {product} {ergonomic}
    uintx NonNMethodCodeHeapSize                   = 5832780                                {pd product} {ergonomic}
    uintx NonProfiledCodeHeapSize                  = 122912730                              {pd product} {ergonomic}
    uintx ProfiledCodeHeapSize                     = 122912730                              {pd product} {ergonomic}
    uintx ReservedCodeCacheSize                    = 251658240                              {pd product} {ergonomic}
     bool SegmentedCodeCache                       = true                                      {product} {ergonomic}
   size_t SoftMaxHeapSize                          = 4280287232                             {manageable} {ergonomic}
     bool UseCompressedClassPointers               = true                           {product lp64_product} {ergonomic}
     bool UseCompressedOops                        = true                           {product lp64_product} {ergonomic}
     bool UseG1GC                                  = true                                      {product} {ergonomic}
     bool UseLargePagesIndividualAllocation        = false                                  {pd product} {ergonomic}

Logging:
Log output configuration:
 #0: stdout all=warning uptime,level,tags
 #1: stderr all=off uptime,level,tags

Environment Variables:
JAVA_HOME=C:\Program Files\Java\jdk1.8.0_221
PATH=C:\Program Files\Common Files\Oracle\Java\javapath;C:\Program Files (x86)\AMD APP\bin\x86_64;C:\Program Files (x86)\AMD APP\bin\x86;C:\WINDOWS\system32;C:\WINDOWS;C:\WINDOWS\System32\Wbem;C:\WINDOWS\System32\WindowsPowerShell\v1.0\;C:\Program Files (x86)\Microsoft ASP.NET\ASP.NET Web Pages\v1.0\;C:\Program Files\Microsoft SQL Server\110\Tools\Binn\;C:\Program Files (x86)\Microsoft SQL Server\110\Tools\Binn\;C:\Program Files (x86)\Microsoft SQL Server\110\DTS\Binn\;C:\Program Files (x86)\Microsoft SQL Server\110\Tools\Binn\ManagementStudio\;C:\Program Files (x86)\ATI Technologies\ATI.ACE\Core-Static;C:\Program Files\Microsoft\Web Platform Installer\;C:\Program Files\Microsoft SQL Server\120\Tools\Binn\;C:\Program Files (x86)\QuickTime\QTSystem\;C:\Program Files (x86)\AMD\ATI.ACE\Core-Static;C:\Program Files (x86)\Skype\Phone\;C:\Program Files (x86)\Heroku\bin;C:\Program Files (x86)\git\cmd;C:\Program Files\Microsoft SQL Server\130\Tools\Binn\;C:\Program Files\dotnet\;C:\Program Files (x86)\IVI Foundation\VISA\WinNT\Bin;C:\WINDOWS\System32\OpenSSH\;C:\Program Files\Microsoft VS Code\bin;C:\Program Files\nodejs\;C:\Program Files\Java\jdk1.8.0_221\bin;C:\Program Files\heroku\bin;C:\Program Files\PuTTY\;C:\Program Files\Docker\Docker\resources\bin;C:\Program Files (x86)\Windows Kits\10\Windows Performance Toolkit\;C:\Program Files\Git\cmd;C:\Users\Samuel.Walker-1\AppData\Local\Microsoft\WindowsApps;C:\Users\Samuel.Walker-1\AppData\Local\GitHubDesktop\bin
USERNAME=Samuel
OS=Windows_NT
PROCESSOR_IDENTIFIER=Intel64 Family 6 Model 58 Stepping 9, GenuineIntel
TMP=C:\Users\SAMUEL~1.WAL\AppData\Local\Temp
TEMP=C:\Users\SAMUEL~1.WAL\AppData\Local\Temp



Periodic native trim disabled


---------------  S Y S T E M  ---------------

OS:
 Windows 10 , 64 bit Build 19041 (10.0.19041.3636)
OS uptime: 0 days 4:03 hours
Hyper-V role detected

CPU: total 4 (initial active 4) (4 cores per cpu, 1 threads per core) family 6 model 58 stepping 9 microcode 0x21, cx8, cmov, fxsr, mmx, sse, sse2, sse3, ssse3, sse4.1, sse4.2, popcnt, tsc, tscinvbit, avx, aes, erms, clmul, vzeroupper, clflush, hv
Processor Information for all 4 processors :
  Max Mhz: 3401, Current Mhz: 3401, Mhz Limit: 3401

Memory: 4k page, system-wide physical 16327M (6699M free)
TotalPageFile size 18759M (AvailPageFile size 6394M)
current process WorkingSet (physical memory assigned to process): 347M, peak: 353M
current process commit charge ("private bytes"): 481M, peak: 524M

vm_info: OpenJDK 64-Bit Server VM (17.0.11+9-LTS) for windows-amd64 JRE (17.0.11+9-LTS), built on Apr 10 2024 22:12:24 by "Administrator" with MS VC++ 16.10 / 16.11 (VS2019)

END.
