#
# A fatal error has been detected by the Java Runtime Environment:
#
#  EXCEPTION_ACCESS_VIOLATION (0xc0000005) at pc=0x00007ffa17c73059, pid=84968, tid=81484
#
# JRE version: OpenJDK Runtime Environment Corretto-17.0.11.9.1 (17.0.11+9) (build 17.0.11+9-LTS)
# Java VM: OpenJDK 64-Bit Server VM Corretto-17.0.11.9.1 (17.0.11+9-LTS, mixed mode, sharing, tiered, compressed oops, compressed class ptrs, g1 gc, windows-amd64)
# Problematic frame:
# C  [atio6axx.dll+0x2c43059]
#
# No core dump will be written. Minidumps are not enabled by default on client versions of Windows
#
# If you would like to submit a bug report, please visit:
#   https://github.com/corretto/corretto-17/issues/
# The crash happened outside the Java Virtual Machine in native code.
# See problematic frame for where to report the bug.
#

---------------  S U M M A R Y ------------

Command Line: -javaagent:C:\Program Files\JetBrains\IntelliJ IDEA Community Edition 2024.1\lib\idea_rt.jar=59467:C:\Program Files\JetBrains\IntelliJ IDEA Community Edition 2024.1\bin -Dfile.encoding=UTF-8 com.xbuilders.game.Main devmode

Host: Intel(R) Core(TM) i5-3570K CPU @ 3.40GHz, 4 cores, 15G,  Windows 10 , 64 bit Build 19041 (10.0.19041.3636)
Time: Wed Jun 26 18:49:44 2024 Mountain Daylight Time elapsed time: 6.772910 seconds (0d 0h 0m 6s)

---------------  T H R E A D  ---------------

Current thread (0x00000217d8e49840):  JavaThread "Thread-6" [_thread_in_native, id=81484, stack(0x0000006188400000,0x0000006188500000)]

Stack: [0x0000006188400000,0x0000006188500000],  sp=0x00000061884ff0b8,  free space=1020k
Native frames: (J=compiled Java code, j=interpreted, Vv=VM code, C=native code)
C  [atio6axx.dll+0x2c43059]

Java frames: (J=compiled Java code, j=interpreted, Vv=VM code)
j  jogamp.opengl.gl4.GL4bcImpl.dispatch_glGenBuffers1(ILjava/lang/Object;IZJ)V+0
j  jogamp.opengl.gl4.GL4bcImpl.glGenBuffers(ILjava/nio/IntBuffer;)V+81
j  com.xbuilders.window.mesh.glTextureMesh.<init>(Lprocessing/opengl/PJOGL;II)V+61
j  com.xbuilders.engine.rendering.blocks.glBlockMesh.<init>()V+68
j  com.xbuilders.engine.world.chunk.SubChunk.<init>(Lcom/xbuilders/engine/world/chunk/Chunk;)V+141
j  com.xbuilders.engine.world.chunk.Chunk.<init>(Lcom/xbuilders/game/PointerHandler;)V+84
j  com.xbuilders.engine.world.World.makeChunk(Lcom/xbuilders/engine/world/chunk/ChunkCoords;)Lcom/xbuilders/engine/world/chunk/Chunk;+28
j  com.xbuilders.engine.world.World$1.run()V+298
v  ~StubRoutines::call_stub

siginfo: EXCEPTION_ACCESS_VIOLATION (0xc0000005), reading address 0x0000000000000e08


Registers:
RAX=0x0000000000000000, RBX=0x00000217d8e49af8, RCX=0x0000000000000003, RDX=0x0000000710cf51a8
RSP=0x00000061884ff0b8, RBP=0x0000000000000000, RSI=0x00000061884ff208, RDI=0x0000000000000000
R8 =0x0000000000000000, R9 =0x00000061884ff208, R10=0x000002178753d632, R11=0x0000000000000102
R12=0x00007ffa17a98710, R13=0x0000000000000003, R14=0x0000000710cf51a8, R15=0x00000217d8e49840
RIP=0x00007ffa17c73059, EFLAGS=0x0000000000010202


Register to memory mapping:

RIP=0x00007ffa17c73059 atio6axx.dll
RAX=0x0 is NULL
RBX=0x00000217d8e49af8 points into unknown readable memory: 0x00007ffa26a69800 | 00 98 a6 26 fa 7f 00 00
RCX=0x0000000000000003 is an unknown value
RDX=
[error occurred during error reporting (printing register info), id 0xc0000005, EXCEPTION_ACCESS_VIOLATION (0xc0000005) at pc=0x00007ffa262252da]

Top of Stack: (sp=0x00000061884ff0b8)
0x00000061884ff0b8:   0000000064513825 00000217d8e49af8
0x00000061884ff0c8:   00000061884ff208 000002178f006b18
0x00000061884ff0d8:   0000000000000004 00000217d0ede388
0x00000061884ff0e8:   0000000000000000 0000000000000001
0x00000061884ff0f8:   00000061884ff1c8 0000000000000000
0x00000061884ff108:   00000217d0ede388 00000061884ff218
0x00000061884ff118:   000002178753d661 000002178f08e310
0x00000061884ff128:   0000000000000000 0000000000000000
0x00000061884ff138:   00000061884ff138 0000021700000000
0x00000061884ff148:   0000006100000000 00007ffa17a98710
0x00000061884ff158:   0000000000000000 0000000700f0d0c8
0x00000061884ff168:   000002178f0870c8 0000000000000000
0x00000061884ff178:   00000061884ff190 00000061884ff180
0x00000061884ff188:   0000000000000000 00000061884ff218
0x00000061884ff198:   00000217d0fc0000 0000000000000000
0x00000061884ff1a8:   0000000701382af0 00000217d0ede388
0x00000061884ff1b8:   0000000000000000 00000061884ff1e8
0x00000061884ff1c8:   00000061884ff268 0000021787539520
0x00000061884ff1d8:   0000000000000000 000002178753aff8
0x00000061884ff1e8:   00007ffa17a98710 0000000000000000
0x00000061884ff1f8:   0000000000000000 0000000000000000
0x00000061884ff208:   0000000710cf5198 0000000000000003
0x00000061884ff218:   0000000701295938 00000061884ff220
0x00000061884ff228:   00000217d0ede281 00000061884ff2a0
0x00000061884ff238:   00000217d0fc0000 0000000000000000
0x00000061884ff248:   0000000701382af0 00000217d0ede298
0x00000061884ff258:   00000061884ff1e8 00000061884ff290
0x00000061884ff268:   00000061884ff2f0 00000217875399a6
0x00000061884ff278:   00007ffa17a98710 0000000000000000
0x00000061884ff288:   0000000000000000 0000000710cf5160
0x00000061884ff298:   0000000000000003 0000000701295938
0x00000061884ff2a8:   00000061884ff2a8 00000217d0caca55 

Instructions: (pc=0x00007ffa17c73059)
0x00007ffa17c72f59:   ff a0 88 0d 00 00 90 65 48 8b 04 25 48 16 00 00
0x00007ffa17c72f69:   ff a0 90 0d 00 00 90 65 48 8b 04 25 48 16 00 00
0x00007ffa17c72f79:   ff a0 98 0d 00 00 90 65 48 8b 04 25 48 16 00 00
0x00007ffa17c72f89:   ff a0 a0 0d 00 00 90 65 48 8b 04 25 48 16 00 00
0x00007ffa17c72f99:   ff a0 a8 0d 00 00 90 65 48 8b 04 25 48 16 00 00
0x00007ffa17c72fa9:   ff a0 b0 0d 00 00 90 65 48 8b 04 25 48 16 00 00
0x00007ffa17c72fb9:   ff a0 b8 0d 00 00 90 65 48 8b 04 25 48 16 00 00
0x00007ffa17c72fc9:   ff a0 c0 0d 00 00 90 65 48 8b 04 25 48 16 00 00
0x00007ffa17c72fd9:   ff a0 c8 0d 00 00 90 65 48 8b 04 25 48 16 00 00
0x00007ffa17c72fe9:   ff a0 d0 0d 00 00 90 65 48 8b 04 25 48 16 00 00
0x00007ffa17c72ff9:   ff a0 d8 0d 00 00 90 65 48 8b 04 25 48 16 00 00
0x00007ffa17c73009:   ff a0 e0 0d 00 00 90 65 48 8b 04 25 48 16 00 00
0x00007ffa17c73019:   ff a0 e8 0d 00 00 90 65 48 8b 04 25 48 16 00 00
0x00007ffa17c73029:   ff a0 f0 0d 00 00 90 65 48 8b 04 25 48 16 00 00
0x00007ffa17c73039:   ff a0 f8 0d 00 00 90 65 48 8b 04 25 48 16 00 00
0x00007ffa17c73049:   ff a0 00 0e 00 00 90 65 48 8b 04 25 48 16 00 00
0x00007ffa17c73059:   ff a0 08 0e 00 00 90 65 48 8b 04 25 48 16 00 00
0x00007ffa17c73069:   ff a0 10 0e 00 00 90 65 48 8b 04 25 48 16 00 00
0x00007ffa17c73079:   ff a0 18 0e 00 00 90 65 48 8b 04 25 48 16 00 00
0x00007ffa17c73089:   ff a0 20 0e 00 00 90 65 48 8b 04 25 48 16 00 00
0x00007ffa17c73099:   ff a0 28 0e 00 00 90 65 48 8b 04 25 48 16 00 00
0x00007ffa17c730a9:   ff a0 30 0e 00 00 90 65 48 8b 04 25 48 16 00 00
0x00007ffa17c730b9:   ff a0 38 0e 00 00 90 65 48 8b 04 25 48 16 00 00
0x00007ffa17c730c9:   ff a0 40 0e 00 00 90 65 48 8b 04 25 48 16 00 00
0x00007ffa17c730d9:   ff a0 48 0e 00 00 90 65 48 8b 04 25 48 16 00 00
0x00007ffa17c730e9:   ff a0 50 0e 00 00 90 65 48 8b 04 25 48 16 00 00
0x00007ffa17c730f9:   ff a0 58 0e 00 00 90 65 48 8b 04 25 48 16 00 00
0x00007ffa17c73109:   ff a0 60 0e 00 00 90 65 48 8b 04 25 48 16 00 00
0x00007ffa17c73119:   ff a0 68 0e 00 00 90 65 48 8b 04 25 48 16 00 00
0x00007ffa17c73129:   ff a0 70 0e 00 00 90 65 48 8b 04 25 48 16 00 00
0x00007ffa17c73139:   ff a0 78 0e 00 00 90 65 48 8b 04 25 48 16 00 00
0x00007ffa17c73149:   ff a0 80 0e 00 00 90 65 48 8b 04 25 48 16 00 00 


Stack slot to memory mapping:
stack at sp + 0 slots: 0x0000000064513825 jogl_desktop.dll
stack at sp + 1 slots: 0x00000217d8e49af8 points into unknown readable memory: 0x00007ffa26a69800 | 00 98 a6 26 fa 7f 00 00
stack at sp + 2 slots: 0x00000061884ff208 is pointing into the stack for thread: 0x00000217d8e49840
stack at sp + 3 slots: 0x000002178f006b18 is a pointer to class: 
stack at sp + 4 slots: 0x0000000000000004 is an unknown value
stack at sp + 5 slots: {method} {0x00000217d0ede390} 'dispatch_glGenBuffers1' '(ILjava/lang/Object;IZJ)V' in 'jogamp/opengl/gl4/GL4bcImpl'
stack at sp + 6 slots: 0x0 is NULL
stack at sp + 7 slots: 0x0000000000000001 is an unknown value


---------------  P R O C E S S  ---------------

Threads class SMR info:
_java_thread_list=0x00000217df89b340, length=27, elements={
0x00000217eac1ef00, 0x00000217fe3e28f0, 0x00000217fe3e3680, 0x00000217fe3f29d0,
0x00000217fe3f3970, 0x00000217fe3f5e10, 0x00000217fe3f7760, 0x00000217fe5084a0,
0x00000217fe511dd0, 0x00000217fe5232b0, 0x00000217fe3f7c70, 0x00000217fe3f8180,
0x00000217fe3f8690, 0x00000217fe3f90b0, 0x00000217fe3f6830, 0x00000217fe3f5900,
0x00000217fe3f6320, 0x00000217d8e4e940, 0x00000217d8e4fd80, 0x00000217d8e4b6a0,
0x00000217d8e4bbb0, 0x00000217d8e4a260, 0x00000217d8e4e430, 0x00000217d8e50cb0,
0x00000217d8e4cae0, 0x00000217dc9ead90, 0x00000217d8e49840
}

Java Threads: ( => current thread )
  0x00000217eac1ef00 JavaThread "main" [_thread_blocked, id=18408, stack(0x0000006185500000,0x0000006185600000)]
  0x00000217fe3e28f0 JavaThread "Reference Handler" daemon [_thread_blocked, id=25112, stack(0x0000006185c00000,0x0000006185d00000)]
  0x00000217fe3e3680 JavaThread "Finalizer" daemon [_thread_blocked, id=23676, stack(0x0000006185d00000,0x0000006185e00000)]
  0x00000217fe3f29d0 JavaThread "Signal Dispatcher" daemon [_thread_blocked, id=30184, stack(0x0000006185e00000,0x0000006185f00000)]
  0x00000217fe3f3970 JavaThread "Attach Listener" daemon [_thread_blocked, id=20444, stack(0x0000006185f00000,0x0000006186000000)]
  0x00000217fe3f5e10 JavaThread "Service Thread" daemon [_thread_blocked, id=85024, stack(0x0000006186000000,0x0000006186100000)]
  0x00000217fe3f7760 JavaThread "Monitor Deflation Thread" daemon [_thread_blocked, id=83372, stack(0x0000006186100000,0x0000006186200000)]
  0x00000217fe5084a0 JavaThread "C2 CompilerThread0" daemon [_thread_blocked, id=85028, stack(0x0000006186200000,0x0000006186300000)]
  0x00000217fe511dd0 JavaThread "C1 CompilerThread0" daemon [_thread_blocked, id=85032, stack(0x0000006186300000,0x0000006186400000)]
  0x00000217fe5232b0 JavaThread "Sweeper thread" daemon [_thread_blocked, id=85036, stack(0x0000006186400000,0x0000006186500000)]
  0x00000217fe3f7c70 JavaThread "Common-Cleaner" daemon [_thread_blocked, id=36724, stack(0x0000006186500000,0x0000006186600000)]
  0x00000217fe3f8180 JavaThread "Monitor Ctrl-Break" daemon [_thread_in_native, id=82824, stack(0x0000006186700000,0x0000006186800000)]
  0x00000217fe3f8690 JavaThread "Notification Thread" daemon [_thread_blocked, id=85052, stack(0x0000006186800000,0x0000006186900000)]
  0x00000217fe3f90b0 JavaThread "Java2D Disposer" daemon [_thread_blocked, id=82808, stack(0x0000006186a00000,0x0000006186b00000)]
  0x00000217fe3f6830 JavaThread "AWT-Shutdown" [_thread_blocked, id=82804, stack(0x0000006186b00000,0x0000006186c00000)]
  0x00000217fe3f5900 JavaThread "AWT-Windows" daemon [_thread_in_native, id=82796, stack(0x0000006186c00000,0x0000006186d00000)]
  0x00000217fe3f6320 JavaThread "AWT-EventQueue-0" [_thread_blocked, id=85084, stack(0x0000006187800000,0x0000006187900000)]
  0x00000217d8e4e940 JavaThread "D3D Screen Updater" daemon [_thread_blocked, id=83244, stack(0x0000006187900000,0x0000006187a00000)]
  0x00000217d8e4fd80 JavaThread "main-SharedResourceRunner" daemon [_thread_blocked, id=85172, stack(0x0000006186600000,0x0000006186700000)]
  0x00000217d8e4b6a0 JavaThread "main-Display-.windows_nil-1-EDT-1" daemon [_thread_blocked, id=85148, stack(0x0000006187c00000,0x0000006187d00000)]
  0x00000217d8e4bbb0 JavaThread "HighResTimerThread" daemon [_thread_blocked, id=85124, stack(0x0000006187d00000,0x0000006187e00000)]
  0x00000217d8e4a260 JavaThread "Thread-2" [_thread_blocked, id=85188, stack(0x0000006187e00000,0x0000006187f00000)]
  0x00000217d8e4e430 JavaThread "main-FPSAWTAnimator#00-Timer0" [_thread_in_native, id=85192, stack(0x0000006187f00000,0x0000006188000000)]
  0x00000217d8e50cb0 JavaThread "Thread-4" [_thread_blocked, id=82956, stack(0x0000006188000000,0x0000006188100000)]
  0x00000217d8e4cae0 JavaThread "Thread-5" [_thread_blocked, id=85216, stack(0x0000006188100000,0x0000006188200000)]
  0x00000217dc9ead90 JavaThread "C2 CompilerThread1" daemon [_thread_in_native, id=85228, stack(0x0000006188300000,0x0000006188400000)]
=>0x00000217d8e49840 JavaThread "Thread-6" [_thread_in_native, id=81484, stack(0x0000006188400000,0x0000006188500000)]

Other Threads:
  0x00000217fe3dddd0 VMThread "VM Thread" [stack: 0x0000006185b00000,0x0000006185c00000] [id=38092]
  0x00000217eac1fdd0 WatcherThread [stack: 0x0000006186900000,0x0000006186a00000] [id=82820]
  0x00000217eac897d0 GCTaskThread "GC Thread#0" [stack: 0x0000006185600000,0x0000006185700000] [id=30616]
  0x00000217ff0ef7e0 GCTaskThread "GC Thread#1" [stack: 0x0000006187500000,0x0000006187600000] [id=22328]
  0x00000217ff0efaa0 GCTaskThread "GC Thread#2" [stack: 0x0000006187600000,0x0000006187700000] [id=42824]
  0x00000217ff0efd60 GCTaskThread "GC Thread#3" [stack: 0x0000006187700000,0x0000006187800000] [id=37512]
  0x00000217eac9a540 ConcurrentGCThread "G1 Main Marker" [stack: 0x0000006185700000,0x0000006185800000] [id=85000]
  0x00000217eac9b610 ConcurrentGCThread "G1 Conc#0" [stack: 0x0000006185800000,0x0000006185900000] [id=3564]
  0x00000217fe296500 ConcurrentGCThread "G1 Refine#0" [stack: 0x0000006185900000,0x0000006185a00000] [id=84996]
  0x00000217fe296e40 ConcurrentGCThread "G1 Service" [stack: 0x0000006185a00000,0x0000006185b00000] [id=17180]

Threads with active compile tasks:
C1 CompilerThread0     6835 3686       3       processing.core.PGraphics::colorCalc (573 bytes)
C2 CompilerThread1     6835 3685       4       java.util.HashMap::removeNode (291 bytes)

VM state: not at safepoint (normal execution)

VM Mutex/Monitor currently owned by a thread: None

Heap address: 0x0000000700e00000, size: 4082 MB, Compressed Oops mode: Zero based, Oop shift amount: 3

CDS archive(s) mapped at: [0x000002178f000000-0x000002178fbb0000-0x000002178fbb0000), size 12255232, SharedBaseAddress: 0x000002178f000000, ArchiveRelocationMode: 1.
Compressed class space mapped at: 0x0000021790000000-0x00000217d0000000, reserved size: 1073741824
Narrow klass base: 0x000002178f000000, Narrow klass shift: 0, Narrow klass range: 0x100000000

GC Precious Log:
 CPUs: 4 total, 4 available
 Memory: 16327M
 Large Page Support: Disabled
 NUMA Support: Disabled
 Compressed Oops: Enabled (Zero based)
 Heap Region Size: 2M
 Heap Min Capacity: 8M
 Heap Initial Capacity: 256M
 Heap Max Capacity: 4082M
 Pre-touch: Disabled
 Parallel Workers: 4
 Concurrent Workers: 1
 Concurrent Refinement Workers: 4
 Periodic GC: Disabled

Heap:
 garbage-first heap   total 153600K, used 74023K [0x0000000700e00000, 0x0000000800000000)
  region size 2048K, 1 young (2048K), 0 survivors (0K)
 Metaspace       used 23597K, committed 23872K, reserved 1114112K
  class space    used 2039K, committed 2176K, reserved 1048576K

Heap Regions: E=young(eden), S=young(survivor), O=old, HS=humongous(starts), HC=humongous(continues), CS=collection set, F=free, OA=open archive, CA=closed archive, TAMS=top-at-mark-start (previous, next)
|   0|0x0000000700e00000, 0x0000000700fd90a0, 0x0000000701000000| 92%| O|  |TAMS 0x0000000700e00000, 0x0000000700e00000| Untracked 
|   1|0x0000000701000000, 0x00000007011f3810, 0x0000000701200000| 97%| O|  |TAMS 0x0000000701000000, 0x0000000701000000| Untracked 
|   2|0x0000000701200000, 0x0000000701400000, 0x0000000701400000|100%| O|  |TAMS 0x0000000701400000, 0x0000000701200000| Untracked 
|   3|0x0000000701400000, 0x0000000701600000, 0x0000000701600000|100%| O|  |TAMS 0x0000000701600000, 0x0000000701400000| Untracked 
|   4|0x0000000701600000, 0x0000000701800000, 0x0000000701800000|100%|HS|  |TAMS 0x0000000701800000, 0x0000000701600000| Untracked 
|   5|0x0000000701800000, 0x0000000701a00000, 0x0000000701a00000|100%|HC|  |TAMS 0x0000000701a00000, 0x0000000701800000| Untracked 
|   6|0x0000000701a00000, 0x0000000701c00000, 0x0000000701c00000|100%|HS|  |TAMS 0x0000000701c00000, 0x0000000701a00000| Untracked 
|   7|0x0000000701c00000, 0x0000000701e00000, 0x0000000701e00000|100%| O|  |TAMS 0x0000000701e00000, 0x0000000701c00000| Untracked 
|   8|0x0000000701e00000, 0x0000000702000000, 0x0000000702000000|100%| O|  |TAMS 0x0000000702000000, 0x0000000701e00000| Untracked 
|   9|0x0000000702000000, 0x0000000702200000, 0x0000000702200000|100%| O|  |TAMS 0x0000000702200000, 0x0000000702000000| Untracked 
|  10|0x0000000702200000, 0x0000000702400000, 0x0000000702400000|100%|HS|  |TAMS 0x0000000702400000, 0x0000000702200000| Untracked 
|  11|0x0000000702400000, 0x0000000702600000, 0x0000000702600000|100%|HC|  |TAMS 0x0000000702600000, 0x0000000702400000| Untracked 
|  12|0x0000000702600000, 0x0000000702800000, 0x0000000702800000|100%|HC|  |TAMS 0x0000000702800000, 0x0000000702600000| Untracked 
|  13|0x0000000702800000, 0x0000000702a00000, 0x0000000702a00000|100%|HC|  |TAMS 0x0000000702a00000, 0x0000000702800000| Untracked 
|  14|0x0000000702a00000, 0x0000000702c00000, 0x0000000702c00000|100%|HC|  |TAMS 0x0000000702c00000, 0x0000000702a00000| Untracked 
|  15|0x0000000702c00000, 0x0000000702e00000, 0x0000000702e00000|100%| O|  |TAMS 0x0000000702e00000, 0x0000000702c00000| Untracked 
|  16|0x0000000702e00000, 0x0000000703000000, 0x0000000703000000|100%| O|  |TAMS 0x0000000703000000, 0x0000000702e00000| Untracked 
|  17|0x0000000703000000, 0x0000000703200000, 0x0000000703200000|100%| O|  |TAMS 0x0000000703200000, 0x0000000703000000| Untracked 
|  18|0x0000000703200000, 0x0000000703400000, 0x0000000703400000|100%| O|  |TAMS 0x0000000703400000, 0x0000000703200000| Untracked 
|  19|0x0000000703400000, 0x0000000703600000, 0x0000000703600000|100%| O|  |TAMS 0x0000000703600000, 0x0000000703400000| Untracked 
|  20|0x0000000703600000, 0x0000000703800000, 0x0000000703800000|100%| O|  |TAMS 0x0000000703800000, 0x0000000703600000| Untracked 
|  21|0x0000000703800000, 0x0000000703a00000, 0x0000000703a00000|100%| O|  |TAMS 0x0000000703a00000, 0x0000000703800000| Untracked 
|  22|0x0000000703a00000, 0x0000000703c00000, 0x0000000703c00000|100%| O|  |TAMS 0x0000000703c00000, 0x0000000703a00000| Untracked 
|  23|0x0000000703c00000, 0x0000000703e00000, 0x0000000703e00000|100%| O|  |TAMS 0x0000000703e00000, 0x0000000703c00000| Untracked 
|  24|0x0000000703e00000, 0x0000000704000000, 0x0000000704000000|100%| O|  |TAMS 0x0000000704000000, 0x0000000703e00000| Untracked 
|  25|0x0000000704000000, 0x0000000704200000, 0x0000000704200000|100%| O|  |TAMS 0x0000000704200000, 0x0000000704000000| Untracked 
|  26|0x0000000704200000, 0x0000000704400000, 0x0000000704400000|100%| O|  |TAMS 0x0000000704400000, 0x0000000704200000| Untracked 
|  27|0x0000000704400000, 0x0000000704600000, 0x0000000704600000|100%| O|  |TAMS 0x0000000704600000, 0x0000000704400000| Untracked 
|  28|0x0000000704600000, 0x0000000704800000, 0x0000000704800000|100%| O|  |TAMS 0x0000000704800000, 0x0000000704600000| Untracked 
|  29|0x0000000704800000, 0x0000000704a00000, 0x0000000704a00000|100%| O|  |TAMS 0x0000000704a00000, 0x0000000704800000| Untracked 
|  30|0x0000000704a00000, 0x0000000704c00000, 0x0000000704c00000|100%| O|  |TAMS 0x0000000704c00000, 0x0000000704a00000| Untracked 
|  31|0x0000000704c00000, 0x0000000704e00000, 0x0000000704e00000|100%| O|  |TAMS 0x0000000704e00000, 0x0000000704c00000| Untracked 
|  32|0x0000000704e00000, 0x0000000705000000, 0x0000000705000000|100%| O|  |TAMS 0x0000000705000000, 0x0000000704e00000| Untracked 
|  33|0x0000000705000000, 0x0000000705040040, 0x0000000705200000| 12%| O|  |TAMS 0x0000000705000000, 0x0000000705000000| Untracked 
|  34|0x0000000705200000, 0x000000070523d3e8, 0x0000000705400000| 11%| O|  |TAMS 0x0000000705200000, 0x0000000705200000| Untracked 
|  35|0x0000000705400000, 0x0000000705600000, 0x0000000705600000|100%|HS|  |TAMS 0x0000000705600000, 0x0000000705400000| Untracked 
|  36|0x0000000705600000, 0x0000000705800000, 0x0000000705800000|100%|HS|  |TAMS 0x0000000705800000, 0x0000000705600000| Untracked 
|  37|0x0000000705800000, 0x0000000705800000, 0x0000000705a00000|  0%| F|  |TAMS 0x0000000705800000, 0x0000000705800000| Untracked 
|  38|0x0000000705a00000, 0x0000000705a00000, 0x0000000705c00000|  0%| F|  |TAMS 0x0000000705a00000, 0x0000000705a00000| Untracked 
|  39|0x0000000705c00000, 0x0000000705c00000, 0x0000000705e00000|  0%| F|  |TAMS 0x0000000705c00000, 0x0000000705c00000| Untracked 
|  40|0x0000000705e00000, 0x0000000705e00000, 0x0000000706000000|  0%| F|  |TAMS 0x0000000705e00000, 0x0000000705e00000| Untracked 
|  41|0x0000000706000000, 0x0000000706000000, 0x0000000706200000|  0%| F|  |TAMS 0x0000000706000000, 0x0000000706000000| Untracked 
|  42|0x0000000706200000, 0x0000000706200000, 0x0000000706400000|  0%| F|  |TAMS 0x0000000706200000, 0x0000000706200000| Untracked 
|  43|0x0000000706400000, 0x0000000706400000, 0x0000000706600000|  0%| F|  |TAMS 0x0000000706400000, 0x0000000706400000| Untracked 
|  44|0x0000000706600000, 0x0000000706600000, 0x0000000706800000|  0%| F|  |TAMS 0x0000000706600000, 0x0000000706600000| Untracked 
|  45|0x0000000706800000, 0x0000000706800000, 0x0000000706a00000|  0%| F|  |TAMS 0x0000000706800000, 0x0000000706800000| Untracked 
|  46|0x0000000706a00000, 0x0000000706a00000, 0x0000000706c00000|  0%| F|  |TAMS 0x0000000706a00000, 0x0000000706a00000| Untracked 
|  47|0x0000000706c00000, 0x0000000706c00000, 0x0000000706e00000|  0%| F|  |TAMS 0x0000000706c00000, 0x0000000706c00000| Untracked 
|  48|0x0000000706e00000, 0x0000000706e00000, 0x0000000707000000|  0%| F|  |TAMS 0x0000000706e00000, 0x0000000706e00000| Untracked 
|  49|0x0000000707000000, 0x0000000707000000, 0x0000000707200000|  0%| F|  |TAMS 0x0000000707000000, 0x0000000707000000| Untracked 
|  50|0x0000000707200000, 0x0000000707200000, 0x0000000707400000|  0%| F|  |TAMS 0x0000000707200000, 0x0000000707200000| Untracked 
|  51|0x0000000707400000, 0x0000000707400000, 0x0000000707600000|  0%| F|  |TAMS 0x0000000707400000, 0x0000000707400000| Untracked 
|  52|0x0000000707600000, 0x0000000707600000, 0x0000000707800000|  0%| F|  |TAMS 0x0000000707600000, 0x0000000707600000| Untracked 
|  53|0x0000000707800000, 0x0000000707800000, 0x0000000707a00000|  0%| F|  |TAMS 0x0000000707800000, 0x0000000707800000| Untracked 
|  54|0x0000000707a00000, 0x0000000707a00000, 0x0000000707c00000|  0%| F|  |TAMS 0x0000000707a00000, 0x0000000707a00000| Untracked 
|  55|0x0000000707c00000, 0x0000000707c00000, 0x0000000707e00000|  0%| F|  |TAMS 0x0000000707c00000, 0x0000000707c00000| Untracked 
|  56|0x0000000707e00000, 0x0000000707e00000, 0x0000000708000000|  0%| F|  |TAMS 0x0000000707e00000, 0x0000000707e00000| Untracked 
|  57|0x0000000708000000, 0x0000000708000000, 0x0000000708200000|  0%| F|  |TAMS 0x0000000708000000, 0x0000000708000000| Untracked 
|  58|0x0000000708200000, 0x0000000708200000, 0x0000000708400000|  0%| F|  |TAMS 0x0000000708200000, 0x0000000708200000| Untracked 
|  59|0x0000000708400000, 0x0000000708400000, 0x0000000708600000|  0%| F|  |TAMS 0x0000000708400000, 0x0000000708400000| Untracked 
|  60|0x0000000708600000, 0x0000000708600000, 0x0000000708800000|  0%| F|  |TAMS 0x0000000708600000, 0x0000000708600000| Untracked 
|  61|0x0000000708800000, 0x0000000708800000, 0x0000000708a00000|  0%| F|  |TAMS 0x0000000708800000, 0x0000000708800000| Untracked 
|  62|0x0000000708a00000, 0x0000000708a00000, 0x0000000708c00000|  0%| F|  |TAMS 0x0000000708a00000, 0x0000000708a00000| Untracked 
|  63|0x0000000708c00000, 0x0000000708c00000, 0x0000000708e00000|  0%| F|  |TAMS 0x0000000708c00000, 0x0000000708c00000| Untracked 
|  64|0x0000000708e00000, 0x0000000708e00000, 0x0000000709000000|  0%| F|  |TAMS 0x0000000708e00000, 0x0000000708e00000| Untracked 
|  65|0x0000000709000000, 0x0000000709200000, 0x0000000709200000|100%| O|  |TAMS 0x0000000709200000, 0x0000000709000000| Untracked 
|  66|0x0000000709200000, 0x0000000709200000, 0x0000000709400000|  0%| F|  |TAMS 0x0000000709200000, 0x0000000709200000| Untracked 
|  67|0x0000000709400000, 0x0000000709400000, 0x0000000709600000|  0%| F|  |TAMS 0x0000000709400000, 0x0000000709400000| Untracked 
|  68|0x0000000709600000, 0x0000000709600000, 0x0000000709800000|  0%| F|  |TAMS 0x0000000709600000, 0x0000000709600000| Untracked 
|  69|0x0000000709800000, 0x0000000709800000, 0x0000000709a00000|  0%| F|  |TAMS 0x0000000709800000, 0x0000000709800000| Untracked 
|  70|0x0000000709a00000, 0x0000000709a00000, 0x0000000709c00000|  0%| F|  |TAMS 0x0000000709a00000, 0x0000000709a00000| Untracked 
|  71|0x0000000709c00000, 0x0000000709c00000, 0x0000000709e00000|  0%| F|  |TAMS 0x0000000709c00000, 0x0000000709c00000| Untracked 
|  72|0x0000000709e00000, 0x0000000709e00000, 0x000000070a000000|  0%| F|  |TAMS 0x0000000709e00000, 0x0000000709e00000| Untracked 
|  73|0x000000070a000000, 0x000000070a000000, 0x000000070a200000|  0%| F|  |TAMS 0x000000070a000000, 0x000000070a000000| Untracked 
| 127|0x0000000710c00000, 0x0000000710d28d00, 0x0000000710e00000| 57%| E|  |TAMS 0x0000000710c00000, 0x0000000710c00000| Complete 

Card table byte_map: [0x00000217f2f30000,0x00000217f3730000] _byte_map_base: 0x00000217ef729000

Marking Bits (Prev, Next): (CMBitMap*) 0x00000217eac89d40, (CMBitMap*) 0x00000217eac89d00
 Prev Bits: [0x00000217f7f00000, 0x00000217fbec8000)
 Next Bits: [0x00000217f3f30000, 0x00000217f7ef8000)

Polling page: 0x00000217ea3d0000

Metaspace:

Usage:
  Non-class:     21.06 MB used.
      Class:      1.99 MB used.
       Both:     23.05 MB used.

Virtual space:
  Non-class space:       64.00 MB reserved,      21.19 MB ( 33%) committed,  1 nodes.
      Class space:        1.00 GB reserved,       2.12 MB ( <1%) committed,  1 nodes.
             Both:        1.06 GB reserved,      23.31 MB (  2%) committed. 

Chunk freelists:
   Non-Class:  10.39 MB
       Class:  13.73 MB
        Both:  24.12 MB

MaxMetaspaceSize: unlimited
CompressedClassSpaceSize: 1.00 GB
Initial GC threshold: 21.00 MB
Current GC threshold: 38.75 MB
CDS: on
MetaspaceReclaimPolicy: balanced
 - commit_granule_bytes: 65536.
 - commit_granule_words: 8192.
 - virtual_space_node_default_size: 8388608.
 - enlarge_chunks_in_place: 1.
 - new_chunks_are_fully_committed: 0.
 - uncommit_free_chunks: 1.
 - use_allocation_guard: 0.
 - handle_deallocations: 1.


Internal statistics:

num_allocs_failed_limit: 3.
num_arena_births: 244.
num_arena_deaths: 0.
num_vsnodes_births: 2.
num_vsnodes_deaths: 0.
num_space_committed: 369.
num_space_uncommitted: 0.
num_chunks_returned_to_freelist: 3.
num_chunks_taken_from_freelist: 736.
num_chunk_merges: 3.
num_chunk_splits: 542.
num_chunks_enlarged: 403.
num_inconsistent_stats: 0.

CodeHeap 'non-profiled nmethods': size=120000Kb used=2120Kb max_used=2120Kb free=117879Kb
 bounds [0x0000021787ad0000, 0x0000021787d40000, 0x000002178f000000]
CodeHeap 'profiled nmethods': size=120000Kb used=7554Kb max_used=7554Kb free=112445Kb
 bounds [0x0000021780000000, 0x0000021780770000, 0x0000021787530000]
CodeHeap 'non-nmethods': size=5760Kb used=2084Kb max_used=2121Kb free=3675Kb
 bounds [0x0000021787530000, 0x00000217877a0000, 0x0000021787ad0000]
 total_blobs=5345 nmethods=3694 adapters=1563
 compilation: enabled
              stopped_count=0, restarted_count=0
 full_count=0

Compilation events (20 events):
Event: 6.708 Thread 0x00000217fe5084a0 3659       4       sun.java2d.marlin.FloatMath::min (11 bytes)
Event: 6.708 Thread 0x00000217fe5084a0 nmethod 3659 0x0000021787cded10 code [0x0000021787cdee80, 0x0000021787cdeef8]
Event: 6.709 Thread 0x00000217dc9ead90 nmethod 3658 0x0000021787cdf010 code [0x0000021787cdf180, 0x0000021787cdf238]
Event: 6.709 Thread 0x00000217fe511dd0 nmethod 3654 0x000002178074ef10 code [0x000002178074f220, 0x00000217807505a8]
Event: 6.709 Thread 0x00000217fe511dd0 3655       3       java.lang.Class::isLocalOrAnonymousClass (5 bytes)
Event: 6.709 Thread 0x00000217fe511dd0 nmethod 3655 0x0000021780750b90 code [0x0000021780750d40, 0x0000021780750f38]
Event: 6.709 Thread 0x00000217fe511dd0 3656       3       java.lang.Class::hasEnclosingMethodInfo (17 bytes)
Event: 6.709 Thread 0x00000217fe511dd0 nmethod 3656 0x0000021780751010 code [0x00000217807511c0, 0x0000021780751398]
Event: 6.709 Thread 0x00000217fe511dd0 3657       1       com.google.gson.reflect.TypeToken::hashCode (5 bytes)
Event: 6.709 Thread 0x00000217fe511dd0 nmethod 3657 0x0000021787cdf310 code [0x0000021787cdf4a0, 0x0000021787cdf578]
Event: 6.739 Thread 0x00000217fe511dd0 3660       3       java.util.concurrent.CopyOnWriteArrayList::get (9 bytes)
Event: 6.740 Thread 0x00000217fe511dd0 nmethod 3660 0x0000021780751490 code [0x0000021780751640, 0x00000217807517f8]
Event: 6.740 Thread 0x00000217fe511dd0 3661       3       java.util.concurrent.CopyOnWriteArrayList::elementAt (4 bytes)
Event: 6.740 Thread 0x00000217fe511dd0 nmethod 3661 0x0000021780751910 code [0x0000021780751aa0, 0x0000021780751bb8]
Event: 6.740 Thread 0x00000217fe511dd0 3662       3       processing.opengl.PShader::setTexcoordAttribute (17 bytes)
Event: 6.740 Thread 0x00000217fe511dd0 nmethod 3662 0x0000021780751c90 code [0x0000021780751e20, 0x0000021780751f88]
Event: 6.740 Thread 0x00000217fe511dd0 3663       3       processing.opengl.PShader::setTexture (327 bytes)
Event: 6.741 Thread 0x00000217fe511dd0 nmethod 3663 0x0000021780752090 code [0x0000021780752380, 0x0000021780753308]
Event: 6.741 Thread 0x00000217fe511dd0 3664       3       processing.core.UIFrame::handleMethods (24 bytes)
Event: 6.742 Thread 0x00000217fe511dd0 nmethod 3664 0x0000021780753890 code [0x0000021780753a60, 0x0000021780753dd8]

GC Heap History (20 events):
Event: 4.343 GC heap before
{Heap before GC invocations=7 (full 0):
 garbage-first heap   total 90112K, used 70198K [0x0000000700e00000, 0x0000000800000000)
  region size 2048K, 22 young (45056K), 1 survivors (2048K)
 Metaspace       used 22107K, committed 22336K, reserved 1114112K
  class space    used 1950K, committed 2048K, reserved 1048576K
}
Event: 4.345 GC heap after
{Heap after GC invocations=8 (full 0):
 garbage-first heap   total 90112K, used 30163K [0x0000000700e00000, 0x0000000800000000)
  region size 2048K, 3 young (6144K), 3 survivors (6144K)
 Metaspace       used 22107K, committed 22336K, reserved 1114112K
  class space    used 1950K, committed 2048K, reserved 1048576K
}
Event: 4.539 GC heap before
{Heap before GC invocations=8 (full 0):
 garbage-first heap   total 90112K, used 67027K [0x0000000700e00000, 0x0000000800000000)
  region size 2048K, 21 young (43008K), 3 survivors (6144K)
 Metaspace       used 22154K, committed 22336K, reserved 1114112K
  class space    used 1950K, committed 2048K, reserved 1048576K
}
Event: 4.542 GC heap after
{Heap after GC invocations=9 (full 0):
 garbage-first heap   total 90112K, used 40768K [0x0000000700e00000, 0x0000000800000000)
  region size 2048K, 3 young (6144K), 3 survivors (6144K)
 Metaspace       used 22154K, committed 22336K, reserved 1114112K
  class space    used 1950K, committed 2048K, reserved 1048576K
}
Event: 4.661 GC heap before
{Heap before GC invocations=9 (full 0):
 garbage-first heap   total 90112K, used 63296K [0x0000000700e00000, 0x0000000800000000)
  region size 2048K, 15 young (30720K), 3 survivors (6144K)
 Metaspace       used 22170K, committed 22400K, reserved 1114112K
  class space    used 1950K, committed 2048K, reserved 1048576K
}
Event: 4.663 GC heap after
{Heap after GC invocations=10 (full 0):
 garbage-first heap   total 90112K, used 47808K [0x0000000700e00000, 0x0000000800000000)
  region size 2048K, 2 young (4096K), 2 survivors (4096K)
 Metaspace       used 22170K, committed 22400K, reserved 1114112K
  class space    used 1950K, committed 2048K, reserved 1048576K
}
Event: 4.762 GC heap before
{Heap before GC invocations=10 (full 0):
 garbage-first heap   total 90112K, used 64192K [0x0000000700e00000, 0x0000000800000000)
  region size 2048K, 11 young (22528K), 2 survivors (4096K)
 Metaspace       used 22200K, committed 22400K, reserved 1114112K
  class space    used 1950K, committed 2048K, reserved 1048576K
}
Event: 4.764 GC heap after
{Heap after GC invocations=11 (full 0):
 garbage-first heap   total 153600K, used 53132K [0x0000000700e00000, 0x0000000800000000)
  region size 2048K, 2 young (4096K), 2 survivors (4096K)
 Metaspace       used 22200K, committed 22400K, reserved 1114112K
  class space    used 1950K, committed 2048K, reserved 1048576K
}
Event: 5.039 GC heap before
{Heap before GC invocations=12 (full 0):
 garbage-first heap   total 153600K, used 104332K [0x0000000700e00000, 0x0000000800000000)
  region size 2048K, 27 young (55296K), 2 survivors (4096K)
 Metaspace       used 22200K, committed 22400K, reserved 1114112K
  class space    used 1950K, committed 2048K, reserved 1048576K
}
Event: 5.042 GC heap after
{Heap after GC invocations=13 (full 0):
 garbage-first heap   total 153600K, used 67968K [0x0000000700e00000, 0x0000000800000000)
  region size 2048K, 4 young (8192K), 4 survivors (8192K)
 Metaspace       used 22200K, committed 22400K, reserved 1114112K
  class space    used 1950K, committed 2048K, reserved 1048576K
}
Event: 5.447 GC heap before
{Heap before GC invocations=13 (full 0):
 garbage-first heap   total 153600K, used 74112K [0x0000000700e00000, 0x0000000800000000)
  region size 2048K, 8 young (16384K), 4 survivors (8192K)
 Metaspace       used 22804K, committed 23040K, reserved 1114112K
  class space    used 2011K, committed 2112K, reserved 1048576K
}
Event: 5.449 GC heap after
{Heap after GC invocations=14 (full 0):
 garbage-first heap   total 153600K, used 69934K [0x0000000700e00000, 0x0000000800000000)
  region size 2048K, 1 young (2048K), 1 survivors (2048K)
 Metaspace       used 22804K, committed 23040K, reserved 1114112K
  class space    used 2011K, committed 2112K, reserved 1048576K
}
Event: 5.964 GC heap before
{Heap before GC invocations=15 (full 0):
 garbage-first heap   total 153600K, used 100654K [0x0000000700e00000, 0x0000000800000000)
  region size 2048K, 7 young (14336K), 1 survivors (2048K)
 Metaspace       used 23156K, committed 23488K, reserved 1114112K
  class space    used 2024K, committed 2176K, reserved 1048576K
}
Event: 5.966 GC heap after
{Heap after GC invocations=16 (full 0):
 garbage-first heap   total 153600K, used 71032K [0x0000000700e00000, 0x0000000800000000)
  region size 2048K, 2 young (4096K), 2 survivors (4096K)
 Metaspace       used 23156K, committed 23488K, reserved 1114112K
  class space    used 2024K, committed 2176K, reserved 1048576K
}
Event: 6.065 GC heap before
{Heap before GC invocations=17 (full 0):
 garbage-first heap   total 153600K, used 77176K [0x0000000700e00000, 0x0000000800000000)
  region size 2048K, 4 young (8192K), 2 survivors (4096K)
 Metaspace       used 23228K, committed 23552K, reserved 1114112K
  class space    used 2031K, committed 2176K, reserved 1048576K
}
Event: 6.066 GC heap after
{Heap after GC invocations=18 (full 0):
 garbage-first heap   total 153600K, used 72290K [0x0000000700e00000, 0x0000000800000000)
  region size 2048K, 2 young (4096K), 2 survivors (4096K)
 Metaspace       used 23228K, committed 23552K, reserved 1114112K
  class space    used 2031K, committed 2176K, reserved 1048576K
}
Event: 6.710 GC heap before
{Heap before GC invocations=19 (full 0):
 garbage-first heap   total 153600K, used 88674K [0x0000000700e00000, 0x0000000800000000)
  region size 2048K, 9 young (18432K), 2 survivors (4096K)
 Metaspace       used 23501K, committed 23808K, reserved 1114112K
  class space    used 2032K, committed 2176K, reserved 1048576K
}
Event: 6.711 GC heap after
{Heap after GC invocations=20 (full 0):
 garbage-first heap   total 153600K, used 72290K [0x0000000700e00000, 0x0000000800000000)
  region size 2048K, 2 young (4096K), 2 survivors (4096K)
 Metaspace       used 23501K, committed 23808K, reserved 1114112K
  class space    used 2032K, committed 2176K, reserved 1048576K
}
Event: 6.726 GC heap before
{Heap before GC invocations=20 (full 0):
 garbage-first heap   total 153600K, used 76386K [0x0000000700e00000, 0x0000000800000000)
  region size 2048K, 3 young (6144K), 2 survivors (4096K)
 Metaspace       used 23501K, committed 23808K, reserved 1114112K
  class space    used 2032K, committed 2176K, reserved 1048576K
}
Event: 6.738 GC heap after
{Heap after GC invocations=21 (full 1):
 garbage-first heap   total 153600K, used 74023K [0x0000000700e00000, 0x0000000800000000)
  region size 2048K, 0 young (0K), 0 survivors (0K)
 Metaspace       used 23501K, committed 23808K, reserved 1114112K
  class space    used 2032K, committed 2176K, reserved 1048576K
}

Dll operation events (20 events):
Event: 0.133 Loaded shared library C:\Users\Samuel.Walker-1\.jdks\corretto-17.0.11\bin\net.dll
Event: 0.135 Loaded shared library C:\Users\Samuel.Walker-1\.jdks\corretto-17.0.11\bin\nio.dll
Event: 0.140 Loaded shared library C:\Users\Samuel.Walker-1\.jdks\corretto-17.0.11\bin\zip.dll
Event: 0.223 Loaded shared library C:\Program Files\JetBrains\IntelliJ IDEA Community Edition 2024.1\bin\breakgen64.dll
Event: 0.234 Loaded shared library C:\Users\Samuel.Walker-1\.jdks\corretto-17.0.11\bin\extnet.dll
Event: 0.261 Loaded shared library C:\Users\Samuel.Walker-1\.jdks\corretto-17.0.11\bin\jimage.dll
Event: 0.275 Loaded shared library C:\Users\Samuel.Walker-1\.jdks\corretto-17.0.11\bin\awt.dll
Event: 0.576 Loaded shared library C:\Users\Samuel.Walker-1\.jdks\corretto-17.0.11\bin\freetype.dll
Event: 0.577 Loaded shared library C:\Users\Samuel.Walker-1\.jdks\corretto-17.0.11\bin\fontmanager.dll
Event: 0.774 Loaded shared library C:\Users\Samuel.Walker-1\.jdks\corretto-17.0.11\bin\verify.dll
Event: 1.011 Loaded shared library C:\Users\Samuel.Walker-1\.jdks\corretto-17.0.11\bin\javajpeg.dll
Event: 1.015 Loaded shared library C:\Users\Samuel.Walker-1\.jdks\corretto-17.0.11\bin\lcms.dll
Event: 2.169 Loaded shared library D:\Xbuilders2\natives\windows-amd64\gluegen_rt.dll
Event: 2.175 Loaded shared library C:\Users\Samuel.Walker-1\.jdks\corretto-17.0.11\bin\jawt.dll
Event: 2.182 Loaded shared library D:\Xbuilders2\natives\windows-amd64\nativewindow_awt.dll
Event: 2.200 Loaded shared library D:\Xbuilders2\natives\windows-amd64\nativewindow_win32.dll
Event: 2.314 Loaded shared library D:\Xbuilders2\natives\windows-amd64\jogl_desktop.dll
Event: 2.465 Loaded shared library D:\Xbuilders2\natives\windows-amd64\jogl_mobile.dll
Event: 3.191 Loaded shared library D:\Xbuilders2\natives\windows-amd64\newt_head.dll
Event: 3.557 Loaded shared library C:\Users\Samuel.Walker-1\AppData\Local\Temp\lwjgl_Samuel\3.3.3+5\x64\lwjgl.dll

Deoptimization events (20 events):
Event: 6.030 Thread 0x00000217d8e4e430 DEOPT PACKING pc=0x0000021787c87dec sp=0x0000006187ffdef0
Event: 6.030 Thread 0x00000217d8e4e430 DEOPT UNPACKING pc=0x00000217875869a3 sp=0x0000006187ffdd10 mode 2
Event: 6.066 Thread 0x00000217d8e4e430 Uncommon trap: trap_request=0xffffff45 fr.pc=0x0000021787c591e4 relative=0x0000000000000324
Event: 6.066 Thread 0x00000217d8e4e430 Uncommon trap: reason=unstable_if action=reinterpret pc=0x0000021787c591e4 method=processing.opengl.Texture.convertToRGBA([IIII)V @ 159 c2
Event: 6.066 Thread 0x00000217d8e4e430 DEOPT PACKING pc=0x0000021787c591e4 sp=0x0000006187ffe470
Event: 6.066 Thread 0x00000217d8e4e430 DEOPT UNPACKING pc=0x00000217875869a3 sp=0x0000006187ffe400 mode 2
Event: 6.103 Thread 0x00000217d8e4e430 DEOPT PACKING pc=0x0000021780642f8c sp=0x0000006187ffe130
Event: 6.103 Thread 0x00000217d8e4e430 DEOPT UNPACKING pc=0x0000021787587143 sp=0x0000006187ffd580 mode 0
Event: 6.386 Thread 0x00000217d8e4e430 DEOPT PACKING pc=0x00000217806a3dee sp=0x0000006187ffdfa0
Event: 6.386 Thread 0x00000217d8e4e430 DEOPT UNPACKING pc=0x0000021787587143 sp=0x0000006187ffd4a0 mode 0
Event: 6.469 Thread 0x00000217d8e4e430 DEOPT PACKING pc=0x00000217806a3c3b sp=0x0000006187ffdfa0
Event: 6.469 Thread 0x00000217d8e4e430 DEOPT UNPACKING pc=0x0000021787587143 sp=0x0000006187ffd490 mode 0
Event: 6.502 Thread 0x00000217d8e4e430 DEOPT PACKING pc=0x00000217806a3a50 sp=0x0000006187ffdf90
Event: 6.502 Thread 0x00000217d8e4e430 DEOPT UNPACKING pc=0x0000021787587143 sp=0x0000006187ffd490 mode 0
Event: 6.518 Thread 0x00000217d8e4e430 Uncommon trap: trap_request=0xffffff6e fr.pc=0x0000021787cc69a4 relative=0x00000000000006e4
Event: 6.518 Thread 0x00000217d8e4e430 Uncommon trap: reason=loop_limit_check action=maybe_recompile pc=0x0000021787cc69a4 method=jogamp.opengl.glu.tessellator.PriorityQSort.pqInit()Z @ 374 c2
Event: 6.518 Thread 0x00000217d8e4e430 DEOPT PACKING pc=0x0000021787cc69a4 sp=0x0000006187ffdff0
Event: 6.518 Thread 0x00000217d8e4e430 DEOPT UNPACKING pc=0x00000217875869a3 sp=0x0000006187ffdfa0 mode 2
Event: 6.570 Thread 0x00000217d8e4e430 DEOPT PACKING pc=0x00000217806a6c7f sp=0x0000006187ffe040
Event: 6.570 Thread 0x00000217d8e4e430 DEOPT UNPACKING pc=0x0000021787587143 sp=0x0000006187ffd498 mode 0

Classes unloaded (0 events):
No events

Classes redefined (0 events):
No events

Internal exceptions (20 events):
Event: 3.416 Thread 0x00000217d8e4e430 Exception <a 'java/lang/ClassNotFoundException'{0x000000070b166ec0}: sun/net/www/protocol/d/Handler> (0x000000070b166ec0) 
thrown [s\src\hotspot\share\classfile\systemDictionary.cpp, line 256]
Event: 3.428 Thread 0x00000217d8e4e430 Exception <a 'java/lang/ClassNotFoundException'{0x000000070b1af7d8}: sun/net/www/protocol/d/Handler> (0x000000070b1af7d8) 
thrown [s\src\hotspot\share\classfile\systemDictionary.cpp, line 256]
Event: 3.475 Thread 0x00000217d8e4e430 Exception <a 'java/lang/ClassNotFoundException'{0x000000070a979850}: sun/net/www/protocol/d/Handler> (0x000000070a979850) 
thrown [s\src\hotspot\share\classfile\systemDictionary.cpp, line 256]
Event: 3.476 Thread 0x00000217d8e4e430 Exception <a 'java/lang/ClassNotFoundException'{0x000000070a9860d0}: sun/net/www/protocol/d/Handler> (0x000000070a9860d0) 
thrown [s\src\hotspot\share\classfile\systemDictionary.cpp, line 256]
Event: 3.480 Thread 0x00000217d8e4e430 Exception <a 'java/lang/ClassNotFoundException'{0x000000070a6389c0}: sun/net/www/protocol/d/Handler> (0x000000070a6389c0) 
thrown [s\src\hotspot\share\classfile\systemDictionary.cpp, line 256]
Event: 3.483 Thread 0x00000217d8e4e430 Exception <a 'java/lang/ClassNotFoundException'{0x000000070a653668}: sun/net/www/protocol/d/Handler> (0x000000070a653668) 
thrown [s\src\hotspot\share\classfile\systemDictionary.cpp, line 256]
Event: 3.491 Thread 0x00000217d8e4e430 Exception <a 'java/lang/ClassNotFoundException'{0x000000070a474a78}: sun/net/www/protocol/d/Handler> (0x000000070a474a78) 
thrown [s\src\hotspot\share\classfile\systemDictionary.cpp, line 256]
Event: 3.492 Thread 0x00000217d8e4e430 Exception <a 'java/lang/ClassNotFoundException'{0x000000070a48b820}: sun/net/www/protocol/d/Handler> (0x000000070a48b820) 
thrown [s\src\hotspot\share\classfile\systemDictionary.cpp, line 256]
Event: 3.512 Thread 0x00000217d8e4e430 Exception <a 'java/lang/NoSuchMethodError'{0x000000070a2776f0}: 'int java.lang.invoke.DirectMethodHandle$Holder.invokeSpecial(java.lang.Object, java.lang.Object, java.lang.Object)'> (0x000000070a2776f0) 
thrown [s\src\hotspot\share\interpreter\linkResolver.cpp, line 759]
Event: 3.540 Thread 0x00000217d8e4e430 Exception <a 'java/lang/NoSuchMethodError'{0x000000070a35ec50}: 'java.lang.Object java.lang.invoke.DirectMethodHandle$Holder.invokeStatic(java.lang.Object, java.lang.Object, int)'> (0x000000070a35ec50) 
thrown [s\src\hotspot\share\interpreter\linkResolver.cpp, line 759]
Event: 3.541 Thread 0x00000217d8e4e430 Exception <a 'java/lang/NoSuchMethodError'{0x000000070a369e98}: 'void java.lang.invoke.DelegatingMethodHandle$Holder.delegate(java.lang.Object, java.lang.Object, int, java.lang.Object)'> (0x000000070a369e98) 
thrown [s\src\hotspot\share\interpreter\linkResolver.cpp, line 759]
Event: 3.555 Thread 0x00000217d8e4e430 Exception <a 'sun/nio/fs/WindowsException'{0x000000070a3ad968}> (0x000000070a3ad968) 
thrown [s\src\hotspot\share\prims\jni.cpp, line 516]
Event: 3.555 Thread 0x00000217d8e4e430 Exception <a 'sun/nio/fs/WindowsException'{0x000000070a3adce8}> (0x000000070a3adce8) 
thrown [s\src\hotspot\share\prims\jni.cpp, line 516]
Event: 3.587 Thread 0x00000217d8e4e430 Exception <a 'java/lang/NoSuchMethodError'{0x000000070a0752f8}: 'int java.lang.invoke.DirectMethodHandle$Holder.invokeStaticInit(java.lang.Object, java.lang.Object, int, long)'> (0x000000070a0752f8) 
thrown [s\src\hotspot\share\interpreter\linkResolver.cpp, line 759]
Event: 3.589 Thread 0x00000217d8e4e430 Exception <a 'java/lang/NoSuchMethodError'{0x000000070a085c48}: 'int java.lang.invoke.DirectMethodHandle$Holder.invokeStaticInit(java.lang.Object, java.lang.Object, long, long)'> (0x000000070a085c48) 
thrown [s\src\hotspot\share\interpreter\linkResolver.cpp, line 759]
Event: 3.590 Thread 0x00000217d8e4e430 Exception <a 'java/lang/NoSuchMethodError'{0x000000070a08fe20}: 'int java.lang.invoke.DirectMethodHandle$Holder.invokeStaticInit(java.lang.Object, java.lang.Object, java.lang.Object, long)'> (0x000000070a08fe20) 
thrown [s\src\hotspot\share\interpreter\linkResolver.cpp, line 759]
Event: 3.599 Thread 0x00000217d8e4e430 Exception <a 'sun/nio/fs/WindowsException'{0x000000070a0c87b0}> (0x000000070a0c87b0) 
thrown [s\src\hotspot\share\prims\jni.cpp, line 516]
Event: 3.599 Thread 0x00000217d8e4e430 Exception <a 'sun/nio/fs/WindowsException'{0x000000070a0c8b70}> (0x000000070a0c8b70) 
thrown [s\src\hotspot\share\prims\jni.cpp, line 516]
Event: 3.672 Thread 0x00000217d8e4e430 Implicit null exception at 0x0000021787b40186 to 0x0000021787b40430
Event: 5.821 Thread 0x00000217d8e4e430 Implicit null exception at 0x0000021787bcd9cc to 0x0000021787bcdfb8

VM Operations (20 events):
Event: 5.469 Executing VM operation: G1PauseCleanup
Event: 5.469 Executing VM operation: G1PauseCleanup done
Event: 5.964 Executing VM operation: G1TryInitiateConcMark
Event: 5.966 Executing VM operation: G1TryInitiateConcMark done
Event: 5.978 Executing VM operation: G1PauseRemark
Event: 5.980 Executing VM operation: G1PauseRemark done
Event: 5.985 Executing VM operation: G1PauseCleanup
Event: 5.985 Executing VM operation: G1PauseCleanup done
Event: 6.065 Executing VM operation: G1TryInitiateConcMark
Event: 6.066 Executing VM operation: G1TryInitiateConcMark done
Event: 6.078 Executing VM operation: G1PauseRemark
Event: 6.079 Executing VM operation: G1PauseRemark done
Event: 6.084 Executing VM operation: G1PauseCleanup
Event: 6.084 Executing VM operation: G1PauseCleanup done
Event: 6.710 Executing VM operation: G1TryInitiateConcMark
Event: 6.711 Executing VM operation: G1TryInitiateConcMark done
Event: 6.723 Executing VM operation: G1PauseRemark
Event: 6.725 Executing VM operation: G1PauseRemark done
Event: 6.726 Executing VM operation: G1CollectFull
Event: 6.739 Executing VM operation: G1CollectFull done

Events (20 events):
Event: 5.166 loading class sun/java2d/marlin/Helpers
Event: 5.166 loading class sun/java2d/marlin/Helpers done
Event: 5.166 loading class sun/java2d/marlin/ArrayCacheConst
Event: 5.167 loading class sun/java2d/marlin/ArrayCacheConst done
Event: 5.488 Thread 0x00000217dc9ead90 Thread added: 0x00000217dc9ead90
Event: 5.692 Thread 0x00000217dc9ead90 Thread exited: 0x00000217dc9ead90
Event: 5.728 Thread 0x00000217dc9ead90 Thread added: 0x00000217dc9ead90
Event: 5.821 loading class jdk/internal/math/FormattedFloatingDecimal$Form
Event: 5.821 loading class jdk/internal/math/FormattedFloatingDecimal$Form done
Event: 5.821 loading class jdk/internal/math/FormattedFloatingDecimal
Event: 5.821 loading class jdk/internal/math/FormattedFloatingDecimal done
Event: 5.821 loading class jdk/internal/math/FormattedFloatingDecimal$1
Event: 5.821 loading class jdk/internal/math/FormattedFloatingDecimal$1 done
Event: 5.822 loading class jdk/internal/math/FormattedFloatingDecimal$2
Event: 5.822 loading class jdk/internal/math/FormattedFloatingDecimal$2 done
Event: 5.962 loading class jdk/internal/reflect/UnsafeDoubleFieldAccessorImpl
Event: 5.962 loading class jdk/internal/reflect/UnsafeDoubleFieldAccessorImpl done
Event: 5.962 loading class jdk/internal/reflect/UnsafeObjectFieldAccessorImpl
Event: 5.962 loading class jdk/internal/reflect/UnsafeObjectFieldAccessorImpl done
Event: 6.739 Thread 0x00000217d8e49840 Thread added: 0x00000217d8e49840


Dynamic libraries:
0x00007ff7a4450000 - 0x00007ff7a445e000 	C:\Users\Samuel.Walker-1\.jdks\corretto-17.0.11\bin\java.exe
0x00007ffa62630000 - 0x00007ffa62828000 	C:\WINDOWS\SYSTEM32\ntdll.dll
0x00007ffa62340000 - 0x00007ffa623fd000 	C:\WINDOWS\System32\KERNEL32.DLL
0x00007ffa5ff40000 - 0x00007ffa60236000 	C:\WINDOWS\System32\KERNELBASE.dll
0x00007ffa60270000 - 0x00007ffa60370000 	C:\WINDOWS\System32\ucrtbase.dll
0x00007ffa5d200000 - 0x00007ffa5d21b000 	C:\Users\Samuel.Walker-1\.jdks\corretto-17.0.11\bin\VCRUNTIME140.dll
0x00007ffa5d1e0000 - 0x00007ffa5d1f7000 	C:\Users\Samuel.Walker-1\.jdks\corretto-17.0.11\bin\jli.dll
0x00007ffa60c70000 - 0x00007ffa60e0f000 	C:\WINDOWS\System32\USER32.dll
0x00007ffa56a10000 - 0x00007ffa56caa000 	C:\WINDOWS\WinSxS\amd64_microsoft.windows.common-controls_6595b64144ccf1df_6.0.19041.4355_none_60b8b9eb71f62e16\COMCTL32.dll
0x00007ffa60b50000 - 0x00007ffa60bee000 	C:\WINDOWS\System32\msvcrt.dll
0x00007ffa60710000 - 0x00007ffa6073b000 	C:\WINDOWS\System32\GDI32.dll
0x00007ffa60420000 - 0x00007ffa60442000 	C:\WINDOWS\System32\win32u.dll
0x00007ffa5fcf0000 - 0x00007ffa5fe07000 	C:\WINDOWS\System32\gdi32full.dll
0x00007ffa5fea0000 - 0x00007ffa5ff3d000 	C:\WINDOWS\System32\msvcp_win.dll
0x00007ffa62140000 - 0x00007ffa6216f000 	C:\WINDOWS\System32\IMM32.DLL
0x00007ffa5d1d0000 - 0x00007ffa5d1dc000 	C:\Users\Samuel.Walker-1\.jdks\corretto-17.0.11\bin\vcruntime140_1.dll
0x00007ffa49680000 - 0x00007ffa4970d000 	C:\Users\Samuel.Walker-1\.jdks\corretto-17.0.11\bin\msvcp140.dll
0x00007ffa25f50000 - 0x00007ffa26bb2000 	C:\Users\Samuel.Walker-1\.jdks\corretto-17.0.11\bin\server\jvm.dll
0x00007ffa61790000 - 0x00007ffa61840000 	C:\WINDOWS\System32\ADVAPI32.dll
0x00007ffa60670000 - 0x00007ffa60710000 	C:\WINDOWS\System32\sechost.dll
0x00007ffa624c0000 - 0x00007ffa625e3000 	C:\WINDOWS\System32\RPCRT4.dll
0x00007ffa60240000 - 0x00007ffa60267000 	C:\WINDOWS\System32\bcrypt.dll
0x00007ffa4fc80000 - 0x00007ffa4fc89000 	C:\WINDOWS\SYSTEM32\WSOCK32.dll
0x00007ffa55fa0000 - 0x00007ffa55fc7000 	C:\WINDOWS\SYSTEM32\WINMM.dll
0x00007ffa61f20000 - 0x00007ffa61f8b000 	C:\WINDOWS\System32\WS2_32.dll
0x00007ffa5f590000 - 0x00007ffa5f5db000 	C:\WINDOWS\SYSTEM32\POWRPROF.dll
0x00007ffa5ab00000 - 0x00007ffa5ab0a000 	C:\WINDOWS\SYSTEM32\VERSION.dll
0x00007ffa5f530000 - 0x00007ffa5f542000 	C:\WINDOWS\SYSTEM32\UMPDC.dll
0x00007ffa5db50000 - 0x00007ffa5db62000 	C:\WINDOWS\SYSTEM32\kernel.appcore.dll
0x00007ffa5cef0000 - 0x00007ffa5cefa000 	C:\Users\Samuel.Walker-1\.jdks\corretto-17.0.11\bin\jimage.dll
0x00007ffa4f510000 - 0x00007ffa4f6f4000 	C:\WINDOWS\SYSTEM32\DBGHELP.DLL
0x00007ffa4f4d0000 - 0x00007ffa4f504000 	C:\WINDOWS\SYSTEM32\dbgcore.DLL
0x00007ffa5fe10000 - 0x00007ffa5fe92000 	C:\WINDOWS\System32\bcryptPrimitives.dll
0x00007ffa5b3a0000 - 0x00007ffa5b3ae000 	C:\Users\Samuel.Walker-1\.jdks\corretto-17.0.11\bin\instrument.dll
0x00007ffa5cec0000 - 0x00007ffa5cee5000 	C:\Users\Samuel.Walker-1\.jdks\corretto-17.0.11\bin\java.dll
0x00007ffa42aa0000 - 0x00007ffa42b77000 	C:\Users\Samuel.Walker-1\.jdks\corretto-17.0.11\bin\jsvml.dll
0x00007ffa61020000 - 0x00007ffa6178c000 	C:\WINDOWS\System32\SHELL32.dll
0x00007ffa5dd50000 - 0x00007ffa5e4ed000 	C:\WINDOWS\SYSTEM32\windows.storage.dll
0x00007ffa60740000 - 0x00007ffa60a93000 	C:\WINDOWS\System32\combase.dll
0x00007ffa5f630000 - 0x00007ffa5f65e000 	C:\WINDOWS\SYSTEM32\Wldp.dll
0x00007ffa619d0000 - 0x00007ffa61a9d000 	C:\WINDOWS\System32\OLEAUT32.dll
0x00007ffa62290000 - 0x00007ffa6233d000 	C:\WINDOWS\System32\SHCORE.dll
0x00007ffa60e20000 - 0x00007ffa60e75000 	C:\WINDOWS\System32\shlwapi.dll
0x00007ffa5fc20000 - 0x00007ffa5fc44000 	C:\WINDOWS\SYSTEM32\profapi.dll
0x00007ffa5b3b0000 - 0x00007ffa5b3c8000 	C:\Users\Samuel.Walker-1\.jdks\corretto-17.0.11\bin\zip.dll
0x00007ffa5cea0000 - 0x00007ffa5ceb9000 	C:\Users\Samuel.Walker-1\.jdks\corretto-17.0.11\bin\net.dll
0x00007ffa58f40000 - 0x00007ffa5904a000 	C:\WINDOWS\SYSTEM32\WINHTTP.dll
0x00007ffa5f3a0000 - 0x00007ffa5f40a000 	C:\WINDOWS\system32\mswsock.dll
0x00007ffa5b480000 - 0x00007ffa5b496000 	C:\Users\Samuel.Walker-1\.jdks\corretto-17.0.11\bin\nio.dll
0x00007ffa5a500000 - 0x00007ffa5a51a000 	C:\Program Files\JetBrains\IntelliJ IDEA Community Edition 2024.1\bin\breakgen64.dll
0x00007ffa5b390000 - 0x00007ffa5b399000 	C:\Users\Samuel.Walker-1\.jdks\corretto-17.0.11\bin\extnet.dll
0x00007ffa2bfa0000 - 0x00007ffa2c130000 	C:\Users\Samuel.Walker-1\.jdks\corretto-17.0.11\bin\awt.dll
0x00007ffa5d0b0000 - 0x00007ffa5d140000 	C:\WINDOWS\SYSTEM32\apphelp.dll
0x00007ffa5d670000 - 0x00007ffa5d70e000 	C:\WINDOWS\system32\uxtheme.dll
0x00007ffa62170000 - 0x00007ffa62284000 	C:\WINDOWS\System32\MSCTF.dll
0x00007ffa618a0000 - 0x00007ffa619cb000 	C:\WINDOWS\System32\ole32.dll
0x00007ffa5d860000 - 0x00007ffa5d88f000 	C:\WINDOWS\system32\DWMAPI.DLL
0x00007ff9e4de0000 - 0x00007ff9e4f05000 	C:\WINDOWS\system32\opengl32.dll
0x00007ff9e6220000 - 0x00007ff9e624c000 	C:\WINDOWS\SYSTEM32\GLU32.dll
0x00007ff9e4c10000 - 0x00007ff9e4dde000 	C:\WINDOWS\system32\d3d9.dll
0x00007ffa55fd0000 - 0x00007ffa561ab000 	C:\WINDOWS\System32\DriverStore\FileRepository\c0360470.inf_amd64_b06c374aee20d185\B360357\aticfx64.dll
0x00007ff9e4bd0000 - 0x00007ff9e4c03000 	C:\WINDOWS\System32\DriverStore\FileRepository\c0360470.inf_amd64_b06c374aee20d185\B360357\atiu9p64.dll
0x00007ff9e3f30000 - 0x00007ff9e4bc6000 	C:\WINDOWS\System32\DriverStore\FileRepository\c0360470.inf_amd64_b06c374aee20d185\B360357\atiumd64.dll
0x0000000066f80000 - 0x0000000067df9000 	C:\WINDOWS\System32\DriverStore\FileRepository\c0360470.inf_amd64_b06c374aee20d185\B360357\atiumd6a.dll
0x00007ffa55e60000 - 0x00007ffa55e8f000 	C:\WINDOWS\SYSTEM32\amdihk64.dll
0x00007ffa5ab30000 - 0x00007ffa5ab6b000 	C:\WINDOWS\SYSTEM32\dxcore.dll
0x00007ffa604c0000 - 0x00007ffa6050e000 	C:\WINDOWS\System32\cfgmgr32.dll
0x00007ffa42de0000 - 0x00007ffa42e67000 	C:\Users\Samuel.Walker-1\.jdks\corretto-17.0.11\bin\freetype.dll
0x00007ffa42790000 - 0x00007ffa42872000 	C:\Users\Samuel.Walker-1\.jdks\corretto-17.0.11\bin\fontmanager.dll
0x00007ffa57510000 - 0x00007ffa57520000 	C:\Users\Samuel.Walker-1\.jdks\corretto-17.0.11\bin\verify.dll
0x00007ffa452d0000 - 0x00007ffa453c9000 	C:\WINDOWS\SYSTEM32\textinputframework.dll
0x00007ffa5c4d0000 - 0x00007ffa5c82b000 	C:\WINDOWS\System32\CoreUIComponents.dll
0x00007ffa5c830000 - 0x00007ffa5c922000 	C:\WINDOWS\System32\CoreMessaging.dll
0x00007ffa5eda0000 - 0x00007ffa5edd3000 	C:\WINDOWS\SYSTEM32\ntmarta.dll
0x00007ffa5b1f0000 - 0x00007ffa5b347000 	C:\WINDOWS\SYSTEM32\wintypes.dll
0x00007ffa57430000 - 0x00007ffa5745d000 	C:\Users\Samuel.Walker-1\.jdks\corretto-17.0.11\bin\javajpeg.dll
0x00007ffa49640000 - 0x00007ffa49680000 	C:\Users\Samuel.Walker-1\.jdks\corretto-17.0.11\bin\lcms.dll
0x00007ffa5f980000 - 0x00007ffa5f998000 	C:\WINDOWS\SYSTEM32\CRYPTSP.dll
0x00007ffa5ec80000 - 0x00007ffa5ecb4000 	C:\WINDOWS\system32\rsaenh.dll
0x00007ffa5fb90000 - 0x00007ffa5fbbe000 	C:\WINDOWS\SYSTEM32\USERENV.dll
0x00007ffa5f550000 - 0x00007ffa5f55c000 	C:\WINDOWS\SYSTEM32\CRYPTBASE.dll
0x00007ffa5f0a0000 - 0x00007ffa5f0db000 	C:\WINDOWS\SYSTEM32\IPHLPAPI.DLL
0x00007ffa60e10000 - 0x00007ffa60e18000 	C:\WINDOWS\System32\NSI.dll
0x00007ffa59f80000 - 0x00007ffa59f97000 	C:\WINDOWS\SYSTEM32\dhcpcsvc6.DLL
0x00007ffa59f60000 - 0x00007ffa59f7d000 	C:\WINDOWS\SYSTEM32\dhcpcsvc.DLL
0x00007ffa5f0e0000 - 0x00007ffa5f1aa000 	C:\WINDOWS\SYSTEM32\DNSAPI.dll
0x000000006e8c0000 - 0x000000006e8cd000 	D:\Xbuilders2\natives\windows-amd64\gluegen_rt.dll
0x00007ffa57420000 - 0x00007ffa57427000 	C:\Users\Samuel.Walker-1\.jdks\corretto-17.0.11\bin\jawt.dll
0x000000006a440000 - 0x000000006a44d000 	D:\Xbuilders2\natives\windows-amd64\nativewindow_awt.dll
0x000000006c100000 - 0x000000006c110000 	D:\Xbuilders2\natives\windows-amd64\nativewindow_win32.dll
0x0000000064500000 - 0x0000000064585000 	D:\Xbuilders2\natives\windows-amd64\jogl_desktop.dll
0x0000000064340000 - 0x0000000064391000 	D:\Xbuilders2\natives\windows-amd64\jogl_mobile.dll
0x00007ffa60e80000 - 0x00007ffa60f29000 	C:\WINDOWS\System32\clbcatq.dll
0x00007ffa59670000 - 0x00007ffa59773000 	C:\Windows\System32\AppXDeploymentClient.dll
0x00007ffa56e10000 - 0x00007ffa56e3a000 	C:\WINDOWS\System32\DriverStore\FileRepository\c0360470.inf_amd64_b06c374aee20d185\B360357\atig6pxx.dll
0x00007ffa15030000 - 0x00007ffa17d17000 	C:\WINDOWS\System32\DriverStore\FileRepository\c0360470.inf_amd64_b06c374aee20d185\B360357\atio6axx.dll
0x00007ffa61aa0000 - 0x00007ffa61f0e000 	C:\WINDOWS\System32\SETUPAPI.dll
0x00007ffa46960000 - 0x00007ffa46984000 	C:\WINDOWS\SYSTEM32\dxva2.dll
0x00007ffa442c0000 - 0x00007ffa442fc000 	C:\WINDOWS\System32\DriverStore\FileRepository\c0360470.inf_amd64_b06c374aee20d185\B360357\atig6txx.dll
0x00007ffa27050000 - 0x00007ffa27209000 	C:\WINDOWS\SYSTEM32\atiadlxx.dll
0x00007ffa61f10000 - 0x00007ffa61f18000 	C:\WINDOWS\System32\PSAPI.DLL
0x00007ffa5aea0000 - 0x00007ffa5af96000 	C:\WINDOWS\SYSTEM32\PROPSYS.dll
0x00007ffa5fa70000 - 0x00007ffa5faa3000 	C:\WINDOWS\SYSTEM32\DEVOBJ.dll
0x00007ffa60450000 - 0x00007ffa604b9000 	C:\WINDOWS\System32\WINTRUST.dll
0x00007ffa60510000 - 0x00007ffa6066e000 	C:\WINDOWS\System32\CRYPT32.dll
0x00007ffa5fa30000 - 0x00007ffa5fa42000 	C:\WINDOWS\SYSTEM32\MSASN1.dll
0x0000000070d80000 - 0x0000000070d93000 	D:\Xbuilders2\natives\windows-amd64\newt_head.dll
0x00007ffa59810000 - 0x00007ffa598be000 	C:\WINDOWS\SYSTEM32\mscms.dll
0x00007ffa59ec0000 - 0x00007ffa59ed1000 	C:\WINDOWS\SYSTEM32\ColorAdapterClient.dll
0x00007ffa58030000 - 0x00007ffa58073000 	C:\WINDOWS\SYSTEM32\icm32.dll
0x00007ffa3bab0000 - 0x00007ffa3bb2b000 	C:\Users\Samuel.Walker-1\AppData\Local\Temp\lwjgl_Samuel\3.3.3+5\x64\lwjgl.dll
0x00007ffa235d0000 - 0x00007ffa23840000 	C:\Users\SAMUEL~1.WAL\AppData\Local\Temp\lwjgl_Samuel\3.3.3+5\x64\jemalloc.dll

dbghelp: loaded successfully - version: 4.0.5 - missing functions: none
symbol engine: initialized successfully - sym options: 0x614 - pdb path: .;C:\Users\Samuel.Walker-1\.jdks\corretto-17.0.11\bin;C:\WINDOWS\SYSTEM32;C:\WINDOWS\WinSxS\amd64_microsoft.windows.common-controls_6595b64144ccf1df_6.0.19041.4355_none_60b8b9eb71f62e16;C:\Users\Samuel.Walker-1\.jdks\corretto-17.0.11\bin\server;C:\Program Files\JetBrains\IntelliJ IDEA Community Edition 2024.1\bin;C:\WINDOWS\System32\DriverStore\FileRepository\c0360470.inf_amd64_b06c374aee20d185\B360357;D:\Xbuilders2\natives\windows-amd64;C:\Users\Samuel.Walker-1\AppData\Local\Temp\lwjgl_Samuel\3.3.3+5\x64;C:\Users\SAMUEL~1.WAL\AppData\Local\Temp\lwjgl_Samuel\3.3.3+5\x64

VM Arguments:
jvm_args: -javaagent:C:\Program Files\JetBrains\IntelliJ IDEA Community Edition 2024.1\lib\idea_rt.jar=59467:C:\Program Files\JetBrains\IntelliJ IDEA Community Edition 2024.1\bin -Dfile.encoding=UTF-8 
java_command: com.xbuilders.game.Main devmode
java_class_path (initial): D:\Xbuilders2\target\classes;C:\Users\Samuel.Walker-1\.m2\repository\com\jogamp\com.jogamp.jogl\1.0\com.jogamp.jogl-1.0.jar;C:\Users\Samuel.Walker-1\.m2\repository\org\joml\joml\1.10.5\joml-1.10.5.jar;C:\Users\Samuel.Walker-1\.m2\repository\com\gluegen\com.gluegen\1.0\com.gluegen-1.0.jar;C:\Users\Samuel.Walker-1\.m2\repository\com\processingCore\com.processingCore\1.0\com.processingCore-1.0.jar;C:\Users\Samuel.Walker-1\.m2\repository\org\lwjgl\lwjgl\3.3.3\lwjgl-3.3.3.jar;C:\Users\Samuel.Walker-1\.m2\repository\org\lwjgl\lwjgl-assimp\3.3.3\lwjgl-assimp-3.3.3.jar;C:\Users\Samuel.Walker-1\.m2\repository\org\lwjgl\lwjgl-bgfx\3.3.3\lwjgl-bgfx-3.3.3.jar;C:\Users\Samuel.Walker-1\.m2\repository\org\lwjgl\lwjgl-cuda\3.3.3\lwjgl-cuda-3.3.3.jar;C:\Users\Samuel.Walker-1\.m2\repository\org\lwjgl\lwjgl-egl\3.3.3\lwjgl-egl-3.3.3.jar;C:\Users\Samuel.Walker-1\.m2\repository\org\lwjgl\lwjgl-fmod\3.3.3\lwjgl-fmod-3.3.3.jar;C:\Users\Samuel.Walker-1\.m2\repository\org\lwjgl\lwjgl-freetype\3.3.3\lwjgl-freetype-3.3.3.jar;C:\Users\Samuel.Walker-1\.m2\repository\org\lwjgl\lwjgl-glfw\3.3.3\lwjgl-glfw-3.3.3.jar;C:\Users\Samuel.Walker-1\.m2\repository\org\lwjgl\lwjgl-harfbuzz\3.3.3\lwjgl-harfbuzz-3.3.3.jar;C:\Users\Samuel.Walker-1\.m2\repository\org\lwjgl\lwjgl-hwloc\3.3.3\lwjgl-hwloc-3.3.3.jar;C:\Users\Samuel.Walker-1\.m2\repository\org\lwjgl\lwjgl-jawt\3.3.3\lwjgl-jawt-3.3.3.jar;C:\Users\Samuel.Walker-1\.m2\repository\org\lwjgl\lwjgl-jemalloc\3.3.3\lwjgl-jemalloc-3.3.3.jar;C:\Users\Samuel.Walker-1\.m2\repository\org\lwjgl\lwjgl-ktx\3.3.3\lwjgl-ktx-3.3.3.jar;C:\Users\Samuel.Walker-1\.m2\repository\org\lwjgl\lwjgl-libdivide\3.3.3\lwjgl-libdivide-3.3.3.jar;C:\Users\Samuel.Walker-1\.m2\repository\org\lwjgl\lwjgl-llvm\3.3.3\lwjgl-llvm-3.3.3.jar;C:\Users\Samuel.Walker-1\.m2\repository\org\lwjgl\lwjgl-lmdb\3.3.3\lwjgl-lmdb-3.3.3.jar;C:\Users\Samuel.Walker-1\.m2\repository\org\lwjgl\lwjgl-lz4\3.3.3\lwjgl-lz4-3.3.3.jar;C:\Users\Samuel.Walker-1\.m2\repository\org\lwjgl\lwj
Launcher Type: SUN_STANDARD

[Global flags]
     intx CICompilerCount                          = 3                                         {product} {ergonomic}
     uint ConcGCThreads                            = 1                                         {product} {ergonomic}
     uint G1ConcRefinementThreads                  = 4                                         {product} {ergonomic}
   size_t G1HeapRegionSize                         = 2097152                                   {product} {ergonomic}
    uintx GCDrainStackTargetSize                   = 64                                        {product} {ergonomic}
   size_t InitialHeapSize                          = 268435456                                 {product} {ergonomic}
   size_t MarkStackSize                            = 4194304                                   {product} {ergonomic}
   size_t MaxHeapSize                              = 4280287232                                {product} {ergonomic}
   size_t MaxNewSize                               = 2566914048                                {product} {ergonomic}
   size_t MinHeapDeltaBytes                        = 2097152                                   {product} {ergonomic}
   size_t MinHeapSize                              = 8388608                                   {product} {ergonomic}
    uintx NonNMethodCodeHeapSize                   = 5832780                                {pd product} {ergonomic}
    uintx NonProfiledCodeHeapSize                  = 122912730                              {pd product} {ergonomic}
    uintx ProfiledCodeHeapSize                     = 122912730                              {pd product} {ergonomic}
    uintx ReservedCodeCacheSize                    = 251658240                              {pd product} {ergonomic}
     bool SegmentedCodeCache                       = true                                      {product} {ergonomic}
   size_t SoftMaxHeapSize                          = 4280287232                             {manageable} {ergonomic}
     bool UseCompressedClassPointers               = true                           {product lp64_product} {ergonomic}
     bool UseCompressedOops                        = true                           {product lp64_product} {ergonomic}
     bool UseG1GC                                  = true                                      {product} {ergonomic}
     bool UseLargePagesIndividualAllocation        = false                                  {pd product} {ergonomic}

Logging:
Log output configuration:
 #0: stdout all=warning uptime,level,tags
 #1: stderr all=off uptime,level,tags

Environment Variables:
JAVA_HOME=C:\Program Files\Java\jdk1.8.0_221
PATH=C:\Program Files\Common Files\Oracle\Java\javapath;C:\Program Files (x86)\AMD APP\bin\x86_64;C:\Program Files (x86)\AMD APP\bin\x86;C:\WINDOWS\system32;C:\WINDOWS;C:\WINDOWS\System32\Wbem;C:\WINDOWS\System32\WindowsPowerShell\v1.0\;C:\Program Files (x86)\Microsoft ASP.NET\ASP.NET Web Pages\v1.0\;C:\Program Files\Microsoft SQL Server\110\Tools\Binn\;C:\Program Files (x86)\Microsoft SQL Server\110\Tools\Binn\;C:\Program Files (x86)\Microsoft SQL Server\110\DTS\Binn\;C:\Program Files (x86)\Microsoft SQL Server\110\Tools\Binn\ManagementStudio\;C:\Program Files (x86)\ATI Technologies\ATI.ACE\Core-Static;C:\Program Files\Microsoft\Web Platform Installer\;C:\Program Files\Microsoft SQL Server\120\Tools\Binn\;C:\Program Files (x86)\QuickTime\QTSystem\;C:\Program Files (x86)\AMD\ATI.ACE\Core-Static;C:\Program Files (x86)\Skype\Phone\;C:\Program Files (x86)\Heroku\bin;C:\Program Files (x86)\git\cmd;C:\Program Files\Microsoft SQL Server\130\Tools\Binn\;C:\Program Files\dotnet\;C:\Program Files (x86)\IVI Foundation\VISA\WinNT\Bin;C:\WINDOWS\System32\OpenSSH\;C:\Program Files\Microsoft VS Code\bin;C:\Program Files\nodejs\;C:\Program Files\Java\jdk1.8.0_221\bin;C:\Program Files\heroku\bin;C:\Program Files\PuTTY\;C:\Program Files\Docker\Docker\resources\bin;C:\Program Files (x86)\Windows Kits\10\Windows Performance Toolkit\;C:\Program Files\Git\cmd;C:\Users\Samuel.Walker-1\AppData\Local\Microsoft\WindowsApps;C:\Users\Samuel.Walker-1\AppData\Local\GitHubDesktop\bin
USERNAME=Samuel
OS=Windows_NT
PROCESSOR_IDENTIFIER=Intel64 Family 6 Model 58 Stepping 9, GenuineIntel
TMP=C:\Users\SAMUEL~1.WAL\AppData\Local\Temp
TEMP=C:\Users\SAMUEL~1.WAL\AppData\Local\Temp



Periodic native trim disabled


---------------  S Y S T E M  ---------------

OS:
 Windows 10 , 64 bit Build 19041 (10.0.19041.3636)
OS uptime: 0 days 3:56 hours
Hyper-V role detected

CPU: total 4 (initial active 4) (4 cores per cpu, 1 threads per core) family 6 model 58 stepping 9 microcode 0x21, cx8, cmov, fxsr, mmx, sse, sse2, sse3, ssse3, sse4.1, sse4.2, popcnt, tsc, tscinvbit, avx, aes, erms, clmul, vzeroupper, clflush, hv
Processor Information for all 4 processors :
  Max Mhz: 3401, Current Mhz: 3401, Mhz Limit: 3401

Memory: 4k page, system-wide physical 16327M (6742M free)
TotalPageFile size 18759M (AvailPageFile size 6302M)
current process WorkingSet (physical memory assigned to process): 340M, peak: 359M
current process commit charge ("private bytes"): 468M, peak: 525M

vm_info: OpenJDK 64-Bit Server VM (17.0.11+9-LTS) for windows-amd64 JRE (17.0.11+9-LTS), built on Apr 10 2024 22:12:24 by "Administrator" with MS VC++ 16.10 / 16.11 (VS2019)

END.
