#
# A fatal error has been detected by the Java Runtime Environment:
#
#  EXCEPTION_ACCESS_VIOLATION (0xc0000005) at pc=0x00007ffdbde4a169, pid=15992, tid=13520
#
# JRE version: Java(TM) SE Runtime Environment (17.0.1+12) (build 17.0.1+12-LTS-39)
# Java VM: Java HotSpot(TM) 64-Bit Server VM (17.0.1+12-LTS-39, mixed mode, sharing, tiered, compressed oops, compressed class ptrs, g1 gc, windows-amd64)
# Problematic frame:
# C  [atio6axx.dll+0x2dba169]
#
# No core dump will be written. Minidumps are not enabled by default on client versions of Windows
#
# If you would like to submit a bug report, please visit:
#   https://bugreport.java.com/bugreport/crash.jsp
# The crash happened outside the Java Virtual Machine in native code.
# See problematic frame for where to report the bug.
#

---------------  S U M M A R Y ------------

Command Line: -XX:+ShowCodeDetailsInExceptionMessages com.xbuilders.game.Main

Host: AMD Ryzen 7 5700U with Radeon Graphics         , 16 cores, 15G,  Windows 10 , 64 bit Build 22621 (10.0.22621.3672)
Time: Fri Jun 21 07:21:48 2024 Mountain Daylight Time elapsed time: 17.292672 seconds (0d 0h 0m 17s)

---------------  T H R E A D  ---------------

Current thread (0x0000027a4fd5c740):  JavaThread "Thread-6" [_thread_in_native, id=13520, stack(0x0000009982b00000,0x0000009982c00000)]

Stack: [0x0000009982b00000,0x0000009982c00000],  sp=0x0000009982bfef08,  free space=1019k
Native frames: (J=compiled Java code, j=interpreted, Vv=VM code, C=native code)
C  [atio6axx.dll+0x2dba169]

Java frames: (J=compiled Java code, j=interpreted, Vv=VM code)
j  jogamp.opengl.gl4.GL4bcImpl.dispatch_glCreateShader1(IJ)I+0
j  jogamp.opengl.gl4.GL4bcImpl.glCreateShader(I)I+40
j  com.xbuilders.window.Shader.loadShader(Ljava/io/File;I)I+86
j  com.xbuilders.window.Shader.init(Ljava/io/File;Ljava/io/File;)V+5
j  com.xbuilders.test.joglDemo.shader.glTextureShader.<init>(Lcom/jogamp/opengl/GL4;)V+36
j  com.xbuilders.game.items.entities.animals.FoxEntityLink$Fox.initAnimal([B)V+52
j  com.xbuilders.game.items.entities.mobile.Animal.initialize([BZ)V+327
j  com.xbuilders.engine.items.entity.EntityLink.makeNew(Lcom/xbuilders/engine/world/chunk/SubChunk;FFF[BZ)Lcom/xbuilders/engine/items/entity/Entity;+87
j  com.xbuilders.engine.world.chunk.ChunkSavingLoading.readEntities([BLcom/xbuilders/engine/world/chunk/SubChunk;I)I+173
j  com.xbuilders.engine.world.chunk.ChunkSavingLoading.readChunkFromFile(Lcom/xbuilders/engine/world/chunk/Chunk;Ljava/io/File;)V+59
J 3882 c1 com.xbuilders.engine.world.chunk.Chunk.load(Lcom/xbuilders/engine/world/info/WorldInfo;Lcom/xbuilders/game/terrain/Terrain;)V (63 bytes) @ 0x0000027a28be9ad4 [0x0000027a28be95c0+0x0000000000000514]
J 3843 c1 com.xbuilders.engine.world.World.makeChunk(Lcom/xbuilders/engine/world/chunk/ChunkCoords;)Lcom/xbuilders/engine/world/chunk/Chunk; (134 bytes) @ 0x0000027a28bd9d2c [0x0000027a28bd91c0+0x0000000000000b6c]
j  com.xbuilders.engine.world.World$1.run()V+290
v  ~StubRoutines::call_stub

siginfo: EXCEPTION_ACCESS_VIOLATION (0xc0000005), reading address 0x0000000000000e50


Register to memory mapping:

RIP=0x00007ffdbde4a169 atio6axx.dll
RAX=0x0 is NULL
RBX={method} {0x0000027a4b660130} 'dispatch_glCreateShader1' '(IJ)I' in 'jogamp/opengl/gl4/GL4bcImpl'
RCX=0x0000000000008b31 is an unknown value
RDX=0x0000009982bfefd8 is pointing into the stack for thread: 0x0000027a4fd5c740
RSP=0x0000009982bfef08 is pointing into the stack for thread: 0x0000027a4fd5c740
RBP=0x0000009982bfefa0 is pointing into the stack for thread: 0x0000027a4fd5c740
RSI=0x0000000000000001 is an unknown value
RDI=0x000000071c383cd8 is an oop: java.io.FileDescriptor 
{0x000000071c383cd8} - klass: 'java/io/FileDescriptor'
 - ---- fields (total size 5 words):
 - private 'fd' 'I' @12  -1 (ffffffff)
 - private 'handle' 'J' @16  -1 (ffffffff ffffffff)
 - private 'closed' 'Z' @24  true
 - private 'append' 'Z' @25  false
 - private 'parent' 'Ljava/io/Closeable;' @28  a 'java/io/FileInputStream'{0x000000071c383ca8} (e3870795)
 - private 'otherParents' 'Ljava/util/List;' @32  NULL (0)
 - private 'cleanup' 'Ljdk/internal/ref/PhantomCleanable;' @36  NULL (0)
R8 =0x0000000000008b31 is an unknown value
R9 =0x00007ffdbdc687a0 atio6axx.dll
R10=0x0000027a27ccd5f2 is at code_begin+946 in an Interpreter codelet
method entry point (kind = native)  [0x0000027a27ccd240, 0x0000027a27ccdbc0]  2432 bytes
R11=0x0000000000000102 is an unknown value
R12=0x0 is NULL
R13={method} {0x0000027a4b660008} 'dispatch_glCreateProgram1' '(J)I' in 'jogamp/opengl/gl4/GL4bcImpl'
R14=0x0000009982bfefd8 is pointing into the stack for thread: 0x0000027a4fd5c740
R15=0x0000027a4fd5c740 is a thread


Registers:
RAX=0x0000000000000000, RBX=0x0000027a4b660128, RCX=0x0000000000008b31, RDX=0x0000009982bfefd8
RSP=0x0000009982bfef08, RBP=0x0000009982bfefa0, RSI=0x0000000000000001, RDI=0x000000071c383cd8
R8 =0x0000000000008b31, R9 =0x00007ffdbdc687a0, R10=0x0000027a27ccd5f2, R11=0x0000000000000102
R12=0x0000000000000000, R13=0x0000027a4b660000, R14=0x0000009982bfefd8, R15=0x0000027a4fd5c740
RIP=0x00007ffdbde4a169, EFLAGS=0x0000000000010287

Top of Stack: (sp=0x0000009982bfef08)
0x0000009982bfef08:   0000027a27ccd621 0000027a438b0528
0x0000009982bfef18:   0000000000000000 000000070bb97080
0x0000009982bfef28:   0000027a438af918 0000000000000000
0x0000009982bfef38:   0000009982bfef68 0000009982bfefb8
0x0000009982bfef48:   0000027a27cc94fe 0000000000000000
0x0000009982bfef58:   0000009982bfef58 0000000000000000
0x0000009982bfef68:   0000009982bfefd8 0000027a4b740000
0x0000009982bfef78:   0000000000000000 00000007137bbff0
0x0000009982bfef88:   0000027a4b660128 0000000000000000
0x0000009982bfef98:   0000009982bfefc0 0000009982bff028
0x0000009982bfefa8:   0000027a27cc9612 0000000000000000
0x0000009982bfefb8:   0000027a27ccaf76 00007ffdbdc687a0
0x0000009982bfefc8:   0000000000000000 0000000000008b31
0x0000009982bfefd8:   00000007136182d0 0000009982bfefe0
0x0000009982bfefe8:   0000027a4b6600c0 0000009982bff050
0x0000009982bfeff8:   0000027a4b740000 0000000000000000 

Instructions: (pc=0x00007ffdbde4a169)
0x00007ffdbde4a069:   ff a0 d0 0d 00 00 90 65 48 8b 04 25 48 16 00 00
0x00007ffdbde4a079:   ff a0 d8 0d 00 00 90 65 48 8b 04 25 48 16 00 00
0x00007ffdbde4a089:   ff a0 e0 0d 00 00 90 65 48 8b 04 25 48 16 00 00
0x00007ffdbde4a099:   ff a0 e8 0d 00 00 90 65 48 8b 04 25 48 16 00 00
0x00007ffdbde4a0a9:   ff a0 f0 0d 00 00 90 65 48 8b 04 25 48 16 00 00
0x00007ffdbde4a0b9:   ff a0 f8 0d 00 00 90 65 48 8b 04 25 48 16 00 00
0x00007ffdbde4a0c9:   ff a0 00 0e 00 00 90 65 48 8b 04 25 48 16 00 00
0x00007ffdbde4a0d9:   ff a0 08 0e 00 00 90 65 48 8b 04 25 48 16 00 00
0x00007ffdbde4a0e9:   ff a0 10 0e 00 00 90 65 48 8b 04 25 48 16 00 00
0x00007ffdbde4a0f9:   ff a0 18 0e 00 00 90 65 48 8b 04 25 48 16 00 00
0x00007ffdbde4a109:   ff a0 20 0e 00 00 90 65 48 8b 04 25 48 16 00 00
0x00007ffdbde4a119:   ff a0 28 0e 00 00 90 65 48 8b 04 25 48 16 00 00
0x00007ffdbde4a129:   ff a0 30 0e 00 00 90 65 48 8b 04 25 48 16 00 00
0x00007ffdbde4a139:   ff a0 38 0e 00 00 90 65 48 8b 04 25 48 16 00 00
0x00007ffdbde4a149:   ff a0 40 0e 00 00 90 65 48 8b 04 25 48 16 00 00
0x00007ffdbde4a159:   ff a0 48 0e 00 00 90 65 48 8b 04 25 48 16 00 00
0x00007ffdbde4a169:   ff a0 50 0e 00 00 90 65 48 8b 04 25 48 16 00 00
0x00007ffdbde4a179:   ff a0 58 0e 00 00 90 65 48 8b 04 25 48 16 00 00
0x00007ffdbde4a189:   ff a0 60 0e 00 00 90 65 48 8b 04 25 48 16 00 00
0x00007ffdbde4a199:   ff a0 68 0e 00 00 90 65 48 8b 04 25 48 16 00 00
0x00007ffdbde4a1a9:   ff a0 70 0e 00 00 90 65 48 8b 04 25 48 16 00 00
0x00007ffdbde4a1b9:   ff a0 78 0e 00 00 90 65 48 8b 04 25 48 16 00 00
0x00007ffdbde4a1c9:   ff a0 80 0e 00 00 90 65 48 8b 04 25 48 16 00 00
0x00007ffdbde4a1d9:   ff a0 88 0e 00 00 90 65 48 8b 04 25 48 16 00 00
0x00007ffdbde4a1e9:   ff a0 90 0e 00 00 90 65 48 8b 04 25 48 16 00 00
0x00007ffdbde4a1f9:   ff a0 98 0e 00 00 90 65 48 8b 04 25 48 16 00 00
0x00007ffdbde4a209:   ff a0 a0 0e 00 00 90 65 48 8b 04 25 48 16 00 00
0x00007ffdbde4a219:   ff a0 a8 0e 00 00 90 65 48 8b 04 25 48 16 00 00
0x00007ffdbde4a229:   ff a0 b0 0e 00 00 90 65 48 8b 04 25 48 16 00 00
0x00007ffdbde4a239:   ff a0 b8 0e 00 00 90 65 48 8b 04 25 48 16 00 00
0x00007ffdbde4a249:   ff a0 c0 0e 00 00 90 65 48 8b 04 25 48 16 00 00
0x00007ffdbde4a259:   ff a0 c8 0e 00 00 90 65 48 8b 04 25 48 16 00 00 


Stack slot to memory mapping:
stack at sp + 0 slots: 0x0000027a27ccd621 is at code_begin+993 in an Interpreter codelet
method entry point (kind = native)  [0x0000027a27ccd240, 0x0000027a27ccdbc0]  2432 bytes
stack at sp + 1 slots: 0x0000027a438b0528 is pointing into metadata
stack at sp + 2 slots: 0x0 is NULL
stack at sp + 3 slots: 0x000000070bb97080 is an oop: java.lang.Class 
{0x000000070bb97080} - klass: 'java/lang/Class'
 - ---- fields (total size 16 words):
 - private volatile transient 'classRedefinedCount' 'I' @12  0
 - private volatile transient 'cachedConstructor' 'Ljava/lang/reflect/Constructor;' @40  NULL (0)
 - private transient 'name' 'Ljava/lang/String;' @44  NULL (0)
 - private transient 'module' 'Ljava/lang/Module;' @48  a 'java/lang/Module'{0x000000070b00f140} (e1601e28)
 - private final 'classLoader' 'Ljava/lang/ClassLoader;' @52  NULL (0)
 - private transient 'classData' 'Ljava/lang/Object;' @56  NULL (0)
 - private transient 'packageName' 'Ljava/lang/String;' @60  NULL (0)
 - private final 'componentType' 'Ljava/lang/Class;' @64  NULL (0)
 - private volatile transient 'reflectionData' 'Ljava/lang/ref/SoftReference;' @68  NULL (0)
 - private volatile transient 'genericInfo' 'Lsun/reflect/generics/repository/ClassRepository;' @72  NULL (0)
 - private volatile transient 'enumConstants' '[Ljava/lang/Object;' @76  NULL (0)
 - private volatile transient 'enumConstantDirectory' 'Ljava/util/Map;' @80  NULL (0)
 - private volatile transient 'annotationData' 'Ljava/lang/Class$AnnotationData;' @84  NULL (0)
 - private volatile transient 'annotationType' 'Lsun/reflect/annotation/AnnotationType;' @88  NULL (0)
 - transient 'classValueMap' 'Ljava/lang/ClassValue$ClassValueMap;' @92  NULL (0)
 - signature: Lsun/nio/cs/StreamDecoder;
 - fake entry for mirror: 'sun/nio/cs/StreamDecoder'
 - fake entry for array: NULL
 - fake entry for oop_size: 16
 - fake entry for static_oop_field_count: 0
 - private static final 'MIN_BYTE_BUFFER_SIZE' 'I' @112  32 (20)
 - private static final 'DEFAULT_BYTE_BUFFER_SIZE' 'I' @116  8192 (2000)
 - static final synthetic '$assertionsDisabled' 'Z' @120  true
stack at sp + 4 slots: {method} {0x0000027a438af920} 'close' '()V' in 'sun/nio/cs/StreamDecoder'
stack at sp + 5 slots: 0x0 is NULL
stack at sp + 6 slots: 0x0000009982bfef68 is pointing into the stack for thread: 0x0000027a4fd5c740
stack at sp + 7 slots: 0x0000009982bfefb8 is pointing into the stack for thread: 0x0000027a4fd5c740


---------------  P R O C E S S  ---------------

Threads class SMR info:
_java_thread_list=0x0000027a4a0ec650, length=26, elements={
0x0000027a204d6180, 0x0000027a4368a7f0, 0x0000027a4368d470, 0x0000027a436a6bf0,
0x0000027a436a74b0, 0x0000027a436a7d70, 0x0000027a436a8630, 0x0000027a436a92d0,
0x0000027a436b3ca0, 0x0000027a44010060, 0x0000027a44113610, 0x0000027a4412d730,
0x0000027a4413bbf0, 0x0000027a44612e80, 0x0000027a445396b0, 0x0000027a44733750,
0x0000027a44bf7ca0, 0x0000027a4a622920, 0x0000027a4a696030, 0x0000027a4a9473d0,
0x0000027a4a945bc0, 0x0000027a4a946f00, 0x0000027a4a946090, 0x0000027a4fd60100,
0x0000027a4a972f50, 0x0000027a4fd5c740
}

Java Threads: ( => current thread )
  0x0000027a204d6180 JavaThread "main" [_thread_blocked, id=18136, stack(0x0000009981600000,0x0000009981700000)]
  0x0000027a4368a7f0 JavaThread "Reference Handler" daemon [_thread_blocked, id=22016, stack(0x0000009981d00000,0x0000009981e00000)]
  0x0000027a4368d470 JavaThread "Finalizer" daemon [_thread_blocked, id=1528, stack(0x0000009981e00000,0x0000009981f00000)]
  0x0000027a436a6bf0 JavaThread "Signal Dispatcher" daemon [_thread_blocked, id=18368, stack(0x0000009981f00000,0x0000009982000000)]
  0x0000027a436a74b0 JavaThread "Attach Listener" daemon [_thread_blocked, id=13944, stack(0x0000009982000000,0x0000009982100000)]
  0x0000027a436a7d70 JavaThread "Service Thread" daemon [_thread_blocked, id=21684, stack(0x0000009982100000,0x0000009982200000)]
  0x0000027a436a8630 JavaThread "Monitor Deflation Thread" daemon [_thread_blocked, id=20580, stack(0x0000009982200000,0x0000009982300000)]
  0x0000027a436a92d0 JavaThread "C2 CompilerThread0" daemon [_thread_blocked, id=18720, stack(0x0000009982300000,0x0000009982400000)]
  0x0000027a436b3ca0 JavaThread "C1 CompilerThread0" daemon [_thread_blocked, id=17424, stack(0x0000009982400000,0x0000009982500000)]
  0x0000027a44010060 JavaThread "Sweeper thread" daemon [_thread_blocked, id=14292, stack(0x0000009982500000,0x0000009982600000)]
  0x0000027a44113610 JavaThread "C1 CompilerThread1" daemon [_thread_blocked, id=13768, stack(0x0000009982600000,0x0000009982700000)]
  0x0000027a4412d730 JavaThread "Notification Thread" daemon [_thread_blocked, id=20440, stack(0x0000009982700000,0x0000009982800000)]
  0x0000027a4413bbf0 JavaThread "Common-Cleaner" daemon [_thread_blocked, id=18352, stack(0x0000009982900000,0x0000009982a00000)]
  0x0000027a44612e80 JavaThread "Java2D Disposer" daemon [_thread_blocked, id=4756, stack(0x0000009982c00000,0x0000009982d00000)]
  0x0000027a445396b0 JavaThread "AWT-Shutdown" [_thread_blocked, id=4876, stack(0x0000009982d00000,0x0000009982e00000)]
  0x0000027a44733750 JavaThread "AWT-Windows" daemon [_thread_in_native, id=11688, stack(0x0000009982e00000,0x0000009982f00000)]
  0x0000027a44bf7ca0 JavaThread "AWT-EventQueue-0" [_thread_blocked, id=19956, stack(0x0000009983b00000,0x0000009983c00000)]
  0x0000027a4a622920 JavaThread "Thread-0" [_thread_blocked, id=20940, stack(0x0000009984200000,0x0000009984300000)]
  0x0000027a4a696030 JavaThread "Thread-1" [_thread_blocked, id=20276, stack(0x0000009984300000,0x0000009984400000)]
  0x0000027a4a9473d0 JavaThread "main-SharedResourceRunner" daemon [_thread_blocked, id=21484, stack(0x0000009984400000,0x0000009984500000)]
  0x0000027a4a945bc0 JavaThread "main-Display-.windows_nil-1-EDT-1" daemon [_thread_blocked, id=8664, stack(0x0000009984c00000,0x0000009984d00000)]
  0x0000027a4a946f00 JavaThread "HighResTimerThread" daemon [_thread_blocked, id=20048, stack(0x0000009984d00000,0x0000009984e00000)]
  0x0000027a4a946090 JavaThread "Thread-4" [_thread_blocked, id=9896, stack(0x0000009984e00000,0x0000009984f00000)]
  0x0000027a4fd60100 JavaThread "main-FPSAWTAnimator#00-Timer0" [_thread_in_native, id=19076, stack(0x0000009984f00000,0x0000009985000000)]
  0x0000027a4a972f50 JavaThread "C1 CompilerThread2" daemon [_thread_blocked, id=6688, stack(0x0000009982a00000,0x0000009982b00000)]
=>0x0000027a4fd5c740 JavaThread "Thread-6" [_thread_in_native, id=13520, stack(0x0000009982b00000,0x0000009982c00000)]

Other Threads:
  0x0000027a43685cf0 VMThread "VM Thread" [stack: 0x0000009981c00000,0x0000009981d00000] [id=15568]
  0x0000027a44135f70 WatcherThread [stack: 0x0000009982800000,0x0000009982900000] [id=19084]
  0x0000027a2052cc50 GCTaskThread "GC Thread#0" [stack: 0x0000009981700000,0x0000009981800000] [id=6056]
  0x0000027a4a09b2b0 GCTaskThread "GC Thread#1" [stack: 0x0000009983c00000,0x0000009983d00000] [id=18464]
  0x0000027a4a0cfc20 GCTaskThread "GC Thread#2" [stack: 0x0000009983d00000,0x0000009983e00000] [id=2912]
  0x0000027a4a0cfed0 GCTaskThread "GC Thread#3" [stack: 0x0000009983e00000,0x0000009983f00000] [id=10172]
  0x0000027a4a0d0990 GCTaskThread "GC Thread#4" [stack: 0x0000009983f00000,0x0000009984000000] [id=19964]
  0x0000027a4a0d1a70 GCTaskThread "GC Thread#5" [stack: 0x0000009984000000,0x0000009984100000] [id=11112]
  0x0000027a4a0d5380 GCTaskThread "GC Thread#6" [stack: 0x0000009984100000,0x0000009984200000] [id=17984]
  0x0000027a4a658c40 GCTaskThread "GC Thread#7" [stack: 0x0000009984600000,0x0000009984700000] [id=13112]
  0x0000027a4a658ef0 GCTaskThread "GC Thread#8" [stack: 0x0000009984700000,0x0000009984800000] [id=18984]
  0x0000027a4a6a56d0 GCTaskThread "GC Thread#9" [stack: 0x0000009984800000,0x0000009984900000] [id=20104]
  0x0000027a4ff876c0 GCTaskThread "GC Thread#10" [stack: 0x0000009985400000,0x0000009985500000] [id=17004]
  0x0000027a4ff87c20 GCTaskThread "GC Thread#11" [stack: 0x0000009985500000,0x0000009985600000] [id=18068]
  0x0000027a4ff87160 GCTaskThread "GC Thread#12" [stack: 0x0000009985600000,0x0000009985700000] [id=15908]
  0x0000027a2053dfe0 ConcurrentGCThread "G1 Main Marker" [stack: 0x0000009981800000,0x0000009981900000] [id=17240]
  0x0000027a2053f900 ConcurrentGCThread "G1 Conc#0" [stack: 0x0000009981900000,0x0000009981a00000] [id=22276]
  0x0000027a50462d70 ConcurrentGCThread "G1 Conc#1" [stack: 0x0000009985100000,0x0000009985200000] [id=7436]
  0x0000027a504632d0 ConcurrentGCThread "G1 Conc#2" [stack: 0x0000009985200000,0x0000009985300000] [id=2936]
  0x0000027a435434e0 ConcurrentGCThread "G1 Refine#0" [stack: 0x0000009981a00000,0x0000009981b00000] [id=9620]
  0x0000027a43543e00 ConcurrentGCThread "G1 Service" [stack: 0x0000009981b00000,0x0000009981c00000] [id=17816]

Threads with active compile tasks:

VM state: not at safepoint (normal execution)

VM Mutex/Monitor currently owned by a thread: None

Heap address: 0x000000070ac00000, size: 3924 MB, Compressed Oops mode: Zero based, Oop shift amount: 3

CDS archive(s) mapped at: [0x0000000800000000-0x0000000800bc0000-0x0000000800bc0000), size 12320768, SharedBaseAddress: 0x0000000800000000, ArchiveRelocationMode: 0.
Compressed class space mapped at: 0x0000000800c00000-0x0000000840c00000, reserved size: 1073741824
Narrow klass base: 0x0000000800000000, Narrow klass shift: 0, Narrow klass range: 0x100000000

GC Precious Log:
 CPUs: 16 total, 16 available
 Memory: 15695M
 Large Page Support: Disabled
 NUMA Support: Disabled
 Compressed Oops: Enabled (Zero based)
 Heap Region Size: 2M
 Heap Min Capacity: 8M
 Heap Initial Capacity: 246M
 Heap Max Capacity: 3924M
 Pre-touch: Disabled
 Parallel Workers: 13
 Concurrent Workers: 3
 Concurrent Refinement Workers: 13
 Periodic GC: Disabled

Heap:
 garbage-first heap   total 303104K, used 150890K [0x000000070ac00000, 0x0000000800000000)
  region size 2048K, 15 young (30720K), 5 survivors (10240K)
 Metaspace       used 22564K, committed 22848K, reserved 1073152K
  class space    used 1896K, committed 2048K, reserved 1048576K

Heap Regions: E=young(eden), S=young(survivor), O=old, HS=humongous(starts), HC=humongous(continues), CS=collection set, F=free, OA=open archive, CA=closed archive, TAMS=top-at-mark-start (previous, next)
|   0|0x000000070ac00000, 0x000000070ae00000, 0x000000070ae00000|100%| O|  |TAMS 0x000000070ae00000, 0x000000070ac00000| Untracked 
|   1|0x000000070ae00000, 0x000000070b000000, 0x000000070b000000|100%| O|  |TAMS 0x000000070b000000, 0x000000070ae00000| Untracked 
|   2|0x000000070b000000, 0x000000070b200000, 0x000000070b200000|100%| O|  |TAMS 0x000000070b200000, 0x000000070b000000| Untracked 
|   3|0x000000070b200000, 0x000000070b400000, 0x000000070b400000|100%|HS|  |TAMS 0x000000070b400000, 0x000000070b200000| Complete 
|   4|0x000000070b400000, 0x000000070b600000, 0x000000070b600000|100%|HC|  |TAMS 0x000000070b600000, 0x000000070b400000| Complete 
|   5|0x000000070b600000, 0x000000070b800000, 0x000000070b800000|100%| O|  |TAMS 0x000000070b800000, 0x000000070b600000| Untracked 
|   6|0x000000070b800000, 0x000000070ba00000, 0x000000070ba00000|100%|HS|  |TAMS 0x000000070ba00000, 0x000000070b800000| Complete 
|   7|0x000000070ba00000, 0x000000070bc00000, 0x000000070bc00000|100%| O|  |TAMS 0x000000070bc00000, 0x000000070ba00000| Untracked 
|   8|0x000000070bc00000, 0x000000070be00000, 0x000000070be00000|100%| O|  |TAMS 0x000000070be00000, 0x000000070bc00000| Untracked 
|   9|0x000000070be00000, 0x000000070c000000, 0x000000070c000000|100%| O|  |TAMS 0x000000070c000000, 0x000000070be00000| Untracked 
|  10|0x000000070c000000, 0x000000070c200000, 0x000000070c200000|100%| O|  |TAMS 0x000000070c200000, 0x000000070c000000| Untracked 
|  11|0x000000070c200000, 0x000000070c400000, 0x000000070c400000|100%| O|  |TAMS 0x000000070c400000, 0x000000070c200000| Untracked 
|  12|0x000000070c400000, 0x000000070c600000, 0x000000070c600000|100%| O|  |TAMS 0x000000070c600000, 0x000000070c400000| Untracked 
|  13|0x000000070c600000, 0x000000070c800000, 0x000000070c800000|100%| O|  |TAMS 0x000000070c800000, 0x000000070c600000| Untracked 
|  14|0x000000070c800000, 0x000000070ca00000, 0x000000070ca00000|100%| O|  |TAMS 0x000000070ca00000, 0x000000070c800000| Untracked 
|  15|0x000000070ca00000, 0x000000070cc00000, 0x000000070cc00000|100%| O|  |TAMS 0x000000070cc00000, 0x000000070ca00000| Untracked 
|  16|0x000000070cc00000, 0x000000070ce00000, 0x000000070ce00000|100%| O|  |TAMS 0x000000070ce00000, 0x000000070cc00000| Untracked 
|  17|0x000000070ce00000, 0x000000070d000000, 0x000000070d000000|100%| O|  |TAMS 0x000000070d000000, 0x000000070ce00000| Untracked 
|  18|0x000000070d000000, 0x000000070d200000, 0x000000070d200000|100%| O|  |TAMS 0x000000070d200000, 0x000000070d000000| Untracked 
|  19|0x000000070d200000, 0x000000070d2013e0, 0x000000070d400000|  0%| O|  |TAMS 0x000000070d2013e0, 0x000000070d200000| Untracked 
|  20|0x000000070d400000, 0x000000070d400000, 0x000000070d600000|  0%| F|  |TAMS 0x000000070d400000, 0x000000070d400000| Untracked 
|  21|0x000000070d600000, 0x000000070d7d19c8, 0x000000070d800000| 90%| O|  |TAMS 0x000000070d7d19c8, 0x000000070d600000| Untracked 
|  22|0x000000070d800000, 0x000000070d800000, 0x000000070da00000|  0%| F|  |TAMS 0x000000070d800000, 0x000000070d800000| Untracked 
|  23|0x000000070da00000, 0x000000070dc00000, 0x000000070dc00000|100%| O|  |TAMS 0x000000070dc00000, 0x000000070da00000| Untracked 
|  24|0x000000070dc00000, 0x000000070de00000, 0x000000070de00000|100%| O|  |TAMS 0x000000070de00000, 0x000000070dc00000| Untracked 
|  25|0x000000070de00000, 0x000000070e000000, 0x000000070e000000|100%| O|  |TAMS 0x000000070e000000, 0x000000070de00000| Untracked 
|  26|0x000000070e000000, 0x000000070e200000, 0x000000070e200000|100%| O|  |TAMS 0x000000070e200000, 0x000000070e000000| Untracked 
|  27|0x000000070e200000, 0x000000070e400000, 0x000000070e400000|100%| O|  |TAMS 0x000000070e400000, 0x000000070e200000| Untracked 
|  28|0x000000070e400000, 0x000000070e600000, 0x000000070e600000|100%| O|  |TAMS 0x000000070e600000, 0x000000070e400000| Untracked 
|  29|0x000000070e600000, 0x000000070e800000, 0x000000070e800000|100%| O|  |TAMS 0x000000070e800000, 0x000000070e600000| Untracked 
|  30|0x000000070e800000, 0x000000070ea00000, 0x000000070ea00000|100%| O|  |TAMS 0x000000070ea00000, 0x000000070e800000| Untracked 
|  31|0x000000070ea00000, 0x000000070ec00000, 0x000000070ec00000|100%| O|  |TAMS 0x000000070ec00000, 0x000000070ea00000| Untracked 
|  32|0x000000070ec00000, 0x000000070ee00000, 0x000000070ee00000|100%| O|  |TAMS 0x000000070ee00000, 0x000000070ec00000| Untracked 
|  33|0x000000070ee00000, 0x000000070eedff80, 0x000000070f000000| 43%| O|  |TAMS 0x000000070eedff80, 0x000000070ee00000| Untracked 
|  34|0x000000070f000000, 0x000000070f200000, 0x000000070f200000|100%|HS|  |TAMS 0x000000070f200000, 0x000000070f000000| Complete 
|  35|0x000000070f200000, 0x000000070f400000, 0x000000070f400000|100%|HC|  |TAMS 0x000000070f400000, 0x000000070f200000| Complete 
|  36|0x000000070f400000, 0x000000070f600000, 0x000000070f600000|100%|HC|  |TAMS 0x000000070f600000, 0x000000070f400000| Complete 
|  37|0x000000070f600000, 0x000000070f800000, 0x000000070f800000|100%|HC|  |TAMS 0x000000070f800000, 0x000000070f600000| Complete 
|  38|0x000000070f800000, 0x000000070fa00000, 0x000000070fa00000|100%|HC|  |TAMS 0x000000070fa00000, 0x000000070f800000| Complete 
|  39|0x000000070fa00000, 0x000000070fc00000, 0x000000070fc00000|100%|HC|  |TAMS 0x000000070fc00000, 0x000000070fa00000| Complete 
|  40|0x000000070fc00000, 0x000000070fc00000, 0x000000070fe00000|  0%| F|  |TAMS 0x000000070fc00000, 0x000000070fc00000| Untracked 
|  41|0x000000070fe00000, 0x0000000710000000, 0x0000000710000000|100%|HS|  |TAMS 0x0000000710000000, 0x000000070fe00000| Complete 
|  42|0x0000000710000000, 0x0000000710000000, 0x0000000710200000|  0%| F|  |TAMS 0x0000000710000000, 0x0000000710000000| Untracked 
|  43|0x0000000710200000, 0x0000000710400000, 0x0000000710400000|100%| O|  |TAMS 0x0000000710400000, 0x0000000710200000| Untracked 
|  44|0x0000000710400000, 0x0000000710400000, 0x0000000710600000|  0%| F|  |TAMS 0x0000000710400000, 0x0000000710400000| Untracked 
|  45|0x0000000710600000, 0x0000000710800000, 0x0000000710800000|100%| O|  |TAMS 0x0000000710800000, 0x0000000710600000| Untracked 
|  46|0x0000000710800000, 0x0000000710800000, 0x0000000710a00000|  0%| F|  |TAMS 0x0000000710800000, 0x0000000710800000| Untracked 
|  47|0x0000000710a00000, 0x0000000710c00000, 0x0000000710c00000|100%| O|  |TAMS 0x0000000710c00000, 0x0000000710a00000| Untracked 
|  48|0x0000000710c00000, 0x0000000710e00000, 0x0000000710e00000|100%| O|  |TAMS 0x0000000710e00000, 0x0000000710c00000| Untracked 
|  49|0x0000000710e00000, 0x0000000711000000, 0x0000000711000000|100%| O|  |TAMS 0x0000000711000000, 0x0000000710e00000| Untracked 
|  50|0x0000000711000000, 0x0000000711200000, 0x0000000711200000|100%| O|  |TAMS 0x0000000711200000, 0x0000000711000000| Untracked 
|  51|0x0000000711200000, 0x0000000711400000, 0x0000000711400000|100%| O|  |TAMS 0x0000000711400000, 0x0000000711200000| Untracked 
|  52|0x0000000711400000, 0x0000000711600000, 0x0000000711600000|100%| O|  |TAMS 0x0000000711600000, 0x0000000711400000| Untracked 
|  53|0x0000000711600000, 0x0000000711800000, 0x0000000711800000|100%| O|  |TAMS 0x0000000711800000, 0x0000000711600000| Untracked 
|  54|0x0000000711800000, 0x0000000711a00000, 0x0000000711a00000|100%| O|  |TAMS 0x0000000711a00000, 0x0000000711800000| Untracked 
|  55|0x0000000711a00000, 0x0000000711c00000, 0x0000000711c00000|100%| O|  |TAMS 0x0000000711af1c00, 0x0000000711a00000| Untracked 
|  56|0x0000000711c00000, 0x0000000711e00000, 0x0000000711e00000|100%| O|  |TAMS 0x0000000711c00000, 0x0000000711c00000| Untracked 
|  57|0x0000000711e00000, 0x0000000712000000, 0x0000000712000000|100%| O|  |TAMS 0x0000000711e00000, 0x0000000711e00000| Untracked 
|  58|0x0000000712000000, 0x00000007120001d8, 0x0000000712200000|  0%| O|  |TAMS 0x00000007120001d8, 0x0000000712000000| Untracked 
|  59|0x0000000712200000, 0x0000000712400000, 0x0000000712400000|100%| O|  |TAMS 0x0000000712200000, 0x0000000712200000| Untracked 
|  60|0x0000000712400000, 0x0000000712600000, 0x0000000712600000|100%| O|  |TAMS 0x0000000712400000, 0x0000000712400000| Untracked 
|  61|0x0000000712600000, 0x0000000712800000, 0x0000000712800000|100%| O|  |TAMS 0x0000000712600000, 0x0000000712600000| Untracked 
|  62|0x0000000712800000, 0x0000000712a00000, 0x0000000712a00000|100%| O|  |TAMS 0x0000000712800000, 0x0000000712800000| Untracked 
|  63|0x0000000712a00000, 0x0000000712c00000, 0x0000000712c00000|100%| O|  |TAMS 0x0000000712a00000, 0x0000000712a00000| Untracked 
|  64|0x0000000712c00000, 0x0000000712e00000, 0x0000000712e00000|100%| O|  |TAMS 0x0000000712c00000, 0x0000000712c00000| Untracked 
|  65|0x0000000712e00000, 0x0000000713000000, 0x0000000713000000|100%| O|  |TAMS 0x0000000712e00000, 0x0000000712e00000| Untracked 
|  66|0x0000000713000000, 0x0000000713200000, 0x0000000713200000|100%| O|  |TAMS 0x0000000713000000, 0x0000000713000000| Untracked 
|  67|0x0000000713200000, 0x0000000713400000, 0x0000000713400000|100%| O|  |TAMS 0x0000000713200000, 0x0000000713200000| Untracked 
|  68|0x0000000713400000, 0x0000000713400000, 0x0000000713600000|  0%| F|  |TAMS 0x0000000713400000, 0x0000000713400000| Untracked 
|  69|0x0000000713600000, 0x0000000713800000, 0x0000000713800000|100%| O|  |TAMS 0x0000000713800000, 0x0000000713600000| Untracked 
|  70|0x0000000713800000, 0x0000000713800000, 0x0000000713a00000|  0%| F|  |TAMS 0x0000000713800000, 0x0000000713800000| Untracked 
|  71|0x0000000713a00000, 0x0000000713a00000, 0x0000000713c00000|  0%| F|  |TAMS 0x0000000713a00000, 0x0000000713a00000| Untracked 
|  72|0x0000000713c00000, 0x0000000713c00000, 0x0000000713e00000|  0%| F|  |TAMS 0x0000000713c00000, 0x0000000713c00000| Untracked 
|  73|0x0000000713e00000, 0x0000000713e00000, 0x0000000714000000|  0%| F|  |TAMS 0x0000000713e00000, 0x0000000713e00000| Untracked 
|  74|0x0000000714000000, 0x0000000714000000, 0x0000000714200000|  0%| F|  |TAMS 0x0000000714000000, 0x0000000714000000| Untracked 
|  75|0x0000000714200000, 0x00000007142a7a00, 0x0000000714400000| 32%| O|  |TAMS 0x0000000714200000, 0x0000000714200000| Untracked 
|  76|0x0000000714400000, 0x0000000714400000, 0x0000000714600000|  0%| F|  |TAMS 0x0000000714400000, 0x0000000714400000| Untracked 
|  77|0x0000000714600000, 0x0000000714600000, 0x0000000714800000|  0%| F|  |TAMS 0x0000000714600000, 0x0000000714600000| Untracked 
|  78|0x0000000714800000, 0x0000000714800000, 0x0000000714a00000|  0%| F|  |TAMS 0x0000000714800000, 0x0000000714800000| Untracked 
|  79|0x0000000714a00000, 0x0000000714a00000, 0x0000000714c00000|  0%| F|  |TAMS 0x0000000714a00000, 0x0000000714a00000| Untracked 
|  80|0x0000000714c00000, 0x0000000714c00000, 0x0000000714e00000|  0%| F|  |TAMS 0x0000000714c00000, 0x0000000714c00000| Untracked 
|  81|0x0000000714e00000, 0x0000000714e00000, 0x0000000715000000|  0%| F|  |TAMS 0x0000000714e00000, 0x0000000714e00000| Untracked 
|  82|0x0000000715000000, 0x0000000715000000, 0x0000000715200000|  0%| F|  |TAMS 0x0000000715000000, 0x0000000715000000| Untracked 
|  83|0x0000000715200000, 0x0000000715200000, 0x0000000715400000|  0%| F|  |TAMS 0x0000000715200000, 0x0000000715200000| Untracked 
|  84|0x0000000715400000, 0x0000000715400000, 0x0000000715600000|  0%| F|  |TAMS 0x0000000715400000, 0x0000000715400000| Untracked 
|  85|0x0000000715600000, 0x0000000715600000, 0x0000000715800000|  0%| F|  |TAMS 0x0000000715600000, 0x0000000715600000| Untracked 
|  86|0x0000000715800000, 0x0000000715800000, 0x0000000715a00000|  0%| F|  |TAMS 0x0000000715800000, 0x0000000715800000| Untracked 
|  87|0x0000000715a00000, 0x0000000715a00000, 0x0000000715c00000|  0%| F|  |TAMS 0x0000000715a00000, 0x0000000715a00000| Untracked 
|  88|0x0000000715c00000, 0x0000000715c00000, 0x0000000715e00000|  0%| F|  |TAMS 0x0000000715c00000, 0x0000000715c00000| Untracked 
|  89|0x0000000715e00000, 0x0000000716000000, 0x0000000716000000|100%| S|CS|TAMS 0x0000000715e00000, 0x0000000715e00000| Complete 
|  90|0x0000000716000000, 0x0000000716200000, 0x0000000716200000|100%| S|CS|TAMS 0x0000000716000000, 0x0000000716000000| Complete 
|  91|0x0000000716200000, 0x0000000716400000, 0x0000000716400000|100%| S|CS|TAMS 0x0000000716200000, 0x0000000716200000| Complete 
|  92|0x0000000716400000, 0x0000000716600000, 0x0000000716600000|100%| S|CS|TAMS 0x0000000716400000, 0x0000000716400000| Complete 
|  93|0x0000000716600000, 0x0000000716800000, 0x0000000716800000|100%| S|CS|TAMS 0x0000000716600000, 0x0000000716600000| Complete 
|  94|0x0000000716800000, 0x0000000716800000, 0x0000000716a00000|  0%| F|  |TAMS 0x0000000716800000, 0x0000000716800000| Untracked 
|  95|0x0000000716a00000, 0x0000000716a00000, 0x0000000716c00000|  0%| F|  |TAMS 0x0000000716a00000, 0x0000000716a00000| Untracked 
|  96|0x0000000716c00000, 0x0000000716c00000, 0x0000000716e00000|  0%| F|  |TAMS 0x0000000716c00000, 0x0000000716c00000| Untracked 
|  97|0x0000000716e00000, 0x0000000716e00000, 0x0000000717000000|  0%| F|  |TAMS 0x0000000716e00000, 0x0000000716e00000| Untracked 
|  98|0x0000000717000000, 0x0000000717000000, 0x0000000717200000|  0%| F|  |TAMS 0x0000000717000000, 0x0000000717000000| Untracked 
|  99|0x0000000717200000, 0x0000000717200000, 0x0000000717400000|  0%| F|  |TAMS 0x0000000717200000, 0x0000000717200000| Untracked 
| 100|0x0000000717400000, 0x0000000717400000, 0x0000000717600000|  0%| F|  |TAMS 0x0000000717400000, 0x0000000717400000| Untracked 
| 101|0x0000000717600000, 0x0000000717600000, 0x0000000717800000|  0%| F|  |TAMS 0x0000000717600000, 0x0000000717600000| Untracked 
| 102|0x0000000717800000, 0x0000000717800000, 0x0000000717a00000|  0%| F|  |TAMS 0x0000000717800000, 0x0000000717800000| Untracked 
| 103|0x0000000717a00000, 0x0000000717a00000, 0x0000000717c00000|  0%| F|  |TAMS 0x0000000717a00000, 0x0000000717a00000| Untracked 
| 104|0x0000000717c00000, 0x0000000717c00000, 0x0000000717e00000|  0%| F|  |TAMS 0x0000000717c00000, 0x0000000717c00000| Untracked 
| 105|0x0000000717e00000, 0x0000000717e00000, 0x0000000718000000|  0%| F|  |TAMS 0x0000000717e00000, 0x0000000717e00000| Untracked 
| 106|0x0000000718000000, 0x0000000718000000, 0x0000000718200000|  0%| F|  |TAMS 0x0000000718000000, 0x0000000718000000| Untracked 
| 107|0x0000000718200000, 0x0000000718200000, 0x0000000718400000|  0%| F|  |TAMS 0x0000000718200000, 0x0000000718200000| Untracked 
| 108|0x0000000718400000, 0x0000000718400000, 0x0000000718600000|  0%| F|  |TAMS 0x0000000718400000, 0x0000000718400000| Untracked 
| 109|0x0000000718600000, 0x0000000718600000, 0x0000000718800000|  0%| F|  |TAMS 0x0000000718600000, 0x0000000718600000| Untracked 
| 110|0x0000000718800000, 0x0000000718800000, 0x0000000718a00000|  0%| F|  |TAMS 0x0000000718800000, 0x0000000718800000| Untracked 
| 111|0x0000000718a00000, 0x0000000718a00000, 0x0000000718c00000|  0%| F|  |TAMS 0x0000000718a00000, 0x0000000718a00000| Untracked 
| 112|0x0000000718c00000, 0x0000000718c00000, 0x0000000718e00000|  0%| F|  |TAMS 0x0000000718c00000, 0x0000000718c00000| Untracked 
| 113|0x0000000718e00000, 0x0000000718e00000, 0x0000000719000000|  0%| F|  |TAMS 0x0000000718e00000, 0x0000000718e00000| Untracked 
| 114|0x0000000719000000, 0x0000000719000000, 0x0000000719200000|  0%| F|  |TAMS 0x0000000719000000, 0x0000000719000000| Untracked 
| 115|0x0000000719200000, 0x0000000719200000, 0x0000000719400000|  0%| F|  |TAMS 0x0000000719200000, 0x0000000719200000| Untracked 
| 116|0x0000000719400000, 0x0000000719400000, 0x0000000719600000|  0%| F|  |TAMS 0x0000000719400000, 0x0000000719400000| Untracked 
| 117|0x0000000719600000, 0x0000000719600000, 0x0000000719800000|  0%| F|  |TAMS 0x0000000719600000, 0x0000000719600000| Untracked 
| 118|0x0000000719800000, 0x0000000719800000, 0x0000000719a00000|  0%| F|  |TAMS 0x0000000719800000, 0x0000000719800000| Untracked 
| 119|0x0000000719a00000, 0x0000000719a00000, 0x0000000719c00000|  0%| F|  |TAMS 0x0000000719a00000, 0x0000000719a00000| Untracked 
| 120|0x0000000719c00000, 0x0000000719c00000, 0x0000000719e00000|  0%| F|  |TAMS 0x0000000719c00000, 0x0000000719c00000| Untracked 
| 121|0x0000000719e00000, 0x0000000719e00000, 0x000000071a000000|  0%| F|  |TAMS 0x0000000719e00000, 0x0000000719e00000| Untracked 
| 122|0x000000071a000000, 0x000000071a000000, 0x000000071a200000|  0%| F|  |TAMS 0x000000071a000000, 0x000000071a000000| Untracked 
| 123|0x000000071a200000, 0x000000071a200000, 0x000000071a400000|  0%| F|  |TAMS 0x000000071a200000, 0x000000071a200000| Untracked 
| 124|0x000000071a400000, 0x000000071a400000, 0x000000071a600000|  0%| F|  |TAMS 0x000000071a400000, 0x000000071a400000| Untracked 
| 125|0x000000071a600000, 0x000000071a600000, 0x000000071a800000|  0%| F|  |TAMS 0x000000071a600000, 0x000000071a600000| Untracked 
| 126|0x000000071a800000, 0x000000071a800000, 0x000000071aa00000|  0%| F|  |TAMS 0x000000071a800000, 0x000000071a800000| Untracked 
| 127|0x000000071aa00000, 0x000000071aa00000, 0x000000071ac00000|  0%| F|  |TAMS 0x000000071aa00000, 0x000000071aa00000| Untracked 
| 128|0x000000071ac00000, 0x000000071ac00000, 0x000000071ae00000|  0%| F|  |TAMS 0x000000071ac00000, 0x000000071ac00000| Untracked 
| 129|0x000000071ae00000, 0x000000071ae00000, 0x000000071b000000|  0%| F|  |TAMS 0x000000071ae00000, 0x000000071ae00000| Untracked 
| 130|0x000000071b000000, 0x000000071b000000, 0x000000071b200000|  0%| F|  |TAMS 0x000000071b000000, 0x000000071b000000| Untracked 
| 131|0x000000071b200000, 0x000000071b200000, 0x000000071b400000|  0%| F|  |TAMS 0x000000071b200000, 0x000000071b200000| Untracked 
| 132|0x000000071b400000, 0x000000071b400000, 0x000000071b600000|  0%| F|  |TAMS 0x000000071b400000, 0x000000071b400000| Untracked 
| 133|0x000000071b600000, 0x000000071b600000, 0x000000071b800000|  0%| F|  |TAMS 0x000000071b600000, 0x000000071b600000| Untracked 
| 134|0x000000071b800000, 0x000000071b800000, 0x000000071ba00000|  0%| F|  |TAMS 0x000000071b800000, 0x000000071b800000| Untracked 
| 135|0x000000071ba00000, 0x000000071ba00000, 0x000000071bc00000|  0%| F|  |TAMS 0x000000071ba00000, 0x000000071ba00000| Untracked 
| 136|0x000000071bc00000, 0x000000071bc00000, 0x000000071be00000|  0%| F|  |TAMS 0x000000071bc00000, 0x000000071bc00000| Untracked 
| 137|0x000000071be00000, 0x000000071be00000, 0x000000071c000000|  0%| F|  |TAMS 0x000000071be00000, 0x000000071be00000| Untracked 
| 138|0x000000071c000000, 0x000000071c099260, 0x000000071c200000| 29%| E|  |TAMS 0x000000071c000000, 0x000000071c000000| Complete 
| 139|0x000000071c200000, 0x000000071c400000, 0x000000071c400000|100%| E|CS|TAMS 0x000000071c200000, 0x000000071c200000| Complete 
| 140|0x000000071c400000, 0x000000071c600000, 0x000000071c600000|100%| E|CS|TAMS 0x000000071c400000, 0x000000071c400000| Complete 
| 141|0x000000071c600000, 0x000000071c800000, 0x000000071c800000|100%| E|  |TAMS 0x000000071c600000, 0x000000071c600000| Complete 
| 142|0x000000071c800000, 0x000000071ca00000, 0x000000071ca00000|100%| E|CS|TAMS 0x000000071c800000, 0x000000071c800000| Complete 
| 143|0x000000071ca00000, 0x000000071cc00000, 0x000000071cc00000|100%| E|CS|TAMS 0x000000071ca00000, 0x000000071ca00000| Complete 
| 144|0x000000071cc00000, 0x000000071ce00000, 0x000000071ce00000|100%| E|CS|TAMS 0x000000071cc00000, 0x000000071cc00000| Complete 
| 145|0x000000071ce00000, 0x000000071d000000, 0x000000071d000000|100%| E|CS|TAMS 0x000000071ce00000, 0x000000071ce00000| Complete 
| 146|0x000000071d000000, 0x000000071d200000, 0x000000071d200000|100%| E|CS|TAMS 0x000000071d000000, 0x000000071d000000| Complete 
| 147|0x000000071d200000, 0x000000071d400000, 0x000000071d400000|100%| E|CS|TAMS 0x000000071d200000, 0x000000071d200000| Complete 

Card table byte_map: [0x0000027a37cf0000,0x0000027a384a0000] _byte_map_base: 0x0000027a3449a000

Marking Bits (Prev, Next): (CMBitMap*) 0x0000027a2052e1b0, (CMBitMap*) 0x0000027a2052e170
 Prev Bits: [0x0000027a3c9a0000, 0x0000027a406f0000)
 Next Bits: [0x0000027a38c50000, 0x0000027a3c9a0000)

Polling page: 0x0000027a1e450000

Metaspace:

Usage:
  Non-class:     20.18 MB used.
      Class:      1.85 MB used.
       Both:     22.04 MB used.

Virtual space:
  Non-class space:       24.00 MB reserved,      20.31 MB ( 85%) committed,  3 nodes.
      Class space:        1.00 GB reserved,       2.00 MB ( <1%) committed,  1 nodes.
             Both:        1.02 GB reserved,      22.31 MB (  2%) committed. 

Chunk freelists:
   Non-Class:  3.72 MB
       Class:  2.04 MB
        Both:  5.75 MB

MaxMetaspaceSize: unlimited
CompressedClassSpaceSize: 1.00 GB
Initial GC threshold: 21.00 MB
Current GC threshold: 36.88 MB
CDS: on
MetaspaceReclaimPolicy: balanced
 - commit_granule_bytes: 65536.
 - commit_granule_words: 8192.
 - virtual_space_node_default_size: 1048576.
 - enlarge_chunks_in_place: 1.
 - new_chunks_are_fully_committed: 0.
 - uncommit_free_chunks: 1.
 - use_allocation_guard: 0.
 - handle_deallocations: 1.


Internal statistics:

num_allocs_failed_limit: 3.
num_arena_births: 244.
num_arena_deaths: 0.
num_vsnodes_births: 4.
num_vsnodes_deaths: 0.
num_space_committed: 353.
num_space_uncommitted: 0.
num_chunks_returned_to_freelist: 3.
num_chunks_taken_from_freelist: 751.
num_chunk_merges: 3.
num_chunk_splits: 552.
num_chunks_enlarged: 409.
num_purges: 0.
num_inconsistent_stats: 0.

CodeHeap 'non-profiled nmethods': size=119168Kb used=2376Kb max_used=2376Kb free=116791Kb
 bounds [0x0000027a2f860000, 0x0000027a2fad0000, 0x0000027a36cc0000]
CodeHeap 'profiled nmethods': size=119104Kb used=8079Kb max_used=8079Kb free=111024Kb
 bounds [0x0000027a28410000, 0x0000027a28c00000, 0x0000027a2f860000]
CodeHeap 'non-nmethods': size=7488Kb used=3182Kb max_used=3767Kb free=4305Kb
 bounds [0x0000027a27cc0000, 0x0000027a28080000, 0x0000027a28410000]
 total_blobs=5516 nmethods=3894 adapters=1532
 compilation: enabled
              stopped_count=0, restarted_count=0
 full_count=0

Compilation events (20 events):
Event: 17.100 Thread 0x0000027a436b3ca0 nmethod 3890 0x0000027a28bee690 code [0x0000027a28bee840, 0x0000027a28beead8]
Event: 17.100 Thread 0x0000027a4a972f50 3891       3       java.util.Vector$1::<init> (15 bytes)
Event: 17.100 Thread 0x0000027a436b3ca0 3892       3       java.util.zip.GZIPInputStream::close (22 bytes)
Event: 17.101 Thread 0x0000027a4a972f50 nmethod 3891 0x0000027a28beec10 code [0x0000027a28beeda0, 0x0000027a28beef78]
Event: 17.101 Thread 0x0000027a4a972f50 3893  s    3       com.xbuilders.engine.utils.progress.ProgressBar::setValue (21 bytes)
Event: 17.101 Thread 0x0000027a436b3ca0 nmethod 3892 0x0000027a28bef010 code [0x0000027a28bef1e0, 0x0000027a28bef538]
Event: 17.101 Thread 0x0000027a436b3ca0 3894       3       com.xbuilders.engine.world.chunk.ChunkSavingLoading::readMetadata (47 bytes)
Event: 17.101 Thread 0x0000027a4a972f50 nmethod 3893 0x0000027a28bef690 code [0x0000027a28bef840, 0x0000027a28befa88]
Event: 17.101 Thread 0x0000027a4a972f50 3895       3       java.io.InputStream::readAllBytes (7 bytes)
Event: 17.101 Thread 0x0000027a44113610 nmethod 3889 0x0000027a28befb90 code [0x0000027a28befe00, 0x0000027a28bf0dd8]
Event: 17.101 Thread 0x0000027a4a972f50 nmethod 3895 0x0000027a28bf1490 code [0x0000027a28bf1640, 0x0000027a28bf1808]
Event: 17.101 Thread 0x0000027a436b3ca0 nmethod 3894 0x0000027a28bf1890 code [0x0000027a28bf1a60, 0x0000027a28bf1e68]
Event: 17.111 Thread 0x0000027a436b3ca0 3896   !   3       java.util.zip.GZIPInputStream::readTrailer (170 bytes)
Event: 17.112 Thread 0x0000027a436b3ca0 nmethod 3896 0x0000027a28bf2010 code [0x0000027a28bf22c0, 0x0000027a28bf2e68]
Event: 17.129 Thread 0x0000027a436a92d0 3897       4       jogamp.common.util.locks.RecursiveLockImpl01Unfairish$SingleThreadSync::isOwner (14 bytes)
Event: 17.130 Thread 0x0000027a436a92d0 nmethod 3897 0x0000027a2faafc90 code [0x0000027a2faafe00, 0x0000027a2faafe98]
Event: 17.135 Thread 0x0000027a436a92d0 3898   !   4       java.util.concurrent.ConcurrentHashMap::putVal (432 bytes)
Event: 17.175 Thread 0x0000027a436a92d0 nmethod 3898 0x0000027a2faaff90 code [0x0000027a2fab01a0, 0x0000027a2fab1550]
Event: 17.248 Thread 0x0000027a436b3ca0 3899       3       processing.opengl.PGraphicsOpenGL::getHint (27 bytes)
Event: 17.248 Thread 0x0000027a436b3ca0 nmethod 3899 0x0000027a28bf3310 code [0x0000027a28bf34c0, 0x0000027a28bf36f8]

GC Heap History (20 events):
Event: 1.299 GC heap before
{Heap before GC invocations=0 (full 0):
 garbage-first heap   total 251904K, used 24576K [0x000000070ac00000, 0x0000000800000000)
  region size 2048K, 11 young (22528K), 0 survivors (0K)
 Metaspace       used 8664K, committed 8832K, reserved 1056768K
  class space    used 899K, committed 960K, reserved 1048576K
}
Event: 1.305 GC heap after
{Heap after GC invocations=1 (full 0):
 garbage-first heap   total 251904K, used 8227K [0x000000070ac00000, 0x0000000800000000)
  region size 2048K, 2 young (4096K), 2 survivors (4096K)
 Metaspace       used 8664K, committed 8832K, reserved 1056768K
  class space    used 899K, committed 960K, reserved 1048576K
}
Event: 1.917 GC heap before
{Heap before GC invocations=1 (full 0):
 garbage-first heap   total 251904K, used 45091K [0x000000070ac00000, 0x0000000800000000)
  region size 2048K, 17 young (34816K), 2 survivors (4096K)
 Metaspace       used 9773K, committed 9856K, reserved 1064960K
  class space    used 1050K, committed 1088K, reserved 1048576K
}
Event: 1.924 GC heap after
{Heap after GC invocations=2 (full 0):
 garbage-first heap   total 251904K, used 17858K [0x000000070ac00000, 0x0000000800000000)
  region size 2048K, 3 young (6144K), 3 survivors (6144K)
 Metaspace       used 9773K, committed 9856K, reserved 1064960K
  class space    used 1050K, committed 1088K, reserved 1048576K
}
Event: 3.452 GC heap before
{Heap before GC invocations=2 (full 0):
 garbage-first heap   total 251904K, used 159170K [0x000000070ac00000, 0x0000000800000000)
  region size 2048K, 73 young (149504K), 3 survivors (6144K)
 Metaspace       used 9930K, committed 10048K, reserved 1064960K
  class space    used 1050K, committed 1088K, reserved 1048576K
}
Event: 3.470 GC heap after
{Heap after GC invocations=3 (full 0):
 garbage-first heap   total 251904K, used 58604K [0x000000070ac00000, 0x0000000800000000)
  region size 2048K, 10 young (20480K), 10 survivors (20480K)
 Metaspace       used 9930K, committed 10048K, reserved 1064960K
  class space    used 1050K, committed 1088K, reserved 1048576K
}
Event: 4.408 GC heap before
{Heap before GC invocations=3 (full 0):
 garbage-first heap   total 251904K, used 128236K [0x000000070ac00000, 0x0000000800000000)
  region size 2048K, 39 young (79872K), 10 survivors (20480K)
 Metaspace       used 10719K, committed 10944K, reserved 1064960K
  class space    used 1098K, committed 1216K, reserved 1048576K
}
Event: 4.416 GC heap after
{Heap after GC invocations=4 (full 0):
 garbage-first heap   total 251904K, used 68804K [0x000000070ac00000, 0x0000000800000000)
  region size 2048K, 1 young (2048K), 1 survivors (2048K)
 Metaspace       used 10719K, committed 10944K, reserved 1064960K
  class space    used 1098K, committed 1216K, reserved 1048576K
}
Event: 7.866 GC heap before
{Heap before GC invocations=4 (full 0):
 garbage-first heap   total 251904K, used 173252K [0x000000070ac00000, 0x0000000800000000)
  region size 2048K, 43 young (88064K), 1 survivors (2048K)
 Metaspace       used 20157K, committed 20352K, reserved 1073152K
  class space    used 1792K, committed 1856K, reserved 1048576K
}
Event: 7.871 GC heap after
{Heap after GC invocations=5 (full 0):
 garbage-first heap   total 251904K, used 73601K [0x000000070ac00000, 0x0000000800000000)
  region size 2048K, 2 young (4096K), 2 survivors (4096K)
 Metaspace       used 20157K, committed 20352K, reserved 1073152K
  class space    used 1792K, committed 1856K, reserved 1048576K
}
Event: 8.840 GC heap before
{Heap before GC invocations=5 (full 0):
 garbage-first heap   total 251904K, used 106369K [0x000000070ac00000, 0x0000000800000000)
  region size 2048K, 7 young (14336K), 2 survivors (4096K)
 Metaspace       used 21359K, committed 21504K, reserved 1073152K
  class space    used 1856K, committed 1920K, reserved 1048576K
}
Event: 8.844 GC heap after
{Heap after GC invocations=6 (full 0):
 garbage-first heap   total 251904K, used 73950K [0x000000070ac00000, 0x0000000800000000)
  region size 2048K, 2 young (4096K), 2 survivors (4096K)
 Metaspace       used 21359K, committed 21504K, reserved 1073152K
  class space    used 1856K, committed 1920K, reserved 1048576K
}
Event: 14.057 GC heap before
{Heap before GC invocations=7 (full 0):
 garbage-first heap   total 251904K, used 207070K [0x000000070ac00000, 0x0000000800000000)
  region size 2048K, 53 young (108544K), 2 survivors (4096K)
 Metaspace       used 22233K, committed 22528K, reserved 1073152K
  class space    used 1880K, committed 2048K, reserved 1048576K
}
Event: 14.060 GC heap after
{Heap after GC invocations=8 (full 0):
 garbage-first heap   total 251904K, used 86777K [0x000000070ac00000, 0x0000000800000000)
  region size 2048K, 2 young (4096K), 2 survivors (4096K)
 Metaspace       used 22233K, committed 22528K, reserved 1073152K
  class space    used 1880K, committed 2048K, reserved 1048576K
}
Event: 16.407 GC heap before
{Heap before GC invocations=8 (full 0):
 garbage-first heap   total 251904K, used 140025K [0x000000070ac00000, 0x0000000800000000)
  region size 2048K, 25 young (51200K), 2 survivors (4096K)
 Metaspace       used 22350K, committed 22656K, reserved 1073152K
  class space    used 1882K, committed 2048K, reserved 1048576K
}
Event: 16.427 GC heap after
{Heap after GC invocations=9 (full 1):
 garbage-first heap   total 251904K, used 88779K [0x000000070ac00000, 0x0000000800000000)
  region size 2048K, 0 young (0K), 0 survivors (0K)
 Metaspace       used 22350K, committed 22656K, reserved 1073152K
  class space    used 1882K, committed 2048K, reserved 1048576K
}
Event: 16.900 GC heap before
{Heap before GC invocations=9 (full 1):
 garbage-first heap   total 251904K, used 185035K [0x000000070ac00000, 0x0000000800000000)
  region size 2048K, 48 young (98304K), 0 survivors (0K)
 Metaspace       used 22500K, committed 22784K, reserved 1073152K
  class space    used 1890K, committed 2048K, reserved 1048576K
}
Event: 16.906 GC heap after
{Heap after GC invocations=10 (full 1):
 garbage-first heap   total 251904K, used 124562K [0x000000070ac00000, 0x0000000800000000)
  region size 2048K, 6 young (12288K), 6 survivors (12288K)
 Metaspace       used 22500K, committed 22784K, reserved 1073152K
  class space    used 1890K, committed 2048K, reserved 1048576K
}
Event: 17.148 GC heap before
{Heap before GC invocations=10 (full 1):
 garbage-first heap   total 251904K, used 183954K [0x000000070ac00000, 0x0000000800000000)
  region size 2048K, 35 young (71680K), 6 survivors (12288K)
 Metaspace       used 22514K, committed 22784K, reserved 1073152K
  class space    used 1890K, committed 2048K, reserved 1048576K
}
Event: 17.154 GC heap after
{Heap after GC invocations=11 (full 1):
 garbage-first heap   total 303104K, used 146794K [0x000000070ac00000, 0x0000000800000000)
  region size 2048K, 5 young (10240K), 5 survivors (10240K)
 Metaspace       used 22514K, committed 22784K, reserved 1073152K
  class space    used 1890K, committed 2048K, reserved 1048576K
}

Deoptimization events (20 events):
Event: 17.059 Thread 0x0000027a4fd5c740 DEOPT PACKING pc=0x0000027a28bdd144 sp=0x0000009982bff460
Event: 17.059 Thread 0x0000027a4fd5c740 DEOPT UNPACKING pc=0x0000027a27d12b43 sp=0x0000009982bfe928 mode 0
Event: 17.062 Thread 0x0000027a4fd5c740 DEOPT PACKING pc=0x0000027a28bdd144 sp=0x0000009982bff460
Event: 17.062 Thread 0x0000027a4fd5c740 DEOPT UNPACKING pc=0x0000027a27d12b43 sp=0x0000009982bfe928 mode 0
Event: 17.065 Thread 0x0000027a4fd5c740 DEOPT PACKING pc=0x0000027a28bdd144 sp=0x0000009982bff460
Event: 17.065 Thread 0x0000027a4fd5c740 DEOPT UNPACKING pc=0x0000027a27d12b43 sp=0x0000009982bfe928 mode 0
Event: 17.068 Thread 0x0000027a4fd5c740 DEOPT PACKING pc=0x0000027a28bdd144 sp=0x0000009982bff460
Event: 17.068 Thread 0x0000027a4fd5c740 DEOPT UNPACKING pc=0x0000027a27d12b43 sp=0x0000009982bfe928 mode 0
Event: 17.070 Thread 0x0000027a4fd5c740 DEOPT PACKING pc=0x0000027a28bdd144 sp=0x0000009982bff460
Event: 17.070 Thread 0x0000027a4fd5c740 DEOPT UNPACKING pc=0x0000027a27d12b43 sp=0x0000009982bfe928 mode 0
Event: 17.072 Thread 0x0000027a4fd5c740 DEOPT PACKING pc=0x0000027a28bdd144 sp=0x0000009982bff460
Event: 17.072 Thread 0x0000027a4fd5c740 DEOPT UNPACKING pc=0x0000027a27d12b43 sp=0x0000009982bfe928 mode 0
Event: 17.074 Thread 0x0000027a4fd5c740 DEOPT PACKING pc=0x0000027a28bdd144 sp=0x0000009982bff460
Event: 17.074 Thread 0x0000027a4fd5c740 DEOPT UNPACKING pc=0x0000027a27d12b43 sp=0x0000009982bfe928 mode 0
Event: 17.076 Thread 0x0000027a4fd5c740 DEOPT PACKING pc=0x0000027a28bdd144 sp=0x0000009982bff460
Event: 17.076 Thread 0x0000027a4fd5c740 DEOPT UNPACKING pc=0x0000027a27d12b43 sp=0x0000009982bfe928 mode 0
Event: 17.225 Thread 0x0000027a4fd5c740 Uncommon trap: trap_request=0xffffff45 fr.pc=0x0000027a2faad9c8 relative=0x0000000000002888
Event: 17.225 Thread 0x0000027a4fd5c740 Uncommon trap: reason=unstable_if action=reinterpret pc=0x0000027a2faad9c8 method=com.xbuilders.engine.world.chunk.ChunkSavingLoading.readEntities([BLcom/xbuilders/engine/world/chunk/SubChunk;I)I @ 214 c2
Event: 17.225 Thread 0x0000027a4fd5c740 DEOPT PACKING pc=0x0000027a2faad9c8 sp=0x0000009982bff420
Event: 17.225 Thread 0x0000027a4fd5c740 DEOPT UNPACKING pc=0x0000027a27d123a3 sp=0x0000009982bff360 mode 2

Classes unloaded (0 events):
No events

Classes redefined (0 events):
No events

Internal exceptions (20 events):
Event: 7.515 Thread 0x0000027a4fd60100 Exception <a 'java/lang/ClassNotFoundException'{0x00000007158198b0}: sun/net/www/protocol/c/Handler> (0x00000007158198b0) 
thrown [t:\workspace\open\src\hotspot\share\classfile\systemDictionary.cpp, line 256]
Event: 7.583 Thread 0x0000027a4fd60100 Exception <a 'java/lang/ClassNotFoundException'{0x00000007153d0ec0}: sun/net/www/protocol/c/Handler> (0x00000007153d0ec0) 
thrown [t:\workspace\open\src\hotspot\share\classfile\systemDictionary.cpp, line 256]
Event: 7.588 Thread 0x0000027a4fd60100 Exception <a 'java/lang/ClassNotFoundException'{0x00000007153ebd00}: sun/net/www/protocol/c/Handler> (0x00000007153ebd00) 
thrown [t:\workspace\open\src\hotspot\share\classfile\systemDictionary.cpp, line 256]
Event: 7.606 Thread 0x0000027a4fd60100 Exception <a 'java/lang/ClassNotFoundException'{0x0000000714e0dbb0}: sun/net/www/protocol/c/Handler> (0x0000000714e0dbb0) 
thrown [t:\workspace\open\src\hotspot\share\classfile\systemDictionary.cpp, line 256]
Event: 7.609 Thread 0x0000027a4fd60100 Exception <a 'java/lang/ClassNotFoundException'{0x0000000714e24b20}: sun/net/www/protocol/c/Handler> (0x0000000714e24b20) 
thrown [t:\workspace\open\src\hotspot\share\classfile\systemDictionary.cpp, line 256]
Event: 7.706 Thread 0x0000027a4fd60100 Exception <a 'java/lang/NoSuchMethodError'{0x0000000714c13408}: 'int java.lang.invoke.DirectMethodHandle$Holder.invokeSpecial(java.lang.Object, java.lang.Object, java.lang.Object)'> (0x0000000714c13408) 
thrown [t:\workspace\open\src\hotspot\share\interpreter\linkResolver.cpp, line 766]
Event: 7.796 Thread 0x0000027a4fd60100 Exception <a 'java/lang/NoSuchMethodError'{0x0000000714cf15f0}: 'void java.lang.invoke.DirectMethodHandle$Holder.invokeStatic(java.lang.Object, java.lang.Object)'> (0x0000000714cf15f0) 
thrown [t:\workspace\open\src\hotspot\share\interpreter\linkResolver.cpp, line 766]
Event: 7.799 Thread 0x0000027a4fd60100 Exception <a 'java/lang/NoSuchMethodError'{0x0000000714d01088}: 'java.lang.Object java.lang.invoke.DirectMethodHandle$Holder.invokeStatic(java.lang.Object, java.lang.Object, int)'> (0x0000000714d01088) 
thrown [t:\workspace\open\src\hotspot\share\interpreter\linkResolver.cpp, line 766]
Event: 7.802 Thread 0x0000027a4fd60100 Exception <a 'java/lang/NoSuchMethodError'{0x0000000714d0c2d0}: 'void java.lang.invoke.DelegatingMethodHandle$Holder.delegate(java.lang.Object, java.lang.Object, int, java.lang.Object)'> (0x0000000714d0c2d0) 
thrown [t:\workspace\open\src\hotspot\share\interpreter\linkResolver.cpp, line 766]
Event: 7.827 Thread 0x0000027a4fd60100 Exception <a 'sun/nio/fs/WindowsException'{0x0000000714d53578}> (0x0000000714d53578) 
thrown [t:\workspace\open\src\hotspot\share\prims\jni.cpp, line 516]
Event: 7.827 Thread 0x0000027a4fd60100 Exception <a 'sun/nio/fs/WindowsException'{0x0000000714d538c8}> (0x0000000714d538c8) 
thrown [t:\workspace\open\src\hotspot\share\prims\jni.cpp, line 516]
Event: 7.875 Thread 0x0000027a4fd60100 Exception <a 'java/lang/NoSuchMethodError'{0x000000071a01a0f8}: 'int java.lang.invoke.DirectMethodHandle$Holder.invokeStaticInit(java.lang.Object, java.lang.Object, int, long)'> (0x000000071a01a0f8) 
thrown [t:\workspace\open\src\hotspot\share\interpreter\linkResolver.cpp, line 766]
Event: 7.879 Thread 0x0000027a4fd60100 Exception <a 'java/lang/NoSuchMethodError'{0x000000071a02ab78}: 'int java.lang.invoke.DirectMethodHandle$Holder.invokeStaticInit(java.lang.Object, java.lang.Object, long, long)'> (0x000000071a02ab78) 
thrown [t:\workspace\open\src\hotspot\share\interpreter\linkResolver.cpp, line 766]
Event: 7.881 Thread 0x0000027a4fd60100 Exception <a 'java/lang/NoSuchMethodError'{0x000000071a034d50}: 'int java.lang.invoke.DirectMethodHandle$Holder.invokeStaticInit(java.lang.Object, java.lang.Object, java.lang.Object, long)'> (0x000000071a034d50) 
thrown [t:\workspace\open\src\hotspot\share\interpreter\linkResolver.cpp, line 766]
Event: 7.895 Thread 0x0000027a4fd60100 Exception <a 'sun/nio/fs/WindowsException'{0x000000071a0d7c40}> (0x000000071a0d7c40) 
thrown [t:\workspace\open\src\hotspot\share\prims\jni.cpp, line 516]
Event: 7.895 Thread 0x0000027a4fd60100 Exception <a 'sun/nio/fs/WindowsException'{0x000000071a0d7fd0}> (0x000000071a0d7fd0) 
thrown [t:\workspace\open\src\hotspot\share\prims\jni.cpp, line 516]
Event: 8.616 Thread 0x0000027a4fd60100 Implicit null exception at 0x0000027a2f97c8ca to 0x0000027a2f97c930
Event: 8.941 Thread 0x0000027a4fd60100 Implicit null exception at 0x0000027a2f958d56 to 0x0000027a2f959148
Event: 10.464 Thread 0x0000027a4fd60100 Implicit null exception at 0x0000027a2f9e3ba3 to 0x0000027a2f9e3db4
Event: 10.480 Thread 0x0000027a4fd60100 Implicit null exception at 0x0000027a2f9ddfbc to 0x0000027a2f9de1ce

VM Operations (20 events):
Event: 10.515 Executing VM operation: Cleanup
Event: 10.515 Executing VM operation: Cleanup done
Event: 11.515 Executing VM operation: Cleanup
Event: 11.515 Executing VM operation: Cleanup done
Event: 12.516 Executing VM operation: Cleanup
Event: 12.516 Executing VM operation: Cleanup done
Event: 14.056 Executing VM operation: G1CollectForAllocation
Event: 14.060 Executing VM operation: G1CollectForAllocation done
Event: 15.061 Executing VM operation: Cleanup
Event: 15.061 Executing VM operation: Cleanup done
Event: 16.407 Executing VM operation: G1CollectFull
Event: 16.427 Executing VM operation: G1CollectFull done
Event: 16.900 Executing VM operation: G1CollectForAllocation
Event: 16.906 Executing VM operation: G1CollectForAllocation done
Event: 17.148 Executing VM operation: G1CollectForAllocation
Event: 17.154 Executing VM operation: G1CollectForAllocation done
Event: 17.170 Executing VM operation: G1Concurrent
Event: 17.173 Executing VM operation: G1Concurrent done
Event: 17.179 Executing VM operation: G1Concurrent
Event: 17.179 Executing VM operation: G1Concurrent done

Events (20 events):
Event: 14.790 Thread 0x0000027a4441f610 Thread exited: 0x0000027a4441f610
Event: 14.790 Thread 0x0000027a4a972f50 Thread exited: 0x0000027a4a972f50
Event: 15.503 Thread 0x0000027a4a972f50 Thread added: 0x0000027a4a972f50
Event: 16.429 Thread 0x0000027a4fd5c740 Thread added: 0x0000027a4fd5c740
Event: 16.447 loading class java/util/zip/CheckedInputStream
Event: 16.447 loading class java/util/zip/CheckedInputStream done
Event: 16.448 loading class java/util/zip/GZIPInputStream$1
Event: 16.449 loading class java/util/zip/GZIPInputStream$1 done
Event: 16.449 loading class java/util/Vector$1
Event: 16.449 loading class java/util/Vector$1 done
Event: 16.461 Thread 0x0000027a5454c020 Thread added: 0x0000027a5454c020
Event: 16.639 Thread 0x0000027a5454c020 Thread exited: 0x0000027a5454c020
Event: 17.003 Thread 0x0000027a5454c020 Thread added: 0x0000027a5454c020
Event: 17.225 loading class java/lang/Byte$ByteCache
Event: 17.225 loading class java/lang/Byte$ByteCache done
Event: 17.228 loading class java/lang/Math$RandomNumberGeneratorHolder
Event: 17.228 loading class java/lang/Math$RandomNumberGeneratorHolder done
Event: 17.233 loading class java/io/FileReader
Event: 17.234 loading class java/io/FileReader done
Event: 17.248 Thread 0x0000027a5454c020 Thread exited: 0x0000027a5454c020


Dynamic libraries:
0x00007ff673c40000 - 0x00007ff673c50000 	C:\Program Files\Java\jdk-17.0.1\bin\java.exe
0x00007ffe3da90000 - 0x00007ffe3dca7000 	C:\WINDOWS\SYSTEM32\ntdll.dll
0x00007ffe3c850000 - 0x00007ffe3c914000 	C:\WINDOWS\System32\KERNEL32.DLL
0x00007ffe3b380000 - 0x00007ffe3b72c000 	C:\WINDOWS\System32\KERNELBASE.dll
0x00007ffe3afa0000 - 0x00007ffe3b0b1000 	C:\WINDOWS\System32\ucrtbase.dll
0x00007ffe13cd0000 - 0x00007ffe13cea000 	C:\Program Files\Java\jdk-17.0.1\bin\VCRUNTIME140.dll
0x00007ffe10ab0000 - 0x00007ffe10ac8000 	C:\Program Files\Java\jdk-17.0.1\bin\jli.dll
0x00007ffe3b960000 - 0x00007ffe3ba12000 	C:\WINDOWS\System32\ADVAPI32.dll
0x00007ffe3b8b0000 - 0x00007ffe3b957000 	C:\WINDOWS\System32\msvcrt.dll
0x00007ffe3ba30000 - 0x00007ffe3bada000 	C:\WINDOWS\System32\sechost.dll
0x00007ffe3b0c0000 - 0x00007ffe3b0e8000 	C:\WINDOWS\System32\bcrypt.dll
0x00007ffe3beb0000 - 0x00007ffe3bfc5000 	C:\WINDOWS\System32\RPCRT4.dll
0x00007ffe3c610000 - 0x00007ffe3c7be000 	C:\WINDOWS\System32\USER32.dll
0x00007ffe3adc0000 - 0x00007ffe3ade6000 	C:\WINDOWS\System32\win32u.dll
0x00007ffe303d0000 - 0x00007ffe30663000 	C:\WINDOWS\WinSxS\amd64_microsoft.windows.common-controls_6595b64144ccf1df_6.0.22621.3672_none_2713b9d173822955\COMCTL32.dll
0x00007ffe3c920000 - 0x00007ffe3c949000 	C:\WINDOWS\System32\GDI32.dll
0x00007ffe3b260000 - 0x00007ffe3b379000 	C:\WINDOWS\System32\gdi32full.dll
0x00007ffe3b730000 - 0x00007ffe3b7ca000 	C:\WINDOWS\System32\msvcp_win.dll
0x00007ffe30a60000 - 0x00007ffe30a6a000 	C:\WINDOWS\SYSTEM32\VERSION.dll
0x00007ffe3bdb0000 - 0x00007ffe3bde1000 	C:\WINDOWS\System32\IMM32.DLL
0x00007ffe1dcb0000 - 0x00007ffe1dcbc000 	C:\Program Files\Java\jdk-17.0.1\bin\vcruntime140_1.dll
0x00007ffdf9ea0000 - 0x00007ffdf9f2d000 	C:\Program Files\Java\jdk-17.0.1\bin\msvcp140.dll
0x00007ffde4780000 - 0x00007ffde533e000 	C:\Program Files\Java\jdk-17.0.1\bin\server\jvm.dll
0x00007ffe3bd50000 - 0x00007ffe3bd58000 	C:\WINDOWS\System32\PSAPI.DLL
0x00007ffe1d7a0000 - 0x00007ffe1d7a9000 	C:\WINDOWS\SYSTEM32\WSOCK32.dll
0x00007ffe30a20000 - 0x00007ffe30a54000 	C:\WINDOWS\SYSTEM32\WINMM.dll
0x00007ffe3ca60000 - 0x00007ffe3cad1000 	C:\WINDOWS\System32\WS2_32.dll
0x00007ffe39ec0000 - 0x00007ffe39ed8000 	C:\WINDOWS\SYSTEM32\kernel.appcore.dll
0x00007ffe1c4b0000 - 0x00007ffe1c4ba000 	C:\Program Files\Java\jdk-17.0.1\bin\jimage.dll
0x00007ffe38650000 - 0x00007ffe38882000 	C:\WINDOWS\SYSTEM32\DBGHELP.DLL
0x00007ffe3cb00000 - 0x00007ffe3ce88000 	C:\WINDOWS\System32\combase.dll
0x00007ffe3b7d0000 - 0x00007ffe3b8a7000 	C:\WINDOWS\System32\OLEAUT32.dll
0x00007ffe2bc90000 - 0x00007ffe2bcc2000 	C:\WINDOWS\SYSTEM32\dbgcore.DLL
0x00007ffe3adf0000 - 0x00007ffe3ae6b000 	C:\WINDOWS\System32\bcryptPrimitives.dll
0x00007ffe0ff90000 - 0x00007ffe0ffb5000 	C:\Program Files\Java\jdk-17.0.1\bin\java.dll
0x00007ffdf8bd0000 - 0x00007ffdf8ca6000 	C:\Program Files\Java\jdk-17.0.1\bin\svml.dll
0x00007ffe3cf90000 - 0x00007ffe3d7ec000 	C:\WINDOWS\System32\SHELL32.dll
0x00007ffe38cd0000 - 0x00007ffe395c7000 	C:\WINDOWS\SYSTEM32\windows.storage.dll
0x00007ffe38b90000 - 0x00007ffe38ccf000 	C:\WINDOWS\SYSTEM32\wintypes.dll
0x00007ffe3ce90000 - 0x00007ffe3cf84000 	C:\WINDOWS\System32\SHCORE.dll
0x00007ffe3bdf0000 - 0x00007ffe3be4e000 	C:\WINDOWS\System32\shlwapi.dll
0x00007ffe3acf0000 - 0x00007ffe3ad11000 	C:\WINDOWS\SYSTEM32\profapi.dll
0x00007ffe106f0000 - 0x00007ffe10709000 	C:\Program Files\Java\jdk-17.0.1\bin\net.dll
0x00007ffe366c0000 - 0x00007ffe367f6000 	C:\WINDOWS\SYSTEM32\WINHTTP.dll
0x00007ffe3a350000 - 0x00007ffe3a3b9000 	C:\WINDOWS\system32\mswsock.dll
0x00007ffe102b0000 - 0x00007ffe102c5000 	C:\Program Files\Java\jdk-17.0.1\bin\nio.dll
0x00007ffe0fcf0000 - 0x00007ffe0fd08000 	C:\Program Files\Java\jdk-17.0.1\bin\zip.dll
0x00007ffdf4bf0000 - 0x00007ffdf4d7f000 	C:\Program Files\Java\jdk-17.0.1\bin\awt.dll
0x00007ffe342b0000 - 0x00007ffe34347000 	C:\WINDOWS\SYSTEM32\apphelp.dll
0x00007ffe37cd0000 - 0x00007ffe37d7a000 	C:\WINDOWS\system32\uxtheme.dll
0x00007ffe3bbf0000 - 0x00007ffe3bd43000 	C:\WINDOWS\System32\MSCTF.dll
0x00007ffe3d810000 - 0x00007ffe3d9b5000 	C:\WINDOWS\System32\ole32.dll
0x00007ffe37f50000 - 0x00007ffe37f7b000 	C:\WINDOWS\system32\DWMAPI.DLL
0x00007ffded310000 - 0x00007ffded410000 	C:\WINDOWS\system32\opengl32.dll
0x00007ffe0b720000 - 0x00007ffe0b74d000 	C:\WINDOWS\SYSTEM32\GLU32.dll
0x00007ffe38010000 - 0x00007ffe38049000 	C:\WINDOWS\SYSTEM32\dxcore.dll
0x00007ffdff640000 - 0x00007ffdff7e8000 	C:\WINDOWS\system32\d3d9.dll
0x00007ffe2e5b0000 - 0x00007ffe2e76a000 	C:\WINDOWS\System32\DriverStore\FileRepository\u0381040.inf_amd64_4455b7391a60ce8d\B380794\aticfx64.dll
0x00007ffdfd770000 - 0x00007ffdfd7a4000 	C:\WINDOWS\System32\DriverStore\FileRepository\u0381040.inf_amd64_4455b7391a60ce8d\B380794\atiu9p64.dll
0x00007ffde3a20000 - 0x00007ffde4776000 	C:\WINDOWS\System32\DriverStore\FileRepository\u0381040.inf_amd64_4455b7391a60ce8d\B380794\atiumd64.dll
0x0000000071480000 - 0x000000007233f000 	C:\WINDOWS\System32\DriverStore\FileRepository\u0381040.inf_amd64_4455b7391a60ce8d\B380794\atiumd6a.dll
0x00007ffe3bfd0000 - 0x00007ffe3c444000 	C:\WINDOWS\System32\SETUPAPI.dll
0x00007ffe39c30000 - 0x00007ffe39c7d000 	C:\WINDOWS\SYSTEM32\POWRPROF.dll
0x00007ffe39c10000 - 0x00007ffe39c23000 	C:\WINDOWS\SYSTEM32\UMPDC.dll
0x00007ffe2e4a0000 - 0x00007ffe2e4d0000 	C:\WINDOWS\SYSTEM32\amdihk64.dll
0x00007ffe311d0000 - 0x00007ffe31219000 	C:\WINDOWS\SYSTEM32\directxdatabasehelper.dll
0x00007ffdedf80000 - 0x00007ffdee009000 	C:\Program Files\Java\jdk-17.0.1\bin\freetype.dll
0x00007ffdeded0000 - 0x00007ffdedf78000 	C:\Program Files\Java\jdk-17.0.1\bin\fontmanager.dll
0x00007ffe0d350000 - 0x00007ffe0d360000 	C:\Program Files\Java\jdk-17.0.1\bin\verify.dll
0x00007ffe0d320000 - 0x00007ffe0d34d000 	C:\Program Files\Java\jdk-17.0.1\bin\javajpeg.dll
0x00007ffe0d2d0000 - 0x00007ffe0d311000 	C:\Program Files\Java\jdk-17.0.1\bin\lcms.dll
0x00007ffe3a5b0000 - 0x00007ffe3a5cb000 	C:\WINDOWS\SYSTEM32\CRYPTSP.dll
0x00007ffe39e20000 - 0x00007ffe39e55000 	C:\WINDOWS\system32\rsaenh.dll
0x00007ffe3a450000 - 0x00007ffe3a478000 	C:\WINDOWS\SYSTEM32\USERENV.dll
0x00007ffe3a5d0000 - 0x00007ffe3a5dc000 	C:\WINDOWS\SYSTEM32\CRYPTBASE.dll
0x00007ffe398b0000 - 0x00007ffe398dd000 	C:\WINDOWS\SYSTEM32\IPHLPAPI.DLL
0x00007ffe3ba20000 - 0x00007ffe3ba29000 	C:\WINDOWS\System32\NSI.dll
0x00007ffe36460000 - 0x00007ffe36479000 	C:\WINDOWS\SYSTEM32\dhcpcsvc6.DLL
0x00007ffe36440000 - 0x00007ffe3645f000 	C:\WINDOWS\SYSTEM32\dhcpcsvc.DLL
0x00007ffe39920000 - 0x00007ffe39a18000 	C:\WINDOWS\SYSTEM32\DNSAPI.dll
0x000000006e8c0000 - 0x000000006e8cd000 	C:\Local Files\github\Xbuilders-2\natives\windows-amd64\gluegen_rt.dll
0x00007ffe13df0000 - 0x00007ffe13df7000 	C:\Program Files\Java\jdk-17.0.1\bin\jawt.dll
0x000000006a440000 - 0x000000006a44d000 	C:\Local Files\github\Xbuilders-2\natives\windows-amd64\nativewindow_awt.dll
0x000000006c100000 - 0x000000006c110000 	C:\Local Files\github\Xbuilders-2\natives\windows-amd64\nativewindow_win32.dll
0x0000000064500000 - 0x0000000064585000 	C:\Local Files\github\Xbuilders-2\natives\windows-amd64\jogl_desktop.dll
0x0000000064340000 - 0x0000000064391000 	C:\Local Files\github\Xbuilders-2\natives\windows-amd64\jogl_mobile.dll
0x00007ffe3c9b0000 - 0x00007ffe3ca60000 	C:\WINDOWS\System32\clbcatq.dll
0x00007ffe35cb0000 - 0x00007ffe35dee000 	C:\Windows\System32\AppXDeploymentClient.dll
0x00007ffe2df60000 - 0x00007ffe2df8c000 	C:\WINDOWS\System32\DriverStore\FileRepository\u0381040.inf_amd64_4455b7391a60ce8d\B380794\atig6pxx.dll
0x00007ffdbb090000 - 0x00007ffdbdef0000 	C:\WINDOWS\System32\DriverStore\FileRepository\u0381040.inf_amd64_4455b7391a60ce8d\B380794\atio6axx.dll
0x00007ffe0d430000 - 0x00007ffe0d455000 	C:\WINDOWS\SYSTEM32\dxva2.dll
0x00007ffe3aaa0000 - 0x00007ffe3aaee000 	C:\WINDOWS\SYSTEM32\cfgmgr32.DLL
0x00007ffe16f30000 - 0x00007ffe16f6f000 	C:\WINDOWS\System32\DriverStore\FileRepository\u0381040.inf_amd64_4455b7391a60ce8d\B380794\atig6txx.dll
0x00007ffdbf1f0000 - 0x00007ffdbf3c0000 	C:\WINDOWS\SYSTEM32\atiadlxx.dll
0x00007ffe38890000 - 0x00007ffe38991000 	C:\WINDOWS\SYSTEM32\PROPSYS.dll
0x00007ffe17a40000 - 0x00007ffe17a90000 	C:\WINDOWS\SYSTEM32\pdh.dll
0x00007ffe3aa70000 - 0x00007ffe3aa9c000 	C:\WINDOWS\SYSTEM32\DEVOBJ.dll
0x00007ffe3af30000 - 0x00007ffe3af9b000 	C:\WINDOWS\System32\WINTRUST.dll
0x00007ffe3b0f0000 - 0x00007ffe3b257000 	C:\WINDOWS\System32\CRYPT32.dll
0x00007ffe3a610000 - 0x00007ffe3a622000 	C:\WINDOWS\SYSTEM32\MSASN1.dll
0x0000000070d80000 - 0x0000000070d93000 	C:\Local Files\github\Xbuilders-2\natives\windows-amd64\newt_head.dll
0x00007ffe35f10000 - 0x00007ffe35fcc000 	C:\WINDOWS\SYSTEM32\mscms.dll
0x00007ffe0d1a0000 - 0x00007ffe0d1e9000 	C:\WINDOWS\SYSTEM32\icm32.dll
0x00007ffe267e0000 - 0x00007ffe2692d000 	C:\WINDOWS\SYSTEM32\textinputframework.dll
0x00007ffe33ef0000 - 0x00007ffe34023000 	C:\WINDOWS\SYSTEM32\CoreMessaging.dll
0x00007ffe30e60000 - 0x00007ffe311cd000 	C:\WINDOWS\SYSTEM32\CoreUIComponents.dll
0x00007ffe1e100000 - 0x00007ffe1e169000 	C:\WINDOWS\system32\Oleacc.dll
0x00007ffe25660000 - 0x00007ffe256ab000 	C:\WINDOWS\system32\ApplicationTargetedFeatureDatabase.dll
0x00007ffe34980000 - 0x00007ffe34c0a000 	C:\Windows\System32\twinapi.appcore.dll
0x00007ffe0d250000 - 0x00007ffe0d2cb000 	C:\Users\sampw\AppData\Local\Temp\lwjgl_sampw\3.3.3+5\x64\lwjgl.dll
0x00007ffde5540000 - 0x00007ffde57b0000 	C:\Users\sampw\AppData\Local\Temp\lwjgl_sampw\3.3.3+5\x64\jemalloc.dll

dbghelp: loaded successfully - version: 4.0.5 - missing functions: none
symbol engine: initialized successfully - sym options: 0x614 - pdb path: .;C:\Program Files\Java\jdk-17.0.1\bin;C:\WINDOWS\SYSTEM32;C:\WINDOWS\WinSxS\amd64_microsoft.windows.common-controls_6595b64144ccf1df_6.0.22621.3672_none_2713b9d173822955;C:\Program Files\Java\jdk-17.0.1\bin\server;C:\WINDOWS\System32\DriverStore\FileRepository\u0381040.inf_amd64_4455b7391a60ce8d\B380794;C:\Local Files\github\Xbuilders-2\natives\windows-amd64;C:\Users\sampw\AppData\Local\Temp\lwjgl_sampw\3.3.3+5\x64

VM Arguments:
jvm_args: -XX:+ShowCodeDetailsInExceptionMessages 
java_command: com.xbuilders.game.Main
java_class_path (initial): C:\Local Files\github\Xbuilders-2\target\classes;C:\Users\sampw\.m2\repository\com\jogamp\com.jogamp.jogl\1.0\com.jogamp.jogl-1.0.jar;C:\Users\sampw\.m2\repository\org\joml\joml\1.10.5\joml-1.10.5.jar;C:\Users\sampw\.m2\repository\com\gluegen\com.gluegen\1.0\com.gluegen-1.0.jar;C:\Users\sampw\.m2\repository\com\processingCore\com.processingCore\1.0\com.processingCore-1.0.jar;C:\Users\sampw\.m2\repository\org\lwjgl\lwjgl\3.3.3\lwjgl-3.3.3.jar;C:\Users\sampw\.m2\repository\org\lwjgl\lwjgl-assimp\3.3.3\lwjgl-assimp-3.3.3.jar;C:\Users\sampw\.m2\repository\org\lwjgl\lwjgl-bgfx\3.3.3\lwjgl-bgfx-3.3.3.jar;C:\Users\sampw\.m2\repository\org\lwjgl\lwjgl-cuda\3.3.3\lwjgl-cuda-3.3.3.jar;C:\Users\sampw\.m2\repository\org\lwjgl\lwjgl-egl\3.3.3\lwjgl-egl-3.3.3.jar;C:\Users\sampw\.m2\repository\org\lwjgl\lwjgl-fmod\3.3.3\lwjgl-fmod-3.3.3.jar;C:\Users\sampw\.m2\repository\org\lwjgl\lwjgl-freetype\3.3.3\lwjgl-freetype-3.3.3.jar;C:\Users\sampw\.m2\repository\org\lwjgl\lwjgl-glfw\3.3.3\lwjgl-glfw-3.3.3.jar;C:\Users\sampw\.m2\repository\org\lwjgl\lwjgl-harfbuzz\3.3.3\lwjgl-harfbuzz-3.3.3.jar;C:\Users\sampw\.m2\repository\org\lwjgl\lwjgl-hwloc\3.3.3\lwjgl-hwloc-3.3.3.jar;C:\Users\sampw\.m2\repository\org\lwjgl\lwjgl-jawt\3.3.3\lwjgl-jawt-3.3.3.jar;C:\Users\sampw\.m2\repository\org\lwjgl\lwjgl-jemalloc\3.3.3\lwjgl-jemalloc-3.3.3.jar;C:\Users\sampw\.m2\repository\org\lwjgl\lwjgl-ktx\3.3.3\lwjgl-ktx-3.3.3.jar;C:\Users\sampw\.m2\repository\org\lwjgl\lwjgl-libdivide\3.3.3\lwjgl-libdivide-3.3.3.jar;C:\Users\sampw\.m2\repository\org\lwjgl\lwjgl-llvm\3.3.3\lwjgl-llvm-3.3.3.jar;C:\Users\sampw\.m2\repository\org\lwjgl\lwjgl-lmdb\3.3.3\lwjgl-lmdb-3.3.3.jar;C:\Users\sampw\.m2\repository\org\lwjgl\lwjgl-lz4\3.3.3\lwjgl-lz4-3.3.3.jar;C:\Users\sampw\.m2\repository\org\lwjgl\lwjgl-meow\3.3.3\lwjgl-meow-3.3.3.jar;C:\Users\sampw\.m2\repository\org\lwjgl\lwjgl-meshoptimizer\3.3.3\lwjgl-meshoptimizer-3.3.3.jar;C:\Users\sampw\.m2\repository\org\lwjgl\lwjgl-nanovg\3.3.3\lwjgl-nano
Launcher Type: SUN_STANDARD

[Global flags]
     intx CICompilerCount                          = 12                                        {product} {ergonomic}
     uint ConcGCThreads                            = 3                                         {product} {ergonomic}
     uint G1ConcRefinementThreads                  = 13                                        {product} {ergonomic}
   size_t G1HeapRegionSize                         = 2097152                                   {product} {ergonomic}
    uintx GCDrainStackTargetSize                   = 64                                        {product} {ergonomic}
   size_t InitialHeapSize                          = 257949696                                 {product} {ergonomic}
   size_t MarkStackSize                            = 4194304                                   {product} {ergonomic}
   size_t MaxHeapSize                              = 4114612224                                {product} {ergonomic}
   size_t MaxNewSize                               = 2468347904                                {product} {ergonomic}
   size_t MinHeapDeltaBytes                        = 2097152                                   {product} {ergonomic}
   size_t MinHeapSize                              = 8388608                                   {product} {ergonomic}
    uintx NonNMethodCodeHeapSize                   = 7602480                                {pd product} {ergonomic}
    uintx NonProfiledCodeHeapSize                  = 122027880                              {pd product} {ergonomic}
    uintx ProfiledCodeHeapSize                     = 122027880                              {pd product} {ergonomic}
    uintx ReservedCodeCacheSize                    = 251658240                              {pd product} {ergonomic}
     bool SegmentedCodeCache                       = true                                      {product} {ergonomic}
     bool ShowCodeDetailsInExceptionMessages       = true                                   {manageable} {command line}
   size_t SoftMaxHeapSize                          = 4114612224                             {manageable} {ergonomic}
     bool UseCompressedClassPointers               = true                           {product lp64_product} {ergonomic}
     bool UseCompressedOops                        = true                           {product lp64_product} {ergonomic}
     bool UseG1GC                                  = true                                      {product} {ergonomic}
     bool UseLargePagesIndividualAllocation        = false                                  {pd product} {ergonomic}

Logging:
Log output configuration:
 #0: stdout all=warning uptime,level,tags
 #1: stderr all=off uptime,level,tags

Environment Variables:
JAVA_HOME=C:\Program Files\Java\jdk-17.0.1
PATH=C:\Program Files\Common Files\Oracle\Java\javapath;C:\WINDOWS\system32;C:\WINDOWS;C:\WINDOWS\System32\Wbem;C:\WINDOWS\System32\WindowsPowerShell\v1.0\;C:\WINDOWS\System32\OpenSSH\;C:\Program Files\PuTTY\;C:\Program Files\nodejs\;C:\Program Files\Java\jdk-16.0.1\bin;C:\Program Files\Apache Software Foundation\apache-maven-3.8.1\bin;C:\Program Files\dotnet\;C:\Program Files\HP\HP One Agent;C:\Program Files\Git\cmd;C:\Program Files (x86)\Windows Kits\10\Windows Performance Toolkit\;C:\Users\sampw\AppData\Local\Microsoft\WindowsApps;C:\Users\sampw\AppData\Roaming\npm;C:\Program Files (x86)\mingw-w64\i686-8.1.0-posix-dwarf-rt_v6-rev0\mingw32\bin;C:\Users\sampw\anaconda3;C:\Program Files\heroku\bin;C:\Programs\Program Downloads\ffmpeg-N-102431-gf140239777-win64-gpl-shared\bin;C:\Users\sampw\AppData\Local\Packages\PythonSoftwareFoundation.Python.3.9_qbz5n2kfra8p0\LocalCache\local-packages\Python39\Scripts;C:\Programs\apache-ant-1.10.13\bin;C:\Program Files\Microsoft Visual Studio\2022\Community\Common7\IDE\CommonExtensions\Microsoft\CMake\CMake\bin\;C:\Program Files\JetBrains\IntelliJ IDEA Community Edition 2023.3.2\bin;;C:\Users\sampw\AppData\Local\Programs\Microsoft VS Code\bin
USERNAME=sampw
LANG=en_US.UTF-8
OS=Windows_NT
PROCESSOR_IDENTIFIER=AMD64 Family 23 Model 104 Stepping 1, AuthenticAMD



---------------  S Y S T E M  ---------------

OS:
 Windows 10 , 64 bit Build 22621 (10.0.22621.3672)
OS uptime: 2 days 10:35 hours
Hyper-V role detected

CPU: total 16 (initial active 16) (16 cores per cpu, 2 threads per core) family 23 model 104 stepping 1 microcode 0x0, cx8, cmov, fxsr, ht, mmx, 3dnowpref, sse, sse2, sse3, ssse3, sse4a, sse4.1, sse4.2, popcnt, lzcnt, tsc, tscinvbit, avx, avx2, aes, clmul, bmi1, bmi2, adx, sha, fma, vzeroupper, clflush, clflushopt, hv

Memory: 4k page, system-wide physical 15695M (4492M free)
TotalPageFile size 31391M (AvailPageFile size 15875M)
current process WorkingSet (physical memory assigned to process): 473M, peak: 473M
current process commit charge ("private bytes"): 667M, peak: 669M

vm_info: Java HotSpot(TM) 64-Bit Server VM (17.0.1+12-LTS-39) for windows-amd64 JRE (17.0.1+12-LTS-39), built on Sep 27 2021 18:41:35 by "mach5one" with MS VC++ 16.8 (VS2019)

END.
